---------------------------------------
Resource Usage Report for Top 

Mapping to part: ice40ul1kcm36a
Cell usage:
SB_CARRY        10 uses
SB_DFFER        8 uses
SB_DFFES        8 uses
SB_DFFR         2 uses
SB_DFFS         12 uses
SB_GB           3 uses
SB_PLL40_CORE   1 use
SB_RGBA_DRV     1 use
SB_LUT4         15 uses

I/O ports: 6
I/O primitives: 5
SB_IO          5 uses

I/O Register bits:                  0
Register bits not including I/Os:   30 (2%)

@S |Mapping Summary:
Total  LUTs: 15 (1%)

Distribution of All Consumed LUTs = LUT4 
Distribution of All Consumed Luts 15 = 15 

