INFO: [VRFC 10-2263] Analyzing Verilog file "C:/BachelorProject/VoxLink/Firmware/Vivado/Projects/VoxLink_Controller/MV_test.gen/sources_1/ip/fifo_generator_0/fifo_generator_0_sim_netlist.v" into library xil_defaultlib
INFO: [VRFC 10-311] analyzing module fifo_generator_0
INFO: [VRFC 10-311] analyzing module fifo_generator_0_blk_mem_gen_generic_cstr
INFO: [VRFC 10-311] analyzing module fifo_generator_0_blk_mem_gen_prim_width
INFO: [VRFC 10-311] analyzing module fifo_generator_0_blk_mem_gen_prim_wrapper
INFO: [VRFC 10-311] analyzing module fifo_generator_0_blk_mem_gen_top
INFO: [VRFC 10-311] analyzing module fifo_generator_0_blk_mem_gen_v8_4_8
INFO: [VRFC 10-311] analyzing module fifo_generator_0_blk_mem_gen_v8_4_8_synth
INFO: [VRFC 10-311] analyzing module fifo_generator_0_compare
INFO: [VRFC 10-311] analyzing module fifo_generator_0_compare_0
INFO: [VRFC 10-311] analyzing module fifo_generator_0_compare_1
INFO: [VRFC 10-311] analyzing module fifo_generator_0_compare_2
INFO: [VRFC 10-311] analyzing module fifo_generator_0_dc_ss
INFO: [VRFC 10-311] analyzing module fifo_generator_0_fifo_generator_ramfifo
INFO: [VRFC 10-311] analyzing module fifo_generator_0_fifo_generator_top
INFO: [VRFC 10-311] analyzing module fifo_generator_0_fifo_generator_v13_2_10
INFO: [VRFC 10-311] analyzing module fifo_generator_0_fifo_generator_v13_2_10_synth
INFO: [VRFC 10-311] analyzing module fifo_generator_0_memory
INFO: [VRFC 10-311] analyzing module fifo_generator_0_rd_bin_cntr
INFO: [VRFC 10-311] analyzing module fifo_generator_0_rd_handshaking_flags
INFO: [VRFC 10-311] analyzing module fifo_generator_0_rd_logic
INFO: [VRFC 10-311] analyzing module fifo_generator_0_rd_status_flags_ss
INFO: [VRFC 10-311] analyzing module fifo_generator_0_reset_blk_ramfifo
INFO: [VRFC 10-311] analyzing module fifo_generator_0_updn_cntr
INFO: [VRFC 10-311] analyzing module fifo_generator_0_wr_bin_cntr
INFO: [VRFC 10-311] analyzing module fifo_generator_0_wr_logic
INFO: [VRFC 10-311] analyzing module fifo_generator_0_wr_status_flags_ss
INFO: [VRFC 10-311] analyzing module glbl
INFO: [VRFC 10-2263] Analyzing Verilog file "C:/BachelorProject/VoxLink/Firmware/Vivado/Projects/VoxLink_Controller/VoxLink_Controller.srcs/sources_1/new/MV_UART.v" into library xil_defaultlib
INFO: [VRFC 10-311] analyzing module MV_UART
INFO: [VRFC 10-2263] Analyzing Verilog file "C:/BachelorProject/VoxLink/Firmware/Vivado/Projects/VoxLink_Controller/VoxLink_Controller.srcs/sources_1/new/MV_UART_FIFO_Interface.v" into library xil_defaultlib
INFO: [VRFC 10-311] analyzing module MV_UART_FIFO_Interface
INFO: [VRFC 10-2263] Analyzing Verilog file "C:/BachelorProject/VoxLink/Firmware/Vivado/Projects/VoxLink_Controller/VoxLink_Controller.srcs/sources_1/new/VoxLink_CRC16_Koopman.v" into library xil_defaultlib
INFO: [VRFC 10-311] analyzing module VoxLink_CRC16_Koopman
INFO: [VRFC 10-2263] Analyzing Verilog file "C:/BachelorProject/VoxLink/Firmware/Vivado/Projects/VoxLink_Controller/VoxLink_Controller.srcs/sources_1/new/Vox_Receiver.v" into library xil_defaultlib
INFO: [VRFC 10-311] analyzing module Vox_Receiver
INFO: [VRFC 10-2263] Analyzing Verilog file "C:/BachelorProject/VoxLink/Firmware/Vivado/Projects/VoxLink_Controller/VoxLink_Controller.srcs/sources_1/new/Vox_Testing_Multiplexer.v" into library xil_defaultlib
INFO: [VRFC 10-311] analyzing module Vox_Testing_Multiplexer
INFO: [VRFC 10-2263] Analyzing Verilog file "C:/BachelorProject/VoxLink/Firmware/Vivado/Source/Verilog/Top_VoxLink_Controller.v" into library xil_defaultlib
INFO: [VRFC 10-311] analyzing module Top
INFO: [VRFC 10-2263] Analyzing Verilog file "C:/BachelorProject/VoxLink/Firmware/Lattice/Projects/VoxLink_Protocol/sources/VoxLink_Multinode_Protocol.v" into library xil_defaultlib
INFO: [VRFC 10-311] analyzing module VoxLink_Multinode_Protocol
INFO: [VRFC 10-2263] Analyzing Verilog file "C:/BachelorProject/VoxLink/Firmware/Lattice/Source/Simulation/VoxLink_Protocol_Multinode_TB.v" into library xil_defaultlib
INFO: [VRFC 10-311] analyzing module tb_VoxLink_Multinode_Protocol
