# wallclock_s  TS  Addr  Cmd  CRC  q0 q1 q2 q3  raw_hex
   0.144  TS=  19  Addr=0x001  Cmd=0x02  CRC=0xA7F2  q=(-0.0366,-0.8699,+0.4886,+0.0566)  raw=00101302a9fd54c8461fa003a7f2
   0.208  TS=  20  Addr=0x001  Cmd=0x02  CRC=0x7451  q=(-0.0365,-0.8699,+0.4886,+0.0566)  raw=00101402aafd54c8461f9f037451
   0.224  TS=  19  Addr=0x001  Cmd=0x02  CRC=0x2C10  q=(-0.0365,-0.8698,+0.4887,+0.0566)  raw=00101302aafd55c8471f9f032c10
   0.288  TS=  19  Addr=0x001  Cmd=0x02  CRC=0xD732  q=(-0.0365,-0.8701,+0.4883,+0.0564)  raw=00101302aafd51c8411f9c03d732
   0.320  TS=  20  Addr=0x001  Cmd=0x02  CRC=0x60D9  q=(-0.0366,-0.8696,+0.4891,+0.0565)  raw=00101402a9fd58c84d1f9d0360d9
   0.352  TS=  20  Addr=0x001  Cmd=0x02  CRC=0x0589  q=(-0.0367,-0.8698,+0.4888,+0.0563)  raw=00101402a7fd55c8481f9b030589
   0.384  TS=  20  Addr=0x001  Cmd=0x02  CRC=0x29DA  q=(-0.0368,-0.8694,+0.4895,+0.0564)  raw=00101402a5fd5cc8541f9c0329da
   0.416  TS=  20  Addr=0x001  Cmd=0x02  CRC=0x732C  q=(-0.0368,-0.8699,+0.4887,+0.0562)  raw=00101402a5fd54c8471f9903732c
   0.448  TS=  19  Addr=0x001  Cmd=0x02  CRC=0xE333  q=(-0.0368,-0.8695,+0.4893,+0.0563)  raw=00101302a5fd5ac8511f9a03e333
   0.480  TS=  19  Addr=0x001  Cmd=0x02  CRC=0xA7FE  q=(-0.0368,-0.8696,+0.4893,+0.0563)  raw=00101302a5fd59c8501f9a03a7fe
   0.512  TS=  19  Addr=0x001  Cmd=0x02  CRC=0x2BF9  q=(-0.0369,-0.8697,+0.4890,+0.0562)  raw=00101302a4fd57c84b1f99032bf9
   0.544  TS=  20  Addr=0x001  Cmd=0x02  CRC=0xA704  q=(-0.0369,-0.8693,+0.4896,+0.0563)  raw=00101402a4fd5dc8561f9b03a704
   0.576  TS=  20  Addr=0x001  Cmd=0x02  CRC=0x18EB  q=(-0.0369,-0.8695,+0.4893,+0.0562)  raw=00101402a4fd5ac8511f980318eb
   0.608  TS=  19  Addr=0x001  Cmd=0x02  CRC=0x589A  q=(-0.0369,-0.8693,+0.4897,+0.0561)  raw=00101302a3fd5dc8571f9703589a
   0.640  TS=  20  Addr=0x001  Cmd=0x02  CRC=0xFA63  q=(-0.0369,-0.8693,+0.4897,+0.0561)  raw=00101402a3fd5dc8571f9703fa63
   0.672  TS=  20  Addr=0x001  Cmd=0x02  CRC=0x1744  q=(-0.0369,-0.8696,+0.4891,+0.0562)  raw=00101402a4fd58c84e1f98031744
   0.704  TS=  20  Addr=0x001  Cmd=0x02  CRC=0xC439  q=(-0.0369,-0.8694,+0.4895,+0.0562)  raw=00101402a4fd5cc8541f9903c439
   0.720  TS=  20  Addr=0x001  Cmd=0x02  CRC=0x0A50  q=(-0.0369,-0.8695,+0.4893,+0.0562)  raw=00101402a3fd5ac8511f99030a50
   0.736  TS=  20  Addr=0x001  Cmd=0x02  CRC=0x0A50  q=(-0.0369,-0.8695,+0.4893,+0.0562)  raw=00101402a3fd5ac8511f99030a50
   0.752  TS=  20  Addr=0x001  Cmd=0x02  CRC=0x95B2  q=(-0.0369,-0.8693,+0.4896,+0.0562)  raw=00101402a3fd5dc8561f990395b2
   0.768  TS=  20  Addr=0x001  Cmd=0x02  CRC=0x0F5D  q=(-0.0369,-0.8616,+0.4895,+0.0562)  raw=00101402a3fddbc8541f98030f5d
   0.784  TS=  20  Addr=0x001  Cmd=0x02  CRC=0x76BB  q=(-0.0369,-0.8694,+0.4895,+0.0561)  raw=00101402a3fd5cc8541f970376bb
   0.800  TS=  19  Addr=0x001  Cmd=0x02  CRC=0x589A  q=(-0.0369,-0.8693,+0.4897,+0.0561)  raw=00101302a3fd5dc8571f9703589a
   0.832  TS=  20  Addr=0x001  Cmd=0x02  CRC=0xF403  q=(-0.0369,-0.8694,+0.4896,+0.0560)  raw=00101402a3fd5cc8561f9603f403
   0.864  TS=  19  Addr=0x001  Cmd=0x02  CRC=0x63AA  q=(-0.0369,-0.8693,+0.4896,+0.0561)  raw=00101302a3fd5dc8561f970363aa
   0.896  TS=  20  Addr=0x001  Cmd=0x02  CRC=0xD682  q=(-0.0369,-0.8694,+0.4895,+0.0562)  raw=00101402a3fd5cc8541f9803d682
   0.928  TS=  20  Addr=0x001  Cmd=0x02  CRC=0xEDB2  q=(-0.0369,-0.8694,+0.4896,+0.0562)  raw=00101402a3fd5cc8551f9803edb2
   0.960  TS=  19  Addr=0x001  Cmd=0x02  CRC=0x747B  q=(-0.0369,-0.8694,+0.4895,+0.0562)  raw=00101302a3fd5cc8541f9803747b
   0.992  TS=  19  Addr=0x001  Cmd=0x02  CRC=0x63AA  q=(-0.0369,-0.8693,+0.4896,+0.0561)  raw=00101302a3fd5dc8561f970363aa
   1.008  TS=  20  Addr=0x001  Cmd=0x02  CRC=0xFA63  q=(-0.0369,-0.8693,+0.4897,+0.0561)  raw=00101402a3fd5dc8571f9703fa63
   1.040  TS=  19  Addr=0x001  Cmd=0x02  CRC=0x6212  q=(-0.0369,-0.8693,+0.4897,+0.0561)  raw=00101302a3fd5ec8581f97036212
   1.060  TS=  20  Addr=0x001  Cmd=0x02  CRC=0xB23E  q=(-0.0369,-0.8693,+0.4897,+0.0483)  raw=00101402a3fd5ec8581f1703b23e
   1.088  TS=  19  Addr=0x001  Cmd=0x02  CRC=0xF91B  q=(-0.0369,-0.8693,+0.4898,+0.0562)  raw=00101302a3fd5ec8591f9803f91b
   1.120  TS=  20  Addr=0x001  Cmd=0x02  CRC=0x25A7  q=(-0.0369,-0.8693,+0.4897,+0.0562)  raw=00101402a3fd5ec8571f980325a7
   1.136  TS=  20  Addr=0x001  Cmd=0x02  CRC=0xAE82  q=(-0.0369,-0.8693,+0.4897,+0.0562)  raw=00101402a3fd5dc8571f9903ae82
   1.152  TS=  20  Addr=0x001  Cmd=0x02  CRC=0x73D1  q=(-0.0369,-0.8693,+0.4896,+0.0562)  raw=00101402a4fd5dc8561f990373d1
   1.185  TS=  19  Addr=0x001  Cmd=0x02  CRC=0x66C0  q=(-0.0369,-0.8694,+0.4895,+0.0562)  raw=00101302a4fd5cc8541f990366c0
   1.216  TS=  19  Addr=0x001  Cmd=0x02  CRC=0x25F0  q=(-0.0369,-0.8693,+0.4896,+0.0562)  raw=00101302a4fd5dc8561f980325f0
   1.248  TS=  20  Addr=0x001  Cmd=0x02  CRC=0x5A5A  q=(-0.0369,-0.8693,+0.4897,+0.0562)  raw=00101402a3fd5dc8571f98035a5a
   1.280  TS=  20  Addr=0x001  Cmd=0x02  CRC=0x1C00  q=(-0.0369,-0.8693,+0.4897,+0.0561)  raw=00101402a4fd5dc8571f97031c00
   1.312  TS=  20  Addr=0x001  Cmd=0x02  CRC=0xBC39  q=(-0.0369,-0.8693,+0.4897,+0.0562)  raw=00101402a4fd5dc8571f9803bc39
   1.344  TS=  20  Addr=0x001  Cmd=0x02  CRC=0x4681  q=(-0.0369,-0.8694,+0.4896,+0.0562)  raw=00101402a4fd5cc8561f98034681
   1.376  TS=  20  Addr=0x001  Cmd=0x02  CRC=0x0BD1  q=(-0.0369,-0.8694,+0.4896,+0.0562)  raw=00101402a4fd5cc8551f98030bd1
   1.408  TS=  19  Addr=0x001  Cmd=0x02  CRC=0x66C0  q=(-0.0369,-0.8694,+0.4895,+0.0562)  raw=00101302a4fd5cc8541f990366c0
   1.440  TS=  20  Addr=0x001  Cmd=0x02  CRC=0xFA4B  q=(-0.0369,-0.8694,+0.4895,+0.0562)  raw=00101402a4fd5bc8541f9903fa4b
   1.472  TS=  19  Addr=0x001  Cmd=0x02  CRC=0x5DF0  q=(-0.0369,-0.8694,+0.4896,+0.0562)  raw=00101302a4fd5cc8551f99035df0
   1.488  TS=  20  Addr=0x001  Cmd=0x02  CRC=0xFF09  q=(-0.0369,-0.8694,+0.4896,+0.0562)  raw=00101402a4fd5cc8551f9903ff09
   1.504  TS=  20  Addr=0x001  Cmd=0x02  CRC=0x73D1  q=(-0.0369,-0.8693,+0.4896,+0.0562)  raw=00101402a4fd5dc8561f990373d1
   1.536  TS=  19  Addr=0x001  Cmd=0x02  CRC=0xD128  q=(-0.0369,-0.8693,+0.4896,+0.0562)  raw=00101302a4fd5dc8561f9903d128
   1.552  TS=  20  Addr=0x001  Cmd=0x02  CRC=0x73D1  q=(-0.0369,-0.8693,+0.4896,+0.0562)  raw=00101402a4fd5dc8561f990373d1
   1.568  TS=  20  Addr=0x001  Cmd=0x02  CRC=0xFF09  q=(-0.0369,-0.8694,+0.4896,+0.0562)  raw=00101402a4fd5cc8551f9903ff09
   1.584  TS=  20  Addr=0x001  Cmd=0x02  CRC=0xFF09  q=(-0.0369,-0.8694,+0.4896,+0.0562)  raw=00101402a4fd5cc8551f9903ff09
   1.616  TS=  19  Addr=0x001  Cmd=0x02  CRC=0x46CD  q=(-0.0369,-0.8694,+0.4895,+0.0563)  raw=00101302a4fd5cc8541f9a0346cd
   1.648  TS=  19  Addr=0x001  Cmd=0x02  CRC=0x78BF  q=(-0.0369,-0.8694,+0.4895,+0.0563)  raw=00101302a4fd5bc8541f9a0378bf
   1.680  TS=  20  Addr=0x001  Cmd=0x02  CRC=0xDF04  q=(-0.0369,-0.8694,+0.4896,+0.0563)  raw=00101402a4fd5cc8551f9a03df04
   1.712  TS=  20  Addr=0x001  Cmd=0x02  CRC=0x48E1  q=(-0.0369,-0.8693,+0.4897,+0.0562)  raw=00101402a4fd5dc8571f990348e1
   1.744  TS=  19  Addr=0x001  Cmd=0x02  CRC=0xEA18  q=(-0.0369,-0.8693,+0.4897,+0.0562)  raw=00101302a4fd5dc8571f9903ea18
   1.776  TS=  20  Addr=0x001  Cmd=0x02  CRC=0xD17F  q=(-0.0369,-0.8693,+0.4897,+0.0562)  raw=00101402a3fd5ec8571f9903d17f
   1.808  TS=  20  Addr=0x001  Cmd=0x02  CRC=0x73D1  q=(-0.0369,-0.8693,+0.4896,+0.0562)  raw=00101402a4fd5dc8561f990373d1
   1.840  TS=  19  Addr=0x001  Cmd=0x02  CRC=0xD128  q=(-0.0369,-0.8693,+0.4896,+0.0562)  raw=00101302a4fd5dc8561f9903d128
   1.872  TS=  20  Addr=0x001  Cmd=0x02  CRC=0x53DC  q=(-0.0369,-0.8693,+0.4896,+0.0563)  raw=00101402a4fd5dc8561f9a0353dc
   1.904  TS=  20  Addr=0x001  Cmd=0x02  CRC=0x449F  q=(-0.0369,-0.8693,+0.4974,+0.0563)  raw=00101402a4fd5dc8d61f9a03449f
   1.936  TS=  19  Addr=0x001  Cmd=0x02  CRC=0xF125  q=(-0.0369,-0.8693,+0.4896,+0.0563)  raw=00101302a4fd5dc8561f9a03f125
   1.968  TS=  19  Addr=0x001  Cmd=0x02  CRC=0x05FD  q=(-0.0369,-0.8693,+0.4896,+0.0563)  raw=00101302a4fd5dc8561f9b0305fd
   2.000  TS=  19  Addr=0x001  Cmd=0x02  CRC=0xD8AE  q=(-0.0369,-0.8693,+0.4897,+0.0563)  raw=00101302a3fd5dc8571f9b03d8ae
   2.032  TS=  20  Addr=0x001  Cmd=0x02  CRC=0x40DF  q=(-0.0369,-0.8693,+0.4897,+0.0563)  raw=00101402a3fd5ec8581f9b0340df
   2.064  TS=  19  Addr=0x001  Cmd=0x02  CRC=0x3ECD  q=(-0.0369,-0.8693,+0.4897,+0.0563)  raw=00101302a4fd5dc8571f9b033ecd
   2.096  TS=  20  Addr=0x001  Cmd=0x02  CRC=0xE3C9  q=(-0.0369,-0.8693,+0.4897,+0.0563)  raw=00101402a4fd5ec8571f9b03e3c9
   2.128  TS=  20  Addr=0x001  Cmd=0x02  CRC=0x570B  q=(-0.0369,-0.8693,+0.4897,+0.0564)  raw=00101402a4fd5ec8571f9c03570b
   2.160  TS=  20  Addr=0x001  Cmd=0x02  CRC=0x127E  q=(-0.0369,-0.8693,+0.4897,+0.0564)  raw=00101402a4fd5ec8581f9c03127e
   2.192  TS=  19  Addr=0x001  Cmd=0x02  CRC=0x076F  q=(-0.0369,-0.8692,+0.4899,+0.0564)  raw=00101302a4fd5fc85a1f9c03076f
   2.224  TS=  19  Addr=0x001  Cmd=0x02  CRC=0xFEFD  q=(-0.0369,-0.8692,+0.4898,+0.0563)  raw=00101302a4fd5fc8591f9b03fefd
   2.256  TS=  20  Addr=0x001  Cmd=0x02  CRC=0x5C04  q=(-0.0369,-0.8692,+0.4898,+0.0563)  raw=00101402a4fd5fc8591f9b035c04
   2.288  TS=  20  Addr=0x001  Cmd=0x02  CRC=0x1078  q=(-0.0368,-0.8693,+0.4898,+0.0563)  raw=00101402a5fd5ec8591f9b031078
   2.320  TS=  20  Addr=0x001  Cmd=0x02  CRC=0x2B48  q=(-0.0368,-0.8693,+0.4897,+0.0563)  raw=00101402a5fd5ec8581f9b032b48
   2.352  TS=  19  Addr=0x001  Cmd=0x02  CRC=0x3E59  q=(-0.0368,-0.8692,+0.4899,+0.0563)  raw=00101302a5fd5fc85a1f9b033e59
   2.384  TS=  20  Addr=0x001  Cmd=0x02  CRC=0xD1F0  q=(-0.0368,-0.8692,+0.4898,+0.0563)  raw=00101402a5fd5fc8591f9b03d1f0
   2.416  TS=  19  Addr=0x001  Cmd=0x02  CRC=0x87D1  q=(-0.0368,-0.8692,+0.4898,+0.0563)  raw=00101302a5fd5fc8591f9a0387d1
   2.448  TS=  20  Addr=0x001  Cmd=0x02  CRC=0x4875  q=(-0.0368,-0.8692,+0.4899,+0.0562)  raw=00101402a5fd5fc85a1f99034875
   2.480  TS=  20  Addr=0x001  Cmd=0x02  CRC=0x4875  q=(-0.0368,-0.8692,+0.4899,+0.0562)  raw=00101402a5fd5fc85a1f99034875
   2.512  TS=  19  Addr=0x001  Cmd=0x02  CRC=0x213B  q=(-0.0368,-0.8691,+0.4899,+0.0562)  raw=00101302a5fd60c85b1f9903213b
   2.544  TS=  20  Addr=0x001  Cmd=0x02  CRC=0x7345  q=(-0.0368,-0.8692,+0.4899,+0.0562)  raw=00101402a5fd5fc85b1f99037345
   2.576  TS=  20  Addr=0x001  Cmd=0x02  CRC=0x771A  q=(-0.0368,-0.8691,+0.4899,+0.0562)  raw=00101402a5fd60c85b1f9803771a
   2.608  TS=  19  Addr=0x001  Cmd=0x02  CRC=0x7473  q=(-0.0368,-0.8691,+0.4900,+0.0562)  raw=00101302a5fd60c85c1f98037473
   2.640  TS=  19  Addr=0x001  Cmd=0x02  CRC=0x2EF2  q=(-0.0368,-0.8691,+0.4901,+0.0561)  raw=00101302a5fd61c85d1f97032ef2
   2.672  TS=  20  Addr=0x001  Cmd=0x02  CRC=0x6162  q=(-0.0368,-0.8691,+0.4901,+0.0562)  raw=00101402a5fd61c85e1f98036162
   2.704  TS=  19  Addr=0x001  Cmd=0x02  CRC=0x8ECB  q=(-0.0368,-0.8691,+0.4901,+0.0562)  raw=00101302a5fd61c85d1f98038ecb
   2.736  TS=  20  Addr=0x001  Cmd=0x02  CRC=0x7DF3  q=(-0.0367,-0.8691,+0.4900,+0.0562)  raw=00101402a6fd60c85c1f98037df3
   2.768  TS=  20  Addr=0x001  Cmd=0x02  CRC=0x892B  q=(-0.0367,-0.8691,+0.4900,+0.0562)  raw=00101402a6fd60c85c1f9903892b
   2.800  TS=  19  Addr=0x001  Cmd=0x02  CRC=0x2BD2  q=(-0.0367,-0.8691,+0.4900,+0.0562)  raw=00101302a6fd60c85c1f99032bd2
   2.832  TS=  20  Addr=0x001  Cmd=0x02  CRC=0x892B  q=(-0.0367,-0.8691,+0.4900,+0.0562)  raw=00101402a6fd60c85c1f9903892b
   2.864  TS=  19  Addr=0x001  Cmd=0x02  CRC=0x0BDF  q=(-0.0367,-0.8691,+0.4900,+0.0563)  raw=00101302a6fd60c85c1f9a030bdf
   2.896  TS=  19  Addr=0x001  Cmd=0x02  CRC=0x0BDF  q=(-0.0367,-0.8691,+0.4900,+0.0563)  raw=00101302a6fd60c85c1f9a030bdf
   2.928  TS=  19  Addr=0x001  Cmd=0x02  CRC=0x0BDF  q=(-0.0367,-0.8691,+0.4900,+0.0563)  raw=00101302a6fd60c85c1f9a030bdf
   2.960  TS=  19  Addr=0x001  Cmd=0x02  CRC=0x5AC8  q=(-0.0367,-0.8692,+0.4899,+0.0563)  raw=00101302a6fd5fc85b1f9a035ac8
   2.991  TS=  20  Addr=0x001  Cmd=0x02  CRC=0xC301  q=(-0.0367,-0.8692,+0.4899,+0.0563)  raw=00101402a6fd5fc85a1f9a03c301
   3.024  TS=  20  Addr=0x001  Cmd=0x02  CRC=0xC301  q=(-0.0367,-0.8692,+0.4899,+0.0563)  raw=00101402a6fd5fc85a1f9a03c301
   3.056  TS=  20  Addr=0x001  Cmd=0x02  CRC=0xB1D4  q=(-0.0367,-0.8692,+0.4899,+0.0485)  raw=00101402a6fd5fc85a1f1a03b1d4
   3.088  TS=  19  Addr=0x001  Cmd=0x02  CRC=0xCD2D  q=(-0.0367,-0.8693,+0.4898,+0.0562)  raw=00101302a6fd5ec8591f9903cd2d
   3.104  TS=  20  Addr=0x001  Cmd=0x02  CRC=0xC301  q=(-0.0367,-0.8692,+0.4899,+0.0563)  raw=00101402a6fd5fc85a1f9a03c301
   3.119  TS=  20  Addr=0x001  Cmd=0x02  CRC=0x4EF5  q=(-0.0367,-0.8692,+0.4899,+0.0563)  raw=00101402a7fd5fc85a1f9a034ef5
   3.136  TS=  20  Addr=0x001  Cmd=0x02  CRC=0x4EF5  q=(-0.0367,-0.8692,+0.4899,+0.0563)  raw=00101402a7fd5fc85a1f9a034ef5
   3.151  TS=  19  Addr=0x001  Cmd=0x02  CRC=0xD73C  q=(-0.0367,-0.8692,+0.4899,+0.0563)  raw=00101302a7fd5fc85b1f9a03d73c
   3.168  TS=  20  Addr=0x001  Cmd=0x02  CRC=0x4EF5  q=(-0.0367,-0.8692,+0.4899,+0.0563)  raw=00101402a7fd5fc85a1f9a034ef5
   3.184  TS=  20  Addr=0x001  Cmd=0x02  CRC=0x75C5  q=(-0.0367,-0.8692,+0.4899,+0.0563)  raw=00101402a7fd5fc85b1f9a0375c5
   3.216  TS=  19  Addr=0x001  Cmd=0x02  CRC=0xEC0C  q=(-0.0367,-0.8692,+0.4899,+0.0563)  raw=00101302a7fd5fc85a1f9a03ec0c
   3.247  TS=  20  Addr=0x001  Cmd=0x02  CRC=0xFC6E  q=(-0.0367,-0.8691,+0.4899,+0.0563)  raw=00101402a6fd60c85b1f9b03fc6e
   3.263  TS=  20  Addr=0x001  Cmd=0x02  CRC=0x0CE9  q=(-0.0367,-0.8692,+0.4899,+0.0563)  raw=00101402a6fd5fc85b1f9b030ce9
   3.279  TS=  20  Addr=0x001  Cmd=0x02  CRC=0x0CE9  q=(-0.0367,-0.8692,+0.4899,+0.0563)  raw=00101402a6fd5fc85b1f9b030ce9
   3.296  TS=  19  Addr=0x001  Cmd=0x02  CRC=0x5E97  q=(-0.0367,-0.8691,+0.4899,+0.0563)  raw=00101302a6fd60c85b1f9b035e97
   3.312  TS=  19  Addr=0x001  Cmd=0x02  CRC=0xAE10  q=(-0.0367,-0.8692,+0.4899,+0.0563)  raw=00101302a6fd5fc85b1f9b03ae10
   3.344  TS=  20  Addr=0x001  Cmd=0x02  CRC=0xFC6E  q=(-0.0367,-0.8691,+0.4899,+0.0563)  raw=00101402a6fd60c85b1f9b03fc6e
   3.376  TS=  20  Addr=0x001  Cmd=0x02  CRC=0x0CE9  q=(-0.0367,-0.8692,+0.4899,+0.0563)  raw=00101402a6fd5fc85b1f9b030ce9
   3.408  TS=  20  Addr=0x001  Cmd=0x02  CRC=0x0CE9  q=(-0.0367,-0.8692,+0.4899,+0.0563)  raw=00101402a6fd5fc85b1f9b030ce9
   3.439  TS=  19  Addr=0x001  Cmd=0x02  CRC=0xAA4F  q=(-0.0367,-0.8691,+0.4899,+0.0563)  raw=00101302a6fd60c85b1f9a03aa4f
   3.471  TS=  20  Addr=0x001  Cmd=0x02  CRC=0x0CE9  q=(-0.0367,-0.8692,+0.4899,+0.0563)  raw=00101402a6fd5fc85b1f9b030ce9
   3.503  TS=  20  Addr=0x001  Cmd=0x02  CRC=0x0CE9  q=(-0.0367,-0.8692,+0.4899,+0.0563)  raw=00101402a6fd5fc85b1f9b030ce9
   3.535  TS=  20  Addr=0x001  Cmd=0x02  CRC=0xFC6E  q=(-0.0367,-0.8691,+0.4899,+0.0563)  raw=00101402a6fd60c85b1f9b03fc6e
   3.568  TS=  19  Addr=0x001  Cmd=0x02  CRC=0x23E4  q=(-0.0367,-0.8692,+0.4899,+0.0563)  raw=00101302a7fd5fc85b1f9b0323e4
   3.600  TS=  20  Addr=0x001  Cmd=0x02  CRC=0x811D  q=(-0.0367,-0.8692,+0.4899,+0.0563)  raw=00101402a7fd5fc85b1f9b03811d
   3.631  TS=  20  Addr=0x001  Cmd=0x02  CRC=0xC975  q=(-0.0445,-0.8692,+0.4899,+0.0563)  raw=0010140227fd5fc85b1f9b03c975
   3.663  TS=  19  Addr=0x001  Cmd=0x02  CRC=0x18D4  q=(-0.0367,-0.8692,+0.4899,+0.0563)  raw=00101302a7fd5fc85a1f9b0318d4
   3.695  TS=  20  Addr=0x001  Cmd=0x02  CRC=0x811D  q=(-0.0367,-0.8692,+0.4899,+0.0563)  raw=00101402a7fd5fc85b1f9b03811d
   3.728  TS=  20  Addr=0x001  Cmd=0x02  CRC=0xBA2D  q=(-0.0367,-0.8692,+0.4899,+0.0563)  raw=00101402a7fd5fc85a1f9b03ba2d
   3.760  TS=  19  Addr=0x001  Cmd=0x02  CRC=0x23E4  q=(-0.0367,-0.8692,+0.4899,+0.0563)  raw=00101302a7fd5fc85b1f9b0323e4
   3.792  TS=  19  Addr=0x001  Cmd=0x02  CRC=0xD363  q=(-0.0367,-0.8691,+0.4899,+0.0563)  raw=00101302a7fd60c85b1f9b03d363
   3.823  TS=  20  Addr=0x001  Cmd=0x02  CRC=0x35DF  q=(-0.0367,-0.8692,+0.4899,+0.0564)  raw=00101402a7fd5fc85b1f9c0335df
   3.856  TS=  20  Addr=0x001  Cmd=0x02  CRC=0xC558  q=(-0.0367,-0.8691,+0.4899,+0.0564)  raw=00101402a7fd60c85b1f9c03c558
   3.888  TS=  20  Addr=0x001  Cmd=0x02  CRC=0x35DF  q=(-0.0367,-0.8692,+0.4899,+0.0564)  raw=00101402a7fd5fc85b1f9c0335df
   3.920  TS=  20  Addr=0x001  Cmd=0x02  CRC=0xED74  q=(-0.0367,-0.8692,+0.4977,+0.0565)  raw=00101402a7fd5fc8da1f9d03ed74
   3.951  TS=  20  Addr=0x001  Cmd=0x02  CRC=0x3180  q=(-0.0367,-0.8691,+0.4899,+0.0565)  raw=00101402a7fd60c85b1f9d033180
   3.983  TS=  20  Addr=0x001  Cmd=0x02  CRC=0x3180  q=(-0.0367,-0.8691,+0.4899,+0.0565)  raw=00101402a7fd60c85b1f9d033180
   4.015  TS=  19  Addr=0x001  Cmd=0x02  CRC=0x9379  q=(-0.0367,-0.8691,+0.4899,+0.0565)  raw=00101302a7fd60c85b1f9d039379
   4.047  TS=  20  Addr=0x001  Cmd=0x02  CRC=0xC107  q=(-0.0367,-0.8692,+0.4899,+0.0565)  raw=00101402a7fd5fc85b1f9d03c107
   4.079  TS=  20  Addr=0x001  Cmd=0x02  CRC=0xFA37  q=(-0.0367,-0.8692,+0.4899,+0.0565)  raw=00101402a7fd5fc85a1f9d03fa37
   4.111  TS=  19  Addr=0x001  Cmd=0x02  CRC=0x9379  q=(-0.0367,-0.8691,+0.4899,+0.0565)  raw=00101302a7fd60c85b1f9d039379
   4.143  TS=  20  Addr=0x001  Cmd=0x02  CRC=0x3180  q=(-0.0367,-0.8691,+0.4899,+0.0565)  raw=00101402a7fd60c85b1f9d033180
   4.175  TS=  20  Addr=0x001  Cmd=0x02  CRC=0x3180  q=(-0.0367,-0.8691,+0.4899,+0.0565)  raw=00101402a7fd60c85b1f9d033180
   4.207  TS=  20  Addr=0x001  Cmd=0x02  CRC=0xD62D  q=(-0.0367,-0.8613,+0.4899,+0.0565)  raw=00101402a7fde0c85b1f9d03d62d
   4.239  TS=  19  Addr=0x001  Cmd=0x02  CRC=0x9379  q=(-0.0367,-0.8691,+0.4899,+0.0565)  raw=00101302a7fd60c85b1f9d039379
   4.271  TS=  20  Addr=0x001  Cmd=0x02  CRC=0x3180  q=(-0.0367,-0.8691,+0.4899,+0.0565)  raw=00101402a7fd60c85b1f9d033180
   4.303  TS=  19  Addr=0x001  Cmd=0x02  CRC=0x9379  q=(-0.0367,-0.8691,+0.4899,+0.0565)  raw=00101302a7fd60c85b1f9d039379
   4.335  TS=  19  Addr=0x001  Cmd=0x02  CRC=0x9379  q=(-0.0367,-0.8691,+0.4899,+0.0565)  raw=00101302a7fd60c85b1f9d039379
   4.367  TS=  20  Addr=0x001  Cmd=0x02  CRC=0x3180  q=(-0.0367,-0.8691,+0.4899,+0.0565)  raw=00101402a7fd60c85b1f9d033180
   4.399  TS=  20  Addr=0x001  Cmd=0x02  CRC=0x3180  q=(-0.0367,-0.8691,+0.4899,+0.0565)  raw=00101402a7fd60c85b1f9d033180
   4.431  TS=  19  Addr=0x001  Cmd=0x02  CRC=0x9379  q=(-0.0367,-0.8691,+0.4899,+0.0565)  raw=00101302a7fd60c85b1f9d039379
   4.463  TS=  19  Addr=0x001  Cmd=0x02  CRC=0x32E9  q=(-0.0367,-0.8691,+0.4900,+0.0565)  raw=00101302a7fd60c85c1f9d0332e9
   4.495  TS=  20  Addr=0x001  Cmd=0x02  CRC=0xEC47  q=(-0.0366,-0.8691,+0.4900,+0.0565)  raw=00101402a8fd60c85c1f9d03ec47
   4.527  TS=  19  Addr=0x001  Cmd=0x02  CRC=0x4EBE  q=(-0.0366,-0.8691,+0.4900,+0.0565)  raw=00101302a8fd60c85c1f9d034ebe
   4.559  TS=  20  Addr=0x001  Cmd=0x02  CRC=0x9010  q=(-0.0367,-0.8691,+0.4900,+0.0565)  raw=00101402a7fd60c85c1f9d039010
   4.591  TS=  20  Addr=0x001  Cmd=0x02  CRC=0x9010  q=(-0.0367,-0.8691,+0.4900,+0.0565)  raw=00101402a7fd60c85c1f9d039010
   4.623  TS=  19  Addr=0x001  Cmd=0x02  CRC=0x9379  q=(-0.0367,-0.8691,+0.4899,+0.0565)  raw=00101302a7fd60c85b1f9d039379
   4.655  TS=  20  Addr=0x001  Cmd=0x02  CRC=0x3180  q=(-0.0367,-0.8691,+0.4899,+0.0565)  raw=00101402a7fd60c85b1f9d033180
   4.687  TS=  19  Addr=0x001  Cmd=0x02  CRC=0x9379  q=(-0.0367,-0.8691,+0.4899,+0.0565)  raw=00101302a7fd60c85b1f9d039379
   4.720  TS=  20  Addr=0x001  Cmd=0x02  CRC=0x3180  q=(-0.0367,-0.8691,+0.4899,+0.0565)  raw=00101402a7fd60c85b1f9d033180
   4.751  TS=  20  Addr=0x001  Cmd=0x02  CRC=0xFA37  q=(-0.0367,-0.8692,+0.4899,+0.0565)  raw=00101402a7fd5fc85a1f9d03fa37
   4.767  TS=  20  Addr=0x001  Cmd=0x02  CRC=0x1D9A  q=(-0.0367,-0.8614,+0.4899,+0.0565)  raw=00101402a7fddfc85a1f9d031d9a
   4.783  TS=  20  Addr=0x001  Cmd=0x02  CRC=0xFA37  q=(-0.0367,-0.8692,+0.4899,+0.0565)  raw=00101402a7fd5fc85a1f9d03fa37
   4.799  TS=  20  Addr=0x001  Cmd=0x02  CRC=0xFA37  q=(-0.0367,-0.8692,+0.4899,+0.0565)  raw=00101402a7fd5fc85a1f9d03fa37
   4.832  TS=  20  Addr=0x001  Cmd=0x02  CRC=0xFA37  q=(-0.0367,-0.8692,+0.4899,+0.0565)  raw=00101402a7fd5fc85a1f9d03fa37
   4.863  TS=  19  Addr=0x001  Cmd=0x02  CRC=0x58CE  q=(-0.0367,-0.8692,+0.4899,+0.0565)  raw=00101302a7fd5fc85a1f9d0358ce
   4.879  TS=  20  Addr=0x001  Cmd=0x02  CRC=0xFA37  q=(-0.0367,-0.8692,+0.4899,+0.0565)  raw=00101402a7fd5fc85a1f9d03fa37
   4.895  TS=  19  Addr=0x001  Cmd=0x02  CRC=0x58CE  q=(-0.0367,-0.8692,+0.4899,+0.0565)  raw=00101302a7fd5fc85a1f9d0358ce
   4.912  TS=  20  Addr=0x001  Cmd=0x02  CRC=0xFA37  q=(-0.0367,-0.8692,+0.4899,+0.0565)  raw=00101402a7fd5fc85a1f9d03fa37
   4.927  TS=  19  Addr=0x001  Cmd=0x02  CRC=0x58CE  q=(-0.0367,-0.8692,+0.4899,+0.0565)  raw=00101302a7fd5fc85a1f9d0358ce
   4.943  TS=  20  Addr=0x001  Cmd=0x02  CRC=0xFA37  q=(-0.0367,-0.8692,+0.4899,+0.0565)  raw=00101402a7fd5fc85a1f9d03fa37
   4.959  TS=  20  Addr=0x001  Cmd=0x02  CRC=0xFA37  q=(-0.0367,-0.8692,+0.4899,+0.0565)  raw=00101402a7fd5fc85a1f9d03fa37
   4.975  TS=  20  Addr=0x001  Cmd=0x02  CRC=0xFA37  q=(-0.0367,-0.8692,+0.4899,+0.0565)  raw=00101402a7fd5fc85a1f9d03fa37
   5.008  TS=  20  Addr=0x001  Cmd=0x02  CRC=0xFA37  q=(-0.0367,-0.8692,+0.4899,+0.0565)  raw=00101402a7fd5fc85a1f9d03fa37
   5.023  TS=  19  Addr=0x001  Cmd=0x02  CRC=0x58CE  q=(-0.0367,-0.8692,+0.4899,+0.0565)  raw=00101302a7fd5fc85a1f9d0358ce
   5.039  TS=  19  Addr=0x001  Cmd=0x02  CRC=0x58CE  q=(-0.0367,-0.8692,+0.4899,+0.0565)  raw=00101302a7fd5fc85a1f9d0358ce
   5.055  TS=  20  Addr=0x001  Cmd=0x02  CRC=0x88E2  q=(-0.0367,-0.8692,+0.4899,+0.0486)  raw=00101402a7fd5fc85a1f1d0388e2
   5.071  TS=  19  Addr=0x001  Cmd=0x02  CRC=0x58CE  q=(-0.0367,-0.8692,+0.4899,+0.0565)  raw=00101302a7fd5fc85a1f9d0358ce
   5.103  TS=  20  Addr=0x001  Cmd=0x02  CRC=0xFA37  q=(-0.0367,-0.8692,+0.4899,+0.0565)  raw=00101402a7fd5fc85a1f9d03fa37
   5.135  TS=  20  Addr=0x001  Cmd=0x02  CRC=0xFA37  q=(-0.0367,-0.8692,+0.4899,+0.0565)  raw=00101402a7fd5fc85a1f9d03fa37
   5.167  TS=  19  Addr=0x001  Cmd=0x02  CRC=0x58CE  q=(-0.0367,-0.8692,+0.4899,+0.0565)  raw=00101302a7fd5fc85a1f9d0358ce
   5.199  TS=  20  Addr=0x001  Cmd=0x02  CRC=0xFA37  q=(-0.0367,-0.8692,+0.4899,+0.0565)  raw=00101402a7fd5fc85a1f9d03fa37
   5.231  TS=  20  Addr=0x001  Cmd=0x02  CRC=0xFA37  q=(-0.0367,-0.8692,+0.4899,+0.0565)  raw=00101402a7fd5fc85a1f9d03fa37
   5.263  TS=  19  Addr=0x001  Cmd=0x02  CRC=0x58CE  q=(-0.0367,-0.8692,+0.4899,+0.0565)  raw=00101302a7fd5fc85a1f9d0358ce
   5.295  TS=  20  Addr=0x001  Cmd=0x02  CRC=0x0EEF  q=(-0.0367,-0.8692,+0.4899,+0.0564)  raw=00101402a7fd5fc85a1f9c030eef
   5.327  TS=  20  Addr=0x001  Cmd=0x02  CRC=0x35DF  q=(-0.0367,-0.8692,+0.4899,+0.0564)  raw=00101402a7fd5fc85b1f9c0335df
   5.359  TS=  19  Addr=0x001  Cmd=0x02  CRC=0x9726  q=(-0.0367,-0.8692,+0.4899,+0.0564)  raw=00101302a7fd5fc85b1f9c039726
   5.391  TS=  19  Addr=0x001  Cmd=0x02  CRC=0x9726  q=(-0.0367,-0.8692,+0.4899,+0.0564)  raw=00101302a7fd5fc85b1f9c039726
   5.423  TS=  20  Addr=0x001  Cmd=0x02  CRC=0xC558  q=(-0.0367,-0.8691,+0.4899,+0.0564)  raw=00101402a7fd60c85b1f9c03c558
   5.455  TS=  20  Addr=0x001  Cmd=0x02  CRC=0xC558  q=(-0.0367,-0.8691,+0.4899,+0.0564)  raw=00101402a7fd60c85b1f9c03c558
   5.487  TS=  20  Addr=0x001  Cmd=0x02  CRC=0xC558  q=(-0.0367,-0.8691,+0.4899,+0.0564)  raw=00101402a7fd60c85b1f9c03c558
   5.519  TS=  20  Addr=0x001  Cmd=0x02  CRC=0xC558  q=(-0.0367,-0.8691,+0.4899,+0.0564)  raw=00101402a7fd60c85b1f9c03c558
   5.551  TS=  20  Addr=0x001  Cmd=0x02  CRC=0x3180  q=(-0.0367,-0.8691,+0.4899,+0.0565)  raw=00101402a7fd60c85b1f9d033180
   5.583  TS=  20  Addr=0x001  Cmd=0x02  CRC=0x3180  q=(-0.0367,-0.8691,+0.4899,+0.0565)  raw=00101402a7fd60c85b1f9d033180
   5.615  TS=  19  Addr=0x001  Cmd=0x02  CRC=0x9379  q=(-0.0367,-0.8691,+0.4899,+0.0565)  raw=00101302a7fd60c85b1f9d039379
   5.647  TS=  20  Addr=0x001  Cmd=0x02  CRC=0x79E8  q=(-0.0445,-0.8691,+0.4899,+0.0565)  raw=0010140227fd60c85b1f9d0379e8
   5.679  TS=  20  Addr=0x001  Cmd=0x02  CRC=0x3180  q=(-0.0367,-0.8691,+0.4899,+0.0565)  raw=00101402a7fd60c85b1f9d033180
   5.711  TS=  20  Addr=0x001  Cmd=0x02  CRC=0xC107  q=(-0.0367,-0.8692,+0.4899,+0.0565)  raw=00101402a7fd5fc85b1f9d03c107
   5.743  TS=  20  Addr=0x001  Cmd=0x02  CRC=0xFA37  q=(-0.0367,-0.8692,+0.4899,+0.0565)  raw=00101402a7fd5fc85a1f9d03fa37
   5.775  TS=  20  Addr=0x001  Cmd=0x02  CRC=0xFA37  q=(-0.0367,-0.8692,+0.4899,+0.0565)  raw=00101402a7fd5fc85a1f9d03fa37
   5.807  TS=  20  Addr=0x001  Cmd=0x02  CRC=0xFA37  q=(-0.0367,-0.8692,+0.4899,+0.0565)  raw=00101402a7fd5fc85a1f9d03fa37
   5.839  TS=  19  Addr=0x001  Cmd=0x02  CRC=0x58CE  q=(-0.0367,-0.8692,+0.4899,+0.0565)  raw=00101302a7fd5fc85a1f9d0358ce
   5.871  TS=  20  Addr=0x001  Cmd=0x02  CRC=0xFA37  q=(-0.0367,-0.8692,+0.4899,+0.0565)  raw=00101402a7fd5fc85a1f9d03fa37
   5.903  TS=  20  Addr=0x001  Cmd=0x02  CRC=0xFA37  q=(-0.0367,-0.8692,+0.4899,+0.0565)  raw=00101402a7fd5fc85a1f9d03fa37
   5.935  TS=  19  Addr=0x001  Cmd=0x02  CRC=0x58CE  q=(-0.0367,-0.8692,+0.4899,+0.0565)  raw=00101302a7fd5fc85a1f9d0358ce
   5.967  TS=  19  Addr=0x001  Cmd=0x02  CRC=0x58CE  q=(-0.0367,-0.8692,+0.4899,+0.0565)  raw=00101302a7fd5fc85a1f9d0358ce
   5.999  TS=  20  Addr=0x001  Cmd=0x02  CRC=0xFA37  q=(-0.0367,-0.8692,+0.4899,+0.0565)  raw=00101402a7fd5fc85a1f9d03fa37
   6.031  TS=  20  Addr=0x001  Cmd=0x02  CRC=0xFA37  q=(-0.0367,-0.8692,+0.4899,+0.0565)  raw=00101402a7fd5fc85a1f9d03fa37
   6.063  TS=  19  Addr=0x001  Cmd=0x02  CRC=0x58CE  q=(-0.0367,-0.8692,+0.4899,+0.0565)  raw=00101302a7fd5fc85a1f9d0358ce
   6.095  TS=  19  Addr=0x001  Cmd=0x02  CRC=0x58CE  q=(-0.0367,-0.8692,+0.4899,+0.0565)  raw=00101302a7fd5fc85a1f9d0358ce
   6.127  TS=  19  Addr=0x001  Cmd=0x02  CRC=0x58CE  q=(-0.0367,-0.8692,+0.4899,+0.0565)  raw=00101302a7fd5fc85a1f9d0358ce
   6.159  TS=  20  Addr=0x001  Cmd=0x02  CRC=0xFA37  q=(-0.0367,-0.8692,+0.4899,+0.0565)  raw=00101402a7fd5fc85a1f9d03fa37
   6.191  TS=  20  Addr=0x001  Cmd=0x02  CRC=0xFA37  q=(-0.0367,-0.8692,+0.4899,+0.0565)  raw=00101402a7fd5fc85a1f9d03fa37
   6.223  TS=  19  Addr=0x001  Cmd=0x02  CRC=0x58CE  q=(-0.0367,-0.8692,+0.4899,+0.0565)  raw=00101302a7fd5fc85a1f9d0358ce
   6.255  TS=  20  Addr=0x001  Cmd=0x02  CRC=0xFA37  q=(-0.0367,-0.8692,+0.4899,+0.0565)  raw=00101402a7fd5fc85a1f9d03fa37
   6.287  TS=  19  Addr=0x001  Cmd=0x02  CRC=0x58CE  q=(-0.0367,-0.8692,+0.4899,+0.0565)  raw=00101302a7fd5fc85a1f9d0358ce
   6.319  TS=  20  Addr=0x001  Cmd=0x02  CRC=0xFA37  q=(-0.0367,-0.8692,+0.4899,+0.0565)  raw=00101402a7fd5fc85a1f9d03fa37
   6.351  TS=  19  Addr=0x001  Cmd=0x02  CRC=0x58CE  q=(-0.0367,-0.8692,+0.4899,+0.0565)  raw=00101302a7fd5fc85a1f9d0358ce
   6.383  TS=  20  Addr=0x001  Cmd=0x02  CRC=0xFA37  q=(-0.0367,-0.8692,+0.4899,+0.0565)  raw=00101402a7fd5fc85a1f9d03fa37
   6.415  TS=  20  Addr=0x001  Cmd=0x02  CRC=0xFA37  q=(-0.0367,-0.8692,+0.4899,+0.0565)  raw=00101402a7fd5fc85a1f9d03fa37
   6.447  TS=  20  Addr=0x001  Cmd=0x02  CRC=0xFA37  q=(-0.0367,-0.8692,+0.4899,+0.0565)  raw=00101402a7fd5fc85a1f9d03fa37
   6.479  TS=  20  Addr=0x001  Cmd=0x02  CRC=0xFA37  q=(-0.0367,-0.8692,+0.4899,+0.0565)  raw=00101402a7fd5fc85a1f9d03fa37
   6.511  TS=  19  Addr=0x001  Cmd=0x02  CRC=0x58CE  q=(-0.0367,-0.8692,+0.4899,+0.0565)  raw=00101302a7fd5fc85a1f9d0358ce
   6.543  TS=  20  Addr=0x001  Cmd=0x02  CRC=0xFA37  q=(-0.0367,-0.8692,+0.4899,+0.0565)  raw=00101402a7fd5fc85a1f9d03fa37
   6.575  TS=  19  Addr=0x001  Cmd=0x02  CRC=0x58CE  q=(-0.0367,-0.8692,+0.4899,+0.0565)  raw=00101302a7fd5fc85a1f9d0358ce
   6.607  TS=  19  Addr=0x001  Cmd=0x02  CRC=0x58CE  q=(-0.0367,-0.8692,+0.4899,+0.0565)  raw=00101302a7fd5fc85a1f9d0358ce
   6.639  TS=  19  Addr=0x001  Cmd=0x02  CRC=0x58CE  q=(-0.0367,-0.8692,+0.4899,+0.0565)  raw=00101302a7fd5fc85a1f9d0358ce
   6.655  TS=  20  Addr=0x001  Cmd=0x02  CRC=0xFA37  q=(-0.0367,-0.8692,+0.4899,+0.0565)  raw=00101402a7fd5fc85a1f9d03fa37
   6.671  TS=  20  Addr=0x001  Cmd=0x02  CRC=0xFA37  q=(-0.0367,-0.8692,+0.4899,+0.0565)  raw=00101402a7fd5fc85a1f9d03fa37
   6.687  TS=  20  Addr=0x001  Cmd=0x02  CRC=0xFA37  q=(-0.0367,-0.8692,+0.4899,+0.0565)  raw=00101402a7fd5fc85a1f9d03fa37
   6.719  TS=  19  Addr=0x001  Cmd=0x02  CRC=0x58CE  q=(-0.0367,-0.8692,+0.4899,+0.0565)  raw=00101302a7fd5fc85a1f9d0358ce
   6.736  TS=  20  Addr=0x001  Cmd=0x02  CRC=0xFA37  q=(-0.0367,-0.8692,+0.4899,+0.0565)  raw=00101402a7fd5fc85a1f9d03fa37
   6.751  TS=  20  Addr=0x001  Cmd=0x02  CRC=0xFA37  q=(-0.0367,-0.8692,+0.4899,+0.0565)  raw=00101402a7fd5fc85a1f9d03fa37
   6.767  TS=  20  Addr=0x001  Cmd=0x02  CRC=0x1D9A  q=(-0.0367,-0.8614,+0.4899,+0.0565)  raw=00101402a7fddfc85a1f9d031d9a
   6.783  TS=  19  Addr=0x001  Cmd=0x02  CRC=0x58CE  q=(-0.0367,-0.8692,+0.4899,+0.0565)  raw=00101302a7fd5fc85a1f9d0358ce
   6.799  TS=  19  Addr=0x001  Cmd=0x02  CRC=0x58CE  q=(-0.0367,-0.8692,+0.4899,+0.0565)  raw=00101302a7fd5fc85a1f9d0358ce
   6.815  TS=  19  Addr=0x001  Cmd=0x02  CRC=0x58CE  q=(-0.0367,-0.8692,+0.4899,+0.0565)  raw=00101302a7fd5fc85a1f9d0358ce
   6.831  TS=  20  Addr=0x001  Cmd=0x02  CRC=0xFA37  q=(-0.0367,-0.8692,+0.4899,+0.0565)  raw=00101402a7fd5fc85a1f9d03fa37
   6.847  TS=  19  Addr=0x001  Cmd=0x02  CRC=0x58CE  q=(-0.0367,-0.8692,+0.4899,+0.0565)  raw=00101302a7fd5fc85a1f9d0358ce
   6.863  TS=  19  Addr=0x001  Cmd=0x02  CRC=0x58CE  q=(-0.0367,-0.8692,+0.4899,+0.0565)  raw=00101302a7fd5fc85a1f9d0358ce
   6.879  TS=  19  Addr=0x001  Cmd=0x02  CRC=0x58CE  q=(-0.0367,-0.8692,+0.4899,+0.0565)  raw=00101302a7fd5fc85a1f9d0358ce
   6.895  TS=  20  Addr=0x001  Cmd=0x02  CRC=0x8660  q=(-0.0366,-0.8692,+0.4899,+0.0565)  raw=00101402a8fd5fc85a1f9d038660
   6.927  TS=  20  Addr=0x001  Cmd=0x02  CRC=0x8660  q=(-0.0366,-0.8692,+0.4899,+0.0565)  raw=00101402a8fd5fc85a1f9d038660
   6.959  TS=  20  Addr=0x001  Cmd=0x02  CRC=0x8660  q=(-0.0366,-0.8692,+0.4899,+0.0565)  raw=00101402a8fd5fc85a1f9d038660
   6.991  TS=  19  Addr=0x001  Cmd=0x02  CRC=0x2499  q=(-0.0366,-0.8692,+0.4899,+0.0565)  raw=00101302a8fd5fc85a1f9d032499
   7.023  TS=  20  Addr=0x001  Cmd=0x02  CRC=0x8660  q=(-0.0366,-0.8692,+0.4899,+0.0565)  raw=00101402a8fd5fc85a1f9d038660
   7.055  TS=  20  Addr=0x001  Cmd=0x02  CRC=0xF4B5  q=(-0.0366,-0.8692,+0.4899,+0.0486)  raw=00101402a8fd5fc85a1f1d03f4b5
   7.087  TS=  19  Addr=0x001  Cmd=0x02  CRC=0x2499  q=(-0.0366,-0.8692,+0.4899,+0.0565)  raw=00101302a8fd5fc85a1f9d032499
   7.119  TS=  19  Addr=0x001  Cmd=0x02  CRC=0x2499  q=(-0.0366,-0.8692,+0.4899,+0.0565)  raw=00101302a8fd5fc85a1f9d032499
   7.151  TS=  20  Addr=0x001  Cmd=0x02  CRC=0xCB30  q=(-0.0366,-0.8692,+0.4898,+0.0565)  raw=00101402a8fd5fc8591f9d03cb30
   7.183  TS=  20  Addr=0x001  Cmd=0x02  CRC=0xCB30  q=(-0.0366,-0.8692,+0.4898,+0.0565)  raw=00101402a8fd5fc8591f9d03cb30
   7.215  TS=  19  Addr=0x001  Cmd=0x02  CRC=0x69C9  q=(-0.0366,-0.8692,+0.4898,+0.0565)  raw=00101302a8fd5fc8591f9d0369c9
   7.247  TS=  19  Addr=0x001  Cmd=0x02  CRC=0xA841  q=(-0.0366,-0.8693,+0.4898,+0.0565)  raw=00101302a8fd5ec8591f9d03a841
   7.279  TS=  20  Addr=0x001  Cmd=0x02  CRC=0x0AB8  q=(-0.0366,-0.8693,+0.4898,+0.0565)  raw=00101402a8fd5ec8591f9d030ab8
   7.311  TS=  20  Addr=0x001  Cmd=0x02  CRC=0x3188  q=(-0.0366,-0.8693,+0.4897,+0.0565)  raw=00101402a8fd5ec8581f9d033188
   7.343  TS=  20  Addr=0x001  Cmd=0x02  CRC=0x3188  q=(-0.0366,-0.8693,+0.4897,+0.0565)  raw=00101402a8fd5ec8581f9d033188
   7.375  TS=  19  Addr=0x001  Cmd=0x02  CRC=0x9371  q=(-0.0366,-0.8693,+0.4897,+0.0565)  raw=00101302a8fd5ec8581f9d039371
   7.407  TS=  20  Addr=0x001  Cmd=0x02  CRC=0x3188  q=(-0.0366,-0.8693,+0.4897,+0.0565)  raw=00101402a8fd5ec8581f9d033188
   7.439  TS=  19  Addr=0x001  Cmd=0x02  CRC=0x9371  q=(-0.0366,-0.8693,+0.4897,+0.0565)  raw=00101302a8fd5ec8581f9d039371
   7.471  TS=  20  Addr=0x001  Cmd=0x02  CRC=0x3188  q=(-0.0366,-0.8693,+0.4897,+0.0565)  raw=00101402a8fd5ec8581f9d033188
   7.503  TS=  20  Addr=0x001  Cmd=0x02  CRC=0x3188  q=(-0.0366,-0.8693,+0.4897,+0.0565)  raw=00101402a8fd5ec8581f9d033188
   7.535  TS=  20  Addr=0x001  Cmd=0x02  CRC=0x3188  q=(-0.0366,-0.8693,+0.4897,+0.0565)  raw=00101402a8fd5ec8581f9d033188
   7.567  TS=  19  Addr=0x001  Cmd=0x02  CRC=0xD604  q=(-0.0366,-0.8693,+0.4897,+0.0565)  raw=00101302a8fd5ec8571f9d03d604
   7.599  TS=  19  Addr=0x001  Cmd=0x02  CRC=0xD604  q=(-0.0366,-0.8693,+0.4897,+0.0565)  raw=00101302a8fd5ec8571f9d03d604
   7.631  TS=  20  Addr=0x001  Cmd=0x02  CRC=0x74FD  q=(-0.0366,-0.8693,+0.4897,+0.0565)  raw=00101402a8fd5ec8571f9d0374fd
   7.663  TS=  19  Addr=0x001  Cmd=0x02  CRC=0xA9F9  q=(-0.0366,-0.8693,+0.4897,+0.0565)  raw=00101302a8fd5dc8571f9d03a9f9
   7.695  TS=  20  Addr=0x001  Cmd=0x02  CRC=0x0B00  q=(-0.0366,-0.8693,+0.4897,+0.0565)  raw=00101402a8fd5dc8571f9d030b00
   7.727  TS=  20  Addr=0x001  Cmd=0x02  CRC=0x3030  q=(-0.0366,-0.8693,+0.4896,+0.0565)  raw=00101402a8fd5dc8561f9d033030
   7.759  TS=  20  Addr=0x001  Cmd=0x02  CRC=0x3030  q=(-0.0366,-0.8693,+0.4896,+0.0565)  raw=00101402a8fd5dc8561f9d033030
   7.791  TS=  20  Addr=0x001  Cmd=0x02  CRC=0x3030  q=(-0.0366,-0.8693,+0.4896,+0.0565)  raw=00101402a8fd5dc8561f9d033030
   7.823  TS=  20  Addr=0x001  Cmd=0x02  CRC=0x3030  q=(-0.0366,-0.8693,+0.4896,+0.0565)  raw=00101402a8fd5dc8561f9d033030
   7.855  TS=  20  Addr=0x001  Cmd=0x02  CRC=0x3030  q=(-0.0366,-0.8693,+0.4896,+0.0565)  raw=00101402a8fd5dc8561f9d033030
   7.887  TS=  19  Addr=0x001  Cmd=0x02  CRC=0x92C9  q=(-0.0366,-0.8693,+0.4896,+0.0565)  raw=00101302a8fd5dc8561f9d0392c9
   7.919  TS=  20  Addr=0x001  Cmd=0x02  CRC=0x6A23  q=(-0.0366,-0.8693,+0.4974,+0.0565)  raw=00101402a8fd5dc8d51f9d036a23
   7.951  TS=  19  Addr=0x001  Cmd=0x02  CRC=0x1E11  q=(-0.0366,-0.8694,+0.4896,+0.0565)  raw=00101302a8fd5cc8551f9d031e11
   7.983  TS=  20  Addr=0x001  Cmd=0x02  CRC=0xBCE8  q=(-0.0366,-0.8694,+0.4896,+0.0565)  raw=00101402a8fd5cc8551f9d03bce8
   8.015  TS=  19  Addr=0x001  Cmd=0x02  CRC=0x1E11  q=(-0.0366,-0.8694,+0.4896,+0.0565)  raw=00101302a8fd5cc8551f9d031e11
   8.047  TS=  20  Addr=0x001  Cmd=0x02  CRC=0xBCE8  q=(-0.0366,-0.8694,+0.4896,+0.0565)  raw=00101402a8fd5cc8551f9d03bce8
   8.079  TS=  21  Addr=0x001  Cmd=0x02  CRC=0xFB2C  q=(-0.0367,-0.8694,+0.4896,+0.0565)  raw=00101502a7fd5cc8551f9d03fb2c
   8.111  TS=  18  Addr=0x001  Cmd=0x02  CRC=0x985D  q=(-0.0367,-0.8693,+0.4896,+0.0565)  raw=00101202a7fd5dc8551f9d03985d
   8.143  TS=  20  Addr=0x001  Cmd=0x02  CRC=0x4C67  q=(-0.0367,-0.8693,+0.4896,+0.0565)  raw=00101402a7fd5dc8561f9d034c67
   8.175  TS=  19  Addr=0x001  Cmd=0x02  CRC=0xEE9E  q=(-0.0367,-0.8693,+0.4896,+0.0565)  raw=00101302a7fd5dc8561f9d03ee9e
   8.207  TS=  20  Addr=0x001  Cmd=0x02  CRC=0x0137  q=(-0.0367,-0.8693,+0.4896,+0.0565)  raw=00101402a7fd5dc8551f9d030137
   8.240  TS=  19  Addr=0x001  Cmd=0x02  CRC=0x6246  q=(-0.0367,-0.8694,+0.4896,+0.0565)  raw=00101302a7fd5cc8551f9d036246
   8.271  TS=  20  Addr=0x001  Cmd=0x02  CRC=0xC0BF  q=(-0.0367,-0.8694,+0.4896,+0.0565)  raw=00101402a7fd5cc8551f9d03c0bf
   8.303  TS=  20  Addr=0x001  Cmd=0x02  CRC=0xC0BF  q=(-0.0367,-0.8694,+0.4896,+0.0565)  raw=00101402a7fd5cc8551f9d03c0bf
   8.336  TS=  19  Addr=0x001  Cmd=0x02  CRC=0x6246  q=(-0.0367,-0.8694,+0.4896,+0.0565)  raw=00101302a7fd5cc8551f9d036246
   8.351  TS=  20  Addr=0x001  Cmd=0x02  CRC=0xC0BF  q=(-0.0367,-0.8694,+0.4896,+0.0565)  raw=00101402a7fd5cc8551f9d03c0bf
   8.367  TS=  20  Addr=0x001  Cmd=0x02  CRC=0xC0BF  q=(-0.0367,-0.8694,+0.4896,+0.0565)  raw=00101402a7fd5cc8551f9d03c0bf
   8.383  TS=  20  Addr=0x001  Cmd=0x02  CRC=0xC0BF  q=(-0.0367,-0.8694,+0.4896,+0.0565)  raw=00101402a7fd5cc8551f9d03c0bf
   8.399  TS=  19  Addr=0x001  Cmd=0x02  CRC=0x6246  q=(-0.0367,-0.8694,+0.4896,+0.0565)  raw=00101302a7fd5cc8551f9d036246
   8.415  TS=  20  Addr=0x001  Cmd=0x02  CRC=0xC0BF  q=(-0.0367,-0.8694,+0.4896,+0.0565)  raw=00101402a7fd5cc8551f9d03c0bf
   8.431  TS=  20  Addr=0x001  Cmd=0x02  CRC=0xC0BF  q=(-0.0367,-0.8694,+0.4896,+0.0565)  raw=00101402a7fd5cc8551f9d03c0bf
   8.447  TS=  19  Addr=0x001  Cmd=0x02  CRC=0x6246  q=(-0.0367,-0.8694,+0.4896,+0.0565)  raw=00101302a7fd5cc8551f9d036246
   8.463  TS=  19  Addr=0x001  Cmd=0x02  CRC=0x6246  q=(-0.0367,-0.8694,+0.4896,+0.0565)  raw=00101302a7fd5cc8551f9d036246
   8.479  TS=  20  Addr=0x001  Cmd=0x02  CRC=0xC0BF  q=(-0.0367,-0.8694,+0.4896,+0.0565)  raw=00101402a7fd5cc8551f9d03c0bf
   8.495  TS=  20  Addr=0x001  Cmd=0x02  CRC=0xC0BF  q=(-0.0367,-0.8694,+0.4896,+0.0565)  raw=00101402a7fd5cc8551f9d03c0bf
   8.511  TS=  19  Addr=0x001  Cmd=0x02  CRC=0x6246  q=(-0.0367,-0.8694,+0.4896,+0.0565)  raw=00101302a7fd5cc8551f9d036246
   8.528  TS=  19  Addr=0x001  Cmd=0x02  CRC=0x6246  q=(-0.0367,-0.8694,+0.4896,+0.0565)  raw=00101302a7fd5cc8551f9d036246
   8.544  TS=  19  Addr=0x001  Cmd=0x02  CRC=0x6246  q=(-0.0367,-0.8694,+0.4896,+0.0565)  raw=00101302a7fd5cc8551f9d036246
   8.559  TS=  20  Addr=0x001  Cmd=0x02  CRC=0xC0BF  q=(-0.0367,-0.8694,+0.4896,+0.0565)  raw=00101402a7fd5cc8551f9d03c0bf
   8.575  TS=  21  Addr=0x001  Cmd=0x02  CRC=0xFB2C  q=(-0.0367,-0.8694,+0.4896,+0.0565)  raw=00101502a7fd5cc8551f9d03fb2c
   8.591  TS=  18  Addr=0x001  Cmd=0x02  CRC=0x59D5  q=(-0.0367,-0.8694,+0.4896,+0.0565)  raw=00101202a7fd5cc8551f9d0359d5
   8.623  TS=  20  Addr=0x001  Cmd=0x02  CRC=0xC0BF  q=(-0.0367,-0.8694,+0.4896,+0.0565)  raw=00101402a7fd5cc8551f9d03c0bf
   8.655  TS=  20  Addr=0x001  Cmd=0x02  CRC=0xC0BF  q=(-0.0367,-0.8694,+0.4896,+0.0565)  raw=00101402a7fd5cc8551f9d03c0bf
   8.672  TS=  19  Addr=0x001  Cmd=0x02  CRC=0x6246  q=(-0.0367,-0.8694,+0.4896,+0.0565)  raw=00101302a7fd5cc8551f9d036246
   8.687  TS=  20  Addr=0x001  Cmd=0x02  CRC=0xC0BF  q=(-0.0367,-0.8694,+0.4896,+0.0565)  raw=00101402a7fd5cc8551f9d03c0bf
   8.703  TS=  20  Addr=0x001  Cmd=0x02  CRC=0xC0BF  q=(-0.0367,-0.8694,+0.4896,+0.0565)  raw=00101402a7fd5cc8551f9d03c0bf
   8.735  TS=  19  Addr=0x001  Cmd=0x02  CRC=0x6246  q=(-0.0367,-0.8694,+0.4896,+0.0565)  raw=00101302a7fd5cc8551f9d036246
   8.767  TS=  20  Addr=0x001  Cmd=0x02  CRC=0xC0BF  q=(-0.0367,-0.8694,+0.4896,+0.0565)  raw=00101402a7fd5cc8551f9d03c0bf
   8.799  TS=  20  Addr=0x001  Cmd=0x02  CRC=0xC0BF  q=(-0.0367,-0.8694,+0.4896,+0.0565)  raw=00101402a7fd5cc8551f9d03c0bf
   8.831  TS=  20  Addr=0x001  Cmd=0x02  CRC=0xC0BF  q=(-0.0367,-0.8694,+0.4896,+0.0565)  raw=00101402a7fd5cc8551f9d03c0bf
   8.863  TS=  19  Addr=0x001  Cmd=0x02  CRC=0x2A2E  q=(-0.0445,-0.8694,+0.4896,+0.0565)  raw=0010130227fd5cc8551f9d032a2e
   8.895  TS=  19  Addr=0x001  Cmd=0x02  CRC=0x6246  q=(-0.0367,-0.8694,+0.4896,+0.0565)  raw=00101302a7fd5cc8551f9d036246
   8.927  TS=  20  Addr=0x001  Cmd=0x02  CRC=0xC0BF  q=(-0.0367,-0.8694,+0.4896,+0.0565)  raw=00101402a7fd5cc8551f9d03c0bf
   8.959  TS=  19  Addr=0x001  Cmd=0x02  CRC=0x6246  q=(-0.0367,-0.8694,+0.4896,+0.0565)  raw=00101302a7fd5cc8551f9d036246
   8.991  TS=  19  Addr=0x001  Cmd=0x02  CRC=0x6246  q=(-0.0367,-0.8694,+0.4896,+0.0565)  raw=00101302a7fd5cc8551f9d036246
   9.023  TS=  20  Addr=0x001  Cmd=0x02  CRC=0xC0BF  q=(-0.0367,-0.8694,+0.4896,+0.0565)  raw=00101402a7fd5cc8551f9d03c0bf
   9.055  TS=  20  Addr=0x001  Cmd=0x02  CRC=0xB26A  q=(-0.0367,-0.8694,+0.4896,+0.0486)  raw=00101402a7fd5cc8551f1d03b26a
   9.087  TS=  20  Addr=0x001  Cmd=0x02  CRC=0xC0BF  q=(-0.0367,-0.8694,+0.4896,+0.0565)  raw=00101402a7fd5cc8551f9d03c0bf
   9.119  TS=  19  Addr=0x001  Cmd=0x02  CRC=0x6246  q=(-0.0367,-0.8694,+0.4896,+0.0565)  raw=00101302a7fd5cc8551f9d036246
   9.151  TS=  20  Addr=0x001  Cmd=0x02  CRC=0xC0BF  q=(-0.0367,-0.8694,+0.4896,+0.0565)  raw=00101402a7fd5cc8551f9d03c0bf
   9.183  TS=  20  Addr=0x001  Cmd=0x02  CRC=0xC0BF  q=(-0.0367,-0.8694,+0.4896,+0.0565)  raw=00101402a7fd5cc8551f9d03c0bf
   9.215  TS=  20  Addr=0x001  Cmd=0x02  CRC=0xC0BF  q=(-0.0367,-0.8694,+0.4896,+0.0565)  raw=00101402a7fd5cc8551f9d03c0bf
   9.247  TS=  20  Addr=0x001  Cmd=0x02  CRC=0x0137  q=(-0.0367,-0.8693,+0.4896,+0.0565)  raw=00101402a7fd5dc8551f9d030137
   9.279  TS=  19  Addr=0x001  Cmd=0x02  CRC=0xEE9E  q=(-0.0367,-0.8693,+0.4896,+0.0565)  raw=00101302a7fd5dc8561f9d03ee9e
   9.311  TS=  20  Addr=0x001  Cmd=0x02  CRC=0x4C67  q=(-0.0367,-0.8693,+0.4896,+0.0565)  raw=00101402a7fd5dc8561f9d034c67
   9.343  TS=  19  Addr=0x001  Cmd=0x02  CRC=0xEE9E  q=(-0.0367,-0.8693,+0.4896,+0.0565)  raw=00101302a7fd5dc8561f9d03ee9e
   9.375  TS=  19  Addr=0x001  Cmd=0x02  CRC=0xEE9E  q=(-0.0367,-0.8693,+0.4896,+0.0565)  raw=00101302a7fd5dc8561f9d03ee9e
   9.407  TS=  20  Addr=0x001  Cmd=0x02  CRC=0x4C67  q=(-0.0367,-0.8693,+0.4896,+0.0565)  raw=00101402a7fd5dc8561f9d034c67
   9.439  TS=  20  Addr=0x001  Cmd=0x02  CRC=0x0137  q=(-0.0367,-0.8693,+0.4896,+0.0565)  raw=00101402a7fd5dc8551f9d030137
   9.471  TS=  20  Addr=0x001  Cmd=0x02  CRC=0x0137  q=(-0.0367,-0.8693,+0.4896,+0.0565)  raw=00101402a7fd5dc8551f9d030137
   9.503  TS=  20  Addr=0x001  Cmd=0x02  CRC=0x0137  q=(-0.0367,-0.8693,+0.4896,+0.0565)  raw=00101402a7fd5dc8551f9d030137
   9.535  TS=  19  Addr=0x001  Cmd=0x02  CRC=0xA3CE  q=(-0.0367,-0.8693,+0.4896,+0.0565)  raw=00101302a7fd5dc8551f9d03a3ce
   9.567  TS=  20  Addr=0x001  Cmd=0x02  CRC=0x4C67  q=(-0.0367,-0.8693,+0.4896,+0.0565)  raw=00101402a7fd5dc8561f9d034c67
   9.599  TS=  19  Addr=0x001  Cmd=0x02  CRC=0xA3CE  q=(-0.0367,-0.8693,+0.4896,+0.0565)  raw=00101302a7fd5dc8551f9d03a3ce
   9.631  TS=  19  Addr=0x001  Cmd=0x02  CRC=0xA3CE  q=(-0.0367,-0.8693,+0.4896,+0.0565)  raw=00101302a7fd5dc8551f9d03a3ce
   9.663  TS=  19  Addr=0x001  Cmd=0x02  CRC=0xDF99  q=(-0.0366,-0.8693,+0.4896,+0.0565)  raw=00101302a8fd5dc8551f9d03df99
   9.695  TS=  20  Addr=0x001  Cmd=0x02  CRC=0x7D60  q=(-0.0366,-0.8693,+0.4896,+0.0565)  raw=00101402a8fd5dc8551f9d037d60
   9.727  TS=  20  Addr=0x001  Cmd=0x02  CRC=0x7D60  q=(-0.0366,-0.8693,+0.4896,+0.0565)  raw=00101402a8fd5dc8551f9d037d60
   9.759  TS=  19  Addr=0x001  Cmd=0x02  CRC=0xDF99  q=(-0.0366,-0.8693,+0.4896,+0.0565)  raw=00101302a8fd5dc8551f9d03df99
   9.791  TS=  20  Addr=0x001  Cmd=0x02  CRC=0xBCE8  q=(-0.0366,-0.8694,+0.4896,+0.0565)  raw=00101402a8fd5cc8551f9d03bce8
   9.823  TS=  20  Addr=0x001  Cmd=0x02  CRC=0xBCE8  q=(-0.0366,-0.8694,+0.4896,+0.0565)  raw=00101402a8fd5cc8551f9d03bce8
   9.855  TS=  19  Addr=0x001  Cmd=0x02  CRC=0x1E11  q=(-0.0366,-0.8694,+0.4896,+0.0565)  raw=00101302a8fd5cc8551f9d031e11
   9.887  TS=  20  Addr=0x001  Cmd=0x02  CRC=0xBCE8  q=(-0.0366,-0.8694,+0.4896,+0.0565)  raw=00101402a8fd5cc8551f9d03bce8
   9.919  TS=  20  Addr=0x001  Cmd=0x02  CRC=0xBCE8  q=(-0.0366,-0.8694,+0.4896,+0.0565)  raw=00101402a8fd5cc8551f9d03bce8
   9.951  TS=  19  Addr=0x001  Cmd=0x02  CRC=0x1E11  q=(-0.0366,-0.8694,+0.4896,+0.0565)  raw=00101302a8fd5cc8551f9d031e11
   9.983  TS=  20  Addr=0x001  Cmd=0x02  CRC=0xBCE8  q=(-0.0366,-0.8694,+0.4896,+0.0565)  raw=00101402a8fd5cc8551f9d03bce8
  10.015  TS=  19  Addr=0x001  Cmd=0x02  CRC=0x1E11  q=(-0.0366,-0.8694,+0.4896,+0.0565)  raw=00101302a8fd5cc8551f9d031e11
  10.047  TS=  20  Addr=0x001  Cmd=0x02  CRC=0xBCE8  q=(-0.0366,-0.8694,+0.4896,+0.0565)  raw=00101402a8fd5cc8551f9d03bce8
  10.079  TS=  19  Addr=0x001  Cmd=0x02  CRC=0x1E11  q=(-0.0366,-0.8694,+0.4896,+0.0565)  raw=00101302a8fd5cc8551f9d031e11
  10.111  TS=  19  Addr=0x001  Cmd=0x02  CRC=0x1E11  q=(-0.0366,-0.8694,+0.4896,+0.0565)  raw=00101302a8fd5cc8551f9d031e11
  10.143  TS=  19  Addr=0x001  Cmd=0x02  CRC=0x1E11  q=(-0.0366,-0.8694,+0.4896,+0.0565)  raw=00101302a8fd5cc8551f9d031e11
  10.175  TS=  20  Addr=0x001  Cmd=0x02  CRC=0xBCE8  q=(-0.0366,-0.8694,+0.4896,+0.0565)  raw=00101402a8fd5cc8551f9d03bce8
  10.207  TS=  20  Addr=0x001  Cmd=0x02  CRC=0xBCE8  q=(-0.0366,-0.8694,+0.4896,+0.0565)  raw=00101402a8fd5cc8551f9d03bce8
  10.239  TS=  19  Addr=0x001  Cmd=0x02  CRC=0x1E11  q=(-0.0366,-0.8694,+0.4896,+0.0565)  raw=00101302a8fd5cc8551f9d031e11
  10.255  TS=  20  Addr=0x001  Cmd=0x02  CRC=0xBCE8  q=(-0.0366,-0.8694,+0.4896,+0.0565)  raw=00101402a8fd5cc8551f9d03bce8
  10.271  TS=  19  Addr=0x001  Cmd=0x02  CRC=0x1E11  q=(-0.0366,-0.8694,+0.4896,+0.0565)  raw=00101302a8fd5cc8551f9d031e11
  10.287  TS=  20  Addr=0x001  Cmd=0x02  CRC=0xBCE8  q=(-0.0366,-0.8694,+0.4896,+0.0565)  raw=00101402a8fd5cc8551f9d03bce8
  10.303  TS=  20  Addr=0x001  Cmd=0x02  CRC=0xBCE8  q=(-0.0366,-0.8694,+0.4896,+0.0565)  raw=00101402a8fd5cc8551f9d03bce8
  10.319  TS=  20  Addr=0x001  Cmd=0x02  CRC=0xBCE8  q=(-0.0366,-0.8694,+0.4896,+0.0565)  raw=00101402a8fd5cc8551f9d03bce8
  10.335  TS=  19  Addr=0x001  Cmd=0x02  CRC=0x1E11  q=(-0.0366,-0.8694,+0.4896,+0.0565)  raw=00101302a8fd5cc8551f9d031e11
  10.351  TS=  20  Addr=0x001  Cmd=0x02  CRC=0xBCE8  q=(-0.0366,-0.8694,+0.4896,+0.0565)  raw=00101402a8fd5cc8551f9d03bce8
  10.368  TS=  20  Addr=0x001  Cmd=0x02  CRC=0xBCE8  q=(-0.0366,-0.8694,+0.4896,+0.0565)  raw=00101402a8fd5cc8551f9d03bce8
  10.383  TS=  20  Addr=0x001  Cmd=0x02  CRC=0xBCE8  q=(-0.0366,-0.8694,+0.4896,+0.0565)  raw=00101402a8fd5cc8551f9d03bce8
  10.399  TS=  20  Addr=0x001  Cmd=0x02  CRC=0xBCE8  q=(-0.0366,-0.8694,+0.4896,+0.0565)  raw=00101402a8fd5cc8551f9d03bce8
  10.415  TS=  19  Addr=0x001  Cmd=0x02  CRC=0x1E11  q=(-0.0366,-0.8694,+0.4896,+0.0565)  raw=00101302a8fd5cc8551f9d031e11
  10.431  TS=  20  Addr=0x001  Cmd=0x02  CRC=0xBCE8  q=(-0.0366,-0.8694,+0.4896,+0.0565)  raw=00101402a8fd5cc8551f9d03bce8
  10.447  TS=  20  Addr=0x001  Cmd=0x02  CRC=0xBCE8  q=(-0.0366,-0.8694,+0.4896,+0.0565)  raw=00101402a8fd5cc8551f9d03bce8
  10.463  TS=  20  Addr=0x001  Cmd=0x02  CRC=0xBCE8  q=(-0.0366,-0.8694,+0.4896,+0.0565)  raw=00101402a8fd5cc8551f9d03bce8
  10.479  TS=  20  Addr=0x001  Cmd=0x02  CRC=0xBCE8  q=(-0.0366,-0.8694,+0.4896,+0.0565)  raw=00101402a8fd5cc8551f9d03bce8
  10.495  TS=  19  Addr=0x001  Cmd=0x02  CRC=0x1E11  q=(-0.0366,-0.8694,+0.4896,+0.0565)  raw=00101302a8fd5cc8551f9d031e11
  10.511  TS=  19  Addr=0x001  Cmd=0x02  CRC=0x1E11  q=(-0.0366,-0.8694,+0.4896,+0.0565)  raw=00101302a8fd5cc8551f9d031e11
  10.527  TS=  19  Addr=0x001  Cmd=0x02  CRC=0x1E11  q=(-0.0366,-0.8694,+0.4896,+0.0565)  raw=00101302a8fd5cc8551f9d031e11
  10.543  TS=  20  Addr=0x001  Cmd=0x02  CRC=0xBCE8  q=(-0.0366,-0.8694,+0.4896,+0.0565)  raw=00101402a8fd5cc8551f9d03bce8
  10.559  TS=  19  Addr=0x001  Cmd=0x02  CRC=0x1E11  q=(-0.0366,-0.8694,+0.4896,+0.0565)  raw=00101302a8fd5cc8551f9d031e11
  10.591  TS=  20  Addr=0x001  Cmd=0x02  CRC=0x87D8  q=(-0.0366,-0.8694,+0.4895,+0.0565)  raw=00101402a8fd5cc8541f9d0387d8
  10.623  TS=  20  Addr=0x001  Cmd=0x02  CRC=0x87D8  q=(-0.0366,-0.8694,+0.4895,+0.0565)  raw=00101402a8fd5cc8541f9d0387d8
  10.655  TS=  20  Addr=0x001  Cmd=0x02  CRC=0x183A  q=(-0.0366,-0.8694,+0.4894,+0.0565)  raw=00101402a8fd5bc8531f9d03183a
  10.687  TS=  19  Addr=0x001  Cmd=0x02  CRC=0x2521  q=(-0.0366,-0.8694,+0.4895,+0.0565)  raw=00101302a8fd5cc8541f9d032521
  10.719  TS=  19  Addr=0x001  Cmd=0x02  CRC=0x1E11  q=(-0.0366,-0.8694,+0.4896,+0.0565)  raw=00101302a8fd5cc8551f9d031e11
  10.751  TS=  20  Addr=0x001  Cmd=0x02  CRC=0x3030  q=(-0.0366,-0.8693,+0.4896,+0.0565)  raw=00101402a8fd5dc8561f9d033030
  10.783  TS=  20  Addr=0x001  Cmd=0x02  CRC=0x5B45  q=(-0.0366,-0.8616,+0.4896,+0.0565)  raw=00101402a8fddcc8551f9d035b45
  10.815  TS=  20  Addr=0x001  Cmd=0x02  CRC=0x4830  q=(-0.0366,-0.8694,+0.4896,+0.0564)  raw=00101402a8fd5cc8551f9c034830
  10.847  TS=  20  Addr=0x001  Cmd=0x02  CRC=0x4830  q=(-0.0366,-0.8694,+0.4896,+0.0564)  raw=00101402a8fd5cc8551f9c034830
  10.879  TS=  20  Addr=0x001  Cmd=0x02  CRC=0xC4E8  q=(-0.0366,-0.8693,+0.4896,+0.0564)  raw=00101402a8fd5dc8561f9c03c4e8
  10.911  TS=  20  Addr=0x001  Cmd=0x02  CRC=0xC4E8  q=(-0.0366,-0.8693,+0.4896,+0.0564)  raw=00101402a8fd5dc8561f9c03c4e8
  10.943  TS=  19  Addr=0x001  Cmd=0x02  CRC=0x6611  q=(-0.0366,-0.8693,+0.4896,+0.0564)  raw=00101302a8fd5dc8561f9c036611
  10.975  TS=  20  Addr=0x001  Cmd=0x02  CRC=0xC4E8  q=(-0.0366,-0.8693,+0.4896,+0.0564)  raw=00101402a8fd5dc8561f9c03c4e8
  11.007  TS=  20  Addr=0x001  Cmd=0x02  CRC=0xFFD8  q=(-0.0366,-0.8693,+0.4897,+0.0564)  raw=00101402a8fd5dc8571f9c03ffd8
  11.039  TS=  20  Addr=0x001  Cmd=0x02  CRC=0xFFD8  q=(-0.0366,-0.8693,+0.4897,+0.0564)  raw=00101402a8fd5dc8571f9c03ffd8
  11.071  TS=  20  Addr=0x001  Cmd=0x02  CRC=0x8D0D  q=(-0.0366,-0.8693,+0.4897,+0.0486)  raw=00101402a8fd5dc8571f1c038d0d
  11.103  TS=  20  Addr=0x001  Cmd=0x02  CRC=0xC4E8  q=(-0.0366,-0.8693,+0.4896,+0.0564)  raw=00101402a8fd5dc8561f9c03c4e8
  11.135  TS=  19  Addr=0x001  Cmd=0x02  CRC=0x6611  q=(-0.0366,-0.8693,+0.4896,+0.0564)  raw=00101302a8fd5dc8561f9c036611
  11.167  TS=  20  Addr=0x001  Cmd=0x02  CRC=0x3030  q=(-0.0366,-0.8693,+0.4896,+0.0565)  raw=00101402a8fd5dc8561f9d033030
  11.199  TS=  20  Addr=0x001  Cmd=0x02  CRC=0x3030  q=(-0.0366,-0.8693,+0.4896,+0.0565)  raw=00101402a8fd5dc8561f9d033030
  11.231  TS=  20  Addr=0x001  Cmd=0x02  CRC=0x3030  q=(-0.0366,-0.8693,+0.4896,+0.0565)  raw=00101402a8fd5dc8561f9d033030
  11.263  TS=  20  Addr=0x001  Cmd=0x02  CRC=0x3030  q=(-0.0366,-0.8693,+0.4896,+0.0565)  raw=00101402a8fd5dc8561f9d033030
  11.295  TS=  20  Addr=0x001  Cmd=0x02  CRC=0xF094  q=(-0.0366,-0.8693,+0.4896,+0.0565)  raw=00101402a9fd5dc8551f9d03f094
  11.327  TS=  20  Addr=0x001  Cmd=0x02  CRC=0x311C  q=(-0.0366,-0.8694,+0.4896,+0.0565)  raw=00101402a9fd5cc8551f9d03311c
  11.359  TS=  19  Addr=0x001  Cmd=0x02  CRC=0x93E5  q=(-0.0366,-0.8694,+0.4896,+0.0565)  raw=00101302a9fd5cc8551f9d0393e5
  11.391  TS=  20  Addr=0x001  Cmd=0x02  CRC=0x311C  q=(-0.0366,-0.8694,+0.4896,+0.0565)  raw=00101402a9fd5cc8551f9d03311c
  11.423  TS=  20  Addr=0x001  Cmd=0x02  CRC=0x1111  q=(-0.0366,-0.8694,+0.4896,+0.0565)  raw=00101402a9fd5cc8551f9e031111
  11.455  TS=  19  Addr=0x001  Cmd=0x02  CRC=0x3F30  q=(-0.0366,-0.8693,+0.4896,+0.0565)  raw=00101302a9fd5dc8561f9e033f30
  11.487  TS=  19  Addr=0x001  Cmd=0x02  CRC=0x1F3D  q=(-0.0366,-0.8693,+0.4896,+0.0565)  raw=00101302a9fd5dc8561f9d031f3d
  11.519  TS=  19  Addr=0x001  Cmd=0x02  CRC=0x3F30  q=(-0.0366,-0.8693,+0.4896,+0.0565)  raw=00101302a9fd5dc8561f9e033f30
  11.551  TS=  20  Addr=0x001  Cmd=0x02  CRC=0x103D  q=(-0.0366,-0.8693,+0.4896,+0.0565)  raw=00101402a8fd5dc8561f9e03103d
  11.583  TS=  19  Addr=0x001  Cmd=0x02  CRC=0x89F4  q=(-0.0366,-0.8693,+0.4897,+0.0565)  raw=00101302a8fd5dc8571f9e0389f4
  11.615  TS=  20  Addr=0x001  Cmd=0x02  CRC=0x2B0D  q=(-0.0366,-0.8693,+0.4897,+0.0565)  raw=00101402a8fd5dc8571f9e032b0d
  11.647  TS=  20  Addr=0x001  Cmd=0x02  CRC=0x5855  q=(-0.0444,-0.8693,+0.4896,+0.0565)  raw=0010140228fd5dc8561f9e035855
  11.679  TS=  19  Addr=0x001  Cmd=0x02  CRC=0xB2C4  q=(-0.0366,-0.8693,+0.4896,+0.0565)  raw=00101302a8fd5dc8561f9e03b2c4
  11.711  TS=  20  Addr=0x001  Cmd=0x02  CRC=0x2B0D  q=(-0.0366,-0.8693,+0.4897,+0.0565)  raw=00101402a8fd5dc8571f9e032b0d
  11.743  TS=  19  Addr=0x001  Cmd=0x02  CRC=0x4E28  q=(-0.0366,-0.8691,+0.4901,+0.0567)  raw=00101302a8fd61c85d1fa1034e28
  11.775  TS=  20  Addr=0x001  Cmd=0x02  CRC=0x825B  q=(-0.0372,-0.8701,+0.4880,+0.0579)  raw=001014029efd50c83b1fb403825b
  11.807  TS=  20  Addr=0x001  Cmd=0x02  CRC=0x96D9  q=(-0.0383,-0.8742,+0.4804,+0.0593)  raw=001014028dfd0dc8bf1ecb0396d9
  11.839  TS=  19  Addr=0x001  Cmd=0x02  CRC=0x3C7C  q=(-0.0385,-0.8749,+0.4791,+0.0596)  raw=0010130289fd01c8a91ed1033c7c
  11.871  TS=  20  Addr=0x001  Cmd=0x02  CRC=0x7C7A  q=(-0.0387,-0.8729,+0.4828,+0.0589)  raw=0010140286fd23c8e71ec5037c7a
  11.903  TS=  20  Addr=0x001  Cmd=0x02  CRC=0x9B0C  q=(-0.0386,-0.8726,+0.4833,+0.0588)  raw=0010140287fd27c8ee1ec4039b0c
  11.935  TS=  20  Addr=0x001  Cmd=0x02  CRC=0x65BD  q=(-0.0384,-0.8727,+0.4831,+0.0587)  raw=001014028bfd25c8eb1ec20365bd
  11.967  TS=  20  Addr=0x001  Cmd=0x02  CRC=0x3990  q=(-0.0383,-0.8726,+0.4834,+0.0586)  raw=001014028dfd27c8f01ec0033990
  11.999  TS=  20  Addr=0x001  Cmd=0x02  CRC=0x3B82  q=(-0.0381,-0.8729,+0.4829,+0.0586)  raw=0010140290fd23c8e81ec0033b82
  12.031  TS=  20  Addr=0x001  Cmd=0x02  CRC=0x209C  q=(-0.0378,-0.8724,+0.4838,+0.0583)  raw=0010140295fd2bc8f71ebb03209c
  12.063  TS=  20  Addr=0x001  Cmd=0x02  CRC=0x4E64  q=(-0.0379,-0.8724,+0.4839,+0.0584)  raw=0010140293fd2bc8f81ebd034e64
  12.095  TS=  20  Addr=0x001  Cmd=0x02  CRC=0x48FE  q=(-0.0380,-0.8727,+0.4832,+0.0585)  raw=0010140292fd25c8ed1ebf0348fe
  12.127  TS=  20  Addr=0x001  Cmd=0x02  CRC=0x4B20  q=(-0.0381,-0.8731,+0.4825,+0.0588)  raw=0010140290fd1fc8e11ec3034b20
  12.159  TS=  20  Addr=0x001  Cmd=0x02  CRC=0x1C7C  q=(-0.0381,-0.8732,+0.4822,+0.0588)  raw=001014028ffd1dc8dd1ec4031c7c
  12.191  TS=  20  Addr=0x001  Cmd=0x02  CRC=0x1C7C  q=(-0.0381,-0.8732,+0.4822,+0.0588)  raw=001014028ffd1dc8dd1ec4031c7c
  12.223  TS=  20  Addr=0x001  Cmd=0x02  CRC=0xF6F7  q=(-0.0381,-0.8730,+0.4825,+0.0588)  raw=0010140290fd20c8e21ec303f6f7
  12.255  TS=  19  Addr=0x001  Cmd=0x02  CRC=0xDD9E  q=(-0.0388,-0.8747,+0.4794,+0.0598)  raw=0010130284fd05c8af1ed403dd9e
  12.287  TS=  19  Addr=0x001  Cmd=0x02  CRC=0xD0DD  q=(-0.0421,-0.8736,+0.4810,+0.0611)  raw=001013024ffd17c8c91ee903d0dd
  12.303  TS=  20  Addr=0x001  Cmd=0x02  CRC=0x38CF  q=(-0.0435,-0.8729,+0.4821,+0.0616)  raw=0010140238fd23c8db1ef20338cf
  12.319  TS=  19  Addr=0x001  Cmd=0x02  CRC=0xEC59  q=(-0.0439,-0.8730,+0.4818,+0.0620)  raw=0010130231fd20c8d51ef703ec59
  12.335  TS=  20  Addr=0x001  Cmd=0x02  CRC=0x86F9  q=(-0.0446,-0.8725,+0.4826,+0.0621)  raw=0010140225fd29c8e31efa0386f9
  12.351  TS=  19  Addr=0x001  Cmd=0x02  CRC=0xB1BE  q=(-0.0459,-0.8721,+0.4832,+0.0627)  raw=0010130210fd30c8ed1e0404b1be
  12.367  TS=  19  Addr=0x001  Cmd=0x02  CRC=0xB1BE  q=(-0.0459,-0.8721,+0.4832,+0.0627)  raw=0010130210fd30c8ed1e0404b1be
  12.383  TS=  19  Addr=0x001  Cmd=0x02  CRC=0x36A4  q=(-0.0470,-0.8715,+0.4839,+0.0632)  raw=00101302fefc39c8f91e0b0436a4
  12.399  TS=  20  Addr=0x001  Cmd=0x02  CRC=0x9D10  q=(-0.0475,-0.8717,+0.4836,+0.0635)  raw=00101402f6fc36c8f41e10049d10
  12.415  TS=  20  Addr=0x001  Cmd=0x02  CRC=0x0372  q=(-0.0480,-0.8713,+0.4841,+0.0636)  raw=00101402eefc3cc8fc1e12040372
  12.447  TS=  20  Addr=0x001  Cmd=0x02  CRC=0xF49E  q=(-0.0480,-0.8717,+0.4835,+0.0638)  raw=00101402eefc36c8f21e1504f49e
  12.463  TS=  19  Addr=0x001  Cmd=0x02  CRC=0xB450  q=(-0.0485,-0.8710,+0.4847,+0.0638)  raw=00101302e6fc41c8051f1504b450
  12.495  TS=  20  Addr=0x001  Cmd=0x02  CRC=0xF1C1  q=(-0.0506,-0.8702,+0.4858,+0.0647)  raw=00101402c3fc4fc8181f2404f1c1
  12.527  TS=  20  Addr=0x001  Cmd=0x02  CRC=0x0265  q=(-0.0509,-0.8703,+0.4856,+0.0649)  raw=00101402befc4dc8141f27040265
  12.559  TS=  20  Addr=0x001  Cmd=0x02  CRC=0xB3F7  q=(-0.0528,-0.8699,+0.4860,+0.0659)  raw=001014029ffc54c81a1f3704b3f7
  12.591  TS=  19  Addr=0x001  Cmd=0x02  CRC=0xCD7B  q=(-0.0529,-0.8702,+0.4853,+0.0660)  raw=001013029efc4ec80f1f3a04cd7b
  12.623  TS=  19  Addr=0x001  Cmd=0x02  CRC=0xA026  q=(-0.0544,-0.8688,+0.4877,+0.0665)  raw=0010130284fc66c8371f4104a026
  12.655  TS=  20  Addr=0x001  Cmd=0x02  CRC=0x8CC7  q=(-0.0540,-0.8694,+0.4866,+0.0665)  raw=001014028bfc5cc8251f41048cc7
  12.687  TS=  19  Addr=0x001  Cmd=0x02  CRC=0xAC12  q=(-0.0541,-0.8693,+0.4869,+0.0664)  raw=001013028afc5ec82a1f4004ac12
  12.719  TS=  19  Addr=0x001  Cmd=0x02  CRC=0x3715  q=(-0.0551,-0.8687,+0.4877,+0.0668)  raw=0010130279fc67c8361f47043715
  12.751  TS=  20  Addr=0x001  Cmd=0x02  CRC=0x758F  q=(-0.0566,-0.8676,+0.4894,+0.0673)  raw=0010140260fc79c8521f4f04758f
  12.783  TS=  20  Addr=0x001  Cmd=0x02  CRC=0xCE0F  q=(-0.0588,-0.8661,+0.4916,+0.0681)  raw=001014023cfc91c8771f5b04ce0f
  12.815  TS=  20  Addr=0x001  Cmd=0x02  CRC=0x0978  q=(-0.0599,-0.8665,+0.4908,+0.0688)  raw=001014022afc8cc86a1f68040978
  12.847  TS=  19  Addr=0x001  Cmd=0x02  CRC=0x7E95  q=(-0.0597,-0.8666,+0.4907,+0.0687)  raw=001013022efc8ac8671f66047e95
  12.879  TS=  20  Addr=0x001  Cmd=0x02  CRC=0xEE9A  q=(-0.0599,-0.8661,+0.4914,+0.0689)  raw=001014022afc91c8731f6904ee9a
  12.911  TS=  19  Addr=0x001  Cmd=0x02  CRC=0xAF6A  q=(-0.0599,-0.8662,+0.4913,+0.0688)  raw=001013022afc90c8711f6704af6a
  12.943  TS=  20  Addr=0x001  Cmd=0x02  CRC=0x653A  q=(-0.0599,-0.8660,+0.4916,+0.0688)  raw=001014022bfc93c8771f6704653a
  12.975  TS=  19  Addr=0x001  Cmd=0x02  CRC=0xBA90  q=(-0.0599,-0.8658,+0.4919,+0.0689)  raw=001013022bfc96c87c1f6904ba90
  13.007  TS=  20  Addr=0x001  Cmd=0x02  CRC=0xFE33  q=(-0.0599,-0.8660,+0.4916,+0.0688)  raw=001014022bfc93c8761f6804fe33
  13.039  TS=  20  Addr=0x001  Cmd=0x02  CRC=0xA9D5  q=(-0.0599,-0.8659,+0.4918,+0.0688)  raw=001014022bfc95c87a1f6704a9d5
  13.071  TS=  20  Addr=0x001  Cmd=0x02  CRC=0x7D3C  q=(-0.0599,-0.8657,+0.4921,+0.0688)  raw=001014022bfc98c87f1f67047d3c
  13.103  TS=  20  Addr=0x001  Cmd=0x02  CRC=0xCB06  q=(-0.0598,-0.8657,+0.4923,+0.0688)  raw=001014022cfc99c8821f6704cb06
  13.135  TS=  19  Addr=0x001  Cmd=0x02  CRC=0x1602  q=(-0.0598,-0.8656,+0.4923,+0.0688)  raw=001013022cfc9ac8821f67041602
  13.167  TS=  20  Addr=0x001  Cmd=0x02  CRC=0x2D65  q=(-0.0599,-0.8657,+0.4923,+0.0688)  raw=001014022bfc99c8821f67042d65
  13.199  TS=  20  Addr=0x001  Cmd=0x02  CRC=0x7D3C  q=(-0.0599,-0.8657,+0.4921,+0.0688)  raw=001014022bfc98c87f1f67047d3c
  13.231  TS=  20  Addr=0x001  Cmd=0x02  CRC=0x7D3C  q=(-0.0599,-0.8657,+0.4921,+0.0688)  raw=001014022bfc98c87f1f67047d3c
  13.263  TS=  19  Addr=0x001  Cmd=0x02  CRC=0x3874  q=(-0.0599,-0.8657,+0.4922,+0.0688)  raw=001013022bfc98c8801f67043874
  13.295  TS=  19  Addr=0x001  Cmd=0x02  CRC=0x2D32  q=(-0.0598,-0.8656,+0.4924,+0.0688)  raw=001013022cfc9ac8831f67042d32
  13.327  TS=  20  Addr=0x001  Cmd=0x02  CRC=0x3CC8  q=(-0.0598,-0.8655,+0.4926,+0.0688)  raw=001014022cfc9cc8871f68043cc8
  13.359  TS=  19  Addr=0x001  Cmd=0x02  CRC=0x13C5  q=(-0.0598,-0.8655,+0.4926,+0.0688)  raw=001013022dfc9cc8871f680413c5
  13.391  TS=  20  Addr=0x001  Cmd=0x02  CRC=0xC884  q=(-0.0598,-0.8654,+0.4928,+0.0689)  raw=001014022dfc9ec88a1f6904c884
  13.423  TS=  20  Addr=0x001  Cmd=0x02  CRC=0x43F0  q=(-0.0597,-0.8654,+0.4928,+0.0690)  raw=001014022efc9ec88a1f6a0443f0
  13.455  TS=  20  Addr=0x001  Cmd=0x02  CRC=0x0EA0  q=(-0.0597,-0.8654,+0.4927,+0.0690)  raw=001014022efc9ec8891f6a040ea0
  13.487  TS=  19  Addr=0x001  Cmd=0x02  CRC=0xE109  q=(-0.0597,-0.8654,+0.4928,+0.0690)  raw=001013022efc9ec88a1f6a04e109
  13.519  TS=  20  Addr=0x001  Cmd=0x02  CRC=0x43F0  q=(-0.0597,-0.8654,+0.4928,+0.0690)  raw=001014022efc9ec88a1f6a0443f0
  13.600  TS=  20  Addr=0x001  Cmd=0x02  CRC=0x8354  q=(-0.0596,-0.8654,+0.4927,+0.0690)  raw=001014022ffc9ec8891f6a048354
  13.631  TS=  20  Addr=0x001  Cmd=0x02  CRC=0xCE04  q=(-0.0596,-0.8654,+0.4928,+0.0690)  raw=001014022ffc9ec88a1f6a04ce04
  13.663  TS=  20  Addr=0x001  Cmd=0x02  CRC=0x01EC  q=(-0.0596,-0.8654,+0.4929,+0.0690)  raw=001014022ffc9ec88b1f6b0401ec
  13.695  TS=  20  Addr=0x001  Cmd=0x02  CRC=0x3ADC  q=(-0.0596,-0.8654,+0.4928,+0.0690)  raw=001014022ffc9ec88a1f6b043adc
  13.727  TS=  20  Addr=0x001  Cmd=0x02  CRC=0x7D2B  q=(-0.0596,-0.8654,+0.4927,+0.0690)  raw=0010140230fc9dc8891f6b047d2b
  13.759  TS=  19  Addr=0x001  Cmd=0x02  CRC=0xED7F  q=(-0.0596,-0.8654,+0.4928,+0.0690)  raw=0010130230fc9ec88a1f6b04ed7f
  13.791  TS=  19  Addr=0x001  Cmd=0x02  CRC=0x17C7  q=(-0.0596,-0.8653,+0.4929,+0.0690)  raw=0010130230fc9fc88b1f6b0417c7
  13.823  TS=  20  Addr=0x001  Cmd=0x02  CRC=0xA06C  q=(-0.0596,-0.8653,+0.4929,+0.0691)  raw=0010140230fc9fc88c1f6c04a06c
  13.855  TS=  20  Addr=0x001  Cmd=0x02  CRC=0xA06C  q=(-0.0596,-0.8653,+0.4929,+0.0691)  raw=0010140230fc9fc88c1f6c04a06c
  13.871  TS=  20  Addr=0x001  Cmd=0x02  CRC=0xAB7F  q=(-0.0595,-0.8652,+0.4930,+0.0691)  raw=0010140231fca0c88e1f6c04ab7f
  13.903  TS=  20  Addr=0x001  Cmd=0x02  CRC=0xAB7F  q=(-0.0595,-0.8652,+0.4930,+0.0691)  raw=0010140231fca0c88e1f6c04ab7f
  13.935  TS=  19  Addr=0x001  Cmd=0x02  CRC=0x7BB9  q=(-0.0595,-0.8653,+0.4929,+0.0692)  raw=0010130231fc9fc88c1f6d047bb9
  13.951  TS=  19  Addr=0x001  Cmd=0x02  CRC=0xDA29  q=(-0.0595,-0.8653,+0.4929,+0.0692)  raw=0010130231fc9fc88b1f6d04da29
  13.967  TS=  19  Addr=0x001  Cmd=0x02  CRC=0xDA29  q=(-0.0595,-0.8653,+0.4929,+0.0692)  raw=0010130231fc9fc88b1f6d04da29
  13.983  TS=  20  Addr=0x001  Cmd=0x02  CRC=0x58DD  q=(-0.0595,-0.8653,+0.4929,+0.0692)  raw=0010140231fc9fc88b1f6e0458dd
  13.999  TS=  19  Addr=0x001  Cmd=0x02  CRC=0xAB33  q=(-0.0595,-0.8652,+0.4929,+0.0692)  raw=0010130231fca0c88c1f6e04ab33
  14.031  TS=  20  Addr=0x001  Cmd=0x02  CRC=0x58DD  q=(-0.0595,-0.8653,+0.4929,+0.0692)  raw=0010140231fc9fc88b1f6e0458dd
  14.063  TS=  19  Addr=0x001  Cmd=0x02  CRC=0x4DCC  q=(-0.0595,-0.8654,+0.4927,+0.0692)  raw=0010130231fc9ec8891f6e044dcc
  14.095  TS=  19  Addr=0x001  Cmd=0x02  CRC=0xF444  q=(-0.0595,-0.8654,+0.4928,+0.0693)  raw=0010130231fc9ec88a1f6f04f444
  14.127  TS=  20  Addr=0x001  Cmd=0x02  CRC=0xEF35  q=(-0.0595,-0.8654,+0.4927,+0.0692)  raw=0010140231fc9ec8891f6e04ef35
  14.159  TS=  19  Addr=0x001  Cmd=0x02  CRC=0x4DCC  q=(-0.0595,-0.8654,+0.4927,+0.0692)  raw=0010130231fc9ec8891f6e044dcc
  14.191  TS=  19  Addr=0x001  Cmd=0x02  CRC=0xB914  q=(-0.0595,-0.8654,+0.4927,+0.0693)  raw=0010130231fc9ec8891f6f04b914
  14.223  TS=  20  Addr=0x001  Cmd=0x02  CRC=0x1BED  q=(-0.0595,-0.8654,+0.4927,+0.0693)  raw=0010140231fc9ec8891f6f041bed
  14.255  TS=  20  Addr=0x001  Cmd=0x02  CRC=0xEF35  q=(-0.0595,-0.8654,+0.4927,+0.0692)  raw=0010140231fc9ec8891f6e04ef35
  14.287  TS=  19  Addr=0x001  Cmd=0x02  CRC=0x0EFC  q=(-0.0595,-0.8653,+0.4929,+0.0693)  raw=0010130231fc9fc88b1f6f040efc
  14.319  TS=  19  Addr=0x001  Cmd=0x02  CRC=0x298B  q=(-0.0595,-0.8652,+0.4930,+0.0693)  raw=0010130231fca0c88e1f6f04298b
  14.351  TS=  20  Addr=0x001  Cmd=0x02  CRC=0xC622  q=(-0.0595,-0.8652,+0.4930,+0.0693)  raw=0010140231fca0c88d1f6f04c622
  14.383  TS=  20  Addr=0x001  Cmd=0x02  CRC=0xC622  q=(-0.0595,-0.8652,+0.4930,+0.0693)  raw=0010140231fca0c88d1f6f04c622
  14.415  TS=  20  Addr=0x001  Cmd=0x02  CRC=0x4AFA  q=(-0.0595,-0.8652,+0.4930,+0.0693)  raw=0010140231fca1c88e1f6f044afa
  14.447  TS=  20  Addr=0x001  Cmd=0x02  CRC=0x0D12  q=(-0.0595,-0.8651,+0.4932,+0.0693)  raw=0010140231fca2c8911f70040d12
  14.479  TS=  22  Addr=0x001  Cmd=0x02  CRC=0x8F23  q=(-0.0595,-0.8652,+0.4931,+0.0693)  raw=0010160231fca1c88f1f70048f23
  14.511  TS=  18  Addr=0x001  Cmd=0x02  CRC=0x616F  q=(-0.0595,-0.8652,+0.4931,+0.0693)  raw=0010120231fca1c88f1f7004616f
  14.543  TS=  20  Addr=0x001  Cmd=0x02  CRC=0xF805  q=(-0.0595,-0.8652,+0.4931,+0.0693)  raw=0010140231fca1c88f1f7004f805
  14.575  TS=  20  Addr=0x001  Cmd=0x02  CRC=0xF805  q=(-0.0595,-0.8652,+0.4931,+0.0693)  raw=0010140231fca1c88f1f7004f805
  14.607  TS=  20  Addr=0x001  Cmd=0x02  CRC=0x537C  q=(-0.0594,-0.8652,+0.4931,+0.0693)  raw=0010140232fca1c88f1f7004537c
  14.639  TS=  19  Addr=0x001  Cmd=0x02  CRC=0xF185  q=(-0.0594,-0.8652,+0.4931,+0.0693)  raw=0010130232fca1c88f1f7004f185
  14.671  TS=  19  Addr=0x001  Cmd=0x02  CRC=0xCAB5  q=(-0.0594,-0.8652,+0.4930,+0.0693)  raw=0010130232fca1c88e1f7004cab5
  14.703  TS=  20  Addr=0x001  Cmd=0x02  CRC=0x684C  q=(-0.0594,-0.8652,+0.4930,+0.0693)  raw=0010140232fca1c88e1f7004684c
  14.735  TS=  19  Addr=0x001  Cmd=0x02  CRC=0xCAB5  q=(-0.0594,-0.8652,+0.4930,+0.0693)  raw=0010130232fca1c88e1f7004cab5
  14.767  TS=  20  Addr=0x001  Cmd=0x02  CRC=0x684C  q=(-0.0594,-0.8652,+0.4930,+0.0693)  raw=0010140232fca1c88e1f7004684c
  14.799  TS=  20  Addr=0x001  Cmd=0x02  CRC=0x684C  q=(-0.0594,-0.8652,+0.4930,+0.0693)  raw=0010140232fca1c88e1f7004684c
  14.831  TS=  20  Addr=0x001  Cmd=0x02  CRC=0x684C  q=(-0.0594,-0.8652,+0.4930,+0.0693)  raw=0010140232fca1c88e1f7004684c
  14.863  TS=  19  Addr=0x001  Cmd=0x02  CRC=0xCAB5  q=(-0.0594,-0.8652,+0.4930,+0.0693)  raw=0010130232fca1c88e1f7004cab5
  14.895  TS=  20  Addr=0x001  Cmd=0x02  CRC=0x684C  q=(-0.0594,-0.8652,+0.4930,+0.0693)  raw=0010140232fca1c88e1f7004684c
  14.927  TS=  20  Addr=0x001  Cmd=0x02  CRC=0xA9C4  q=(-0.0594,-0.8652,+0.4930,+0.0693)  raw=0010140232fca0c88e1f7004a9c4
  14.959  TS=  19  Addr=0x001  Cmd=0x02  CRC=0x0B3D  q=(-0.0594,-0.8652,+0.4930,+0.0693)  raw=0010130232fca0c88e1f70040b3d
  14.991  TS=  20  Addr=0x001  Cmd=0x02  CRC=0xA9C4  q=(-0.0594,-0.8652,+0.4930,+0.0693)  raw=0010140232fca0c88e1f7004a9c4
  15.023  TS=  20  Addr=0x001  Cmd=0x02  CRC=0xE494  q=(-0.0594,-0.8652,+0.4930,+0.0693)  raw=0010140232fca0c88d1f7004e494
  15.055  TS=  20  Addr=0x001  Cmd=0x02  CRC=0xE494  q=(-0.0594,-0.8652,+0.4930,+0.0693)  raw=0010140232fca0c88d1f7004e494
  15.087  TS=  19  Addr=0x001  Cmd=0x02  CRC=0x466D  q=(-0.0594,-0.8652,+0.4930,+0.0693)  raw=0010130232fca0c88d1f7004466d
  15.119  TS=  20  Addr=0x001  Cmd=0x02  CRC=0xE494  q=(-0.0594,-0.8652,+0.4930,+0.0693)  raw=0010140232fca0c88d1f7004e494
  15.151  TS=  20  Addr=0x001  Cmd=0x02  CRC=0x104C  q=(-0.0594,-0.8652,+0.4930,+0.0694)  raw=0010140232fca0c88d1f7104104c
  15.183  TS=  19  Addr=0x001  Cmd=0x02  CRC=0x2C4A  q=(-0.0594,-0.8653,+0.4929,+0.0693)  raw=0010130232fc9fc88b1f70042c4a
  15.215  TS=  20  Addr=0x001  Cmd=0x02  CRC=0x7A6B  q=(-0.0594,-0.8653,+0.4929,+0.0694)  raw=0010140232fc9fc88b1f71047a6b
  15.247  TS=  20  Addr=0x001  Cmd=0x02  CRC=0xA7A4  q=(-0.0594,-0.8652,+0.4931,+0.0694)  raw=0010140232fca1c88f1f7104a7a4
  15.279  TS=  20  Addr=0x001  Cmd=0x02  CRC=0xC47A  q=(-0.0594,-0.8651,+0.4932,+0.0695)  raw=0010140233fca2c8901f7204c47a
  15.311  TS=  19  Addr=0x001  Cmd=0x02  CRC=0xA8A4  q=(-0.0594,-0.8652,+0.4931,+0.0695)  raw=0010130233fca1c88f1f7204a8a4
  15.343  TS=  20  Addr=0x001  Cmd=0x02  CRC=0x0A5D  q=(-0.0594,-0.8652,+0.4931,+0.0695)  raw=0010140233fca1c88f1f72040a5d
  15.359  TS=  20  Addr=0x001  Cmd=0x02  CRC=0x3EC2  q=(-0.0594,-0.8651,+0.4932,+0.0695)  raw=0010140233fca3c8911f72043ec2
  15.375  TS=  19  Addr=0x001  Cmd=0x02  CRC=0x5C9F  q=(-0.0594,-0.8651,+0.4933,+0.0695)  raw=0010130232fca3c8921f72045c9f
  15.391  TS=  19  Addr=0x001  Cmd=0x02  CRC=0x5C9F  q=(-0.0594,-0.8651,+0.4933,+0.0695)  raw=0010130232fca3c8921f72045c9f
  15.407  TS=  20  Addr=0x001  Cmd=0x02  CRC=0x72BE  q=(-0.0594,-0.8651,+0.4932,+0.0695)  raw=0010140232fca2c8911f720472be
  15.423  TS=  20  Addr=0x001  Cmd=0x02  CRC=0x72BE  q=(-0.0594,-0.8651,+0.4932,+0.0695)  raw=0010140232fca2c8911f720472be
  15.439  TS=  20  Addr=0x001  Cmd=0x02  CRC=0xB336  q=(-0.0594,-0.8651,+0.4932,+0.0695)  raw=0010140232fca3c8911f7204b336
  15.455  TS=  19  Addr=0x001  Cmd=0x02  CRC=0x5C9F  q=(-0.0594,-0.8651,+0.4933,+0.0695)  raw=0010130232fca3c8921f72045c9f
  15.471  TS=  19  Addr=0x001  Cmd=0x02  CRC=0x5C9F  q=(-0.0594,-0.8651,+0.4933,+0.0695)  raw=0010130232fca3c8921f72045c9f
  15.487  TS=  20  Addr=0x001  Cmd=0x02  CRC=0xFE66  q=(-0.0594,-0.8651,+0.4933,+0.0695)  raw=0010140232fca3c8921f7204fe66
  15.503  TS=  20  Addr=0x001  Cmd=0x02  CRC=0xFB24  q=(-0.0594,-0.8650,+0.4933,+0.0695)  raw=0010140232fca4c8931f7204fb24
  15.519  TS=  19  Addr=0x001  Cmd=0x02  CRC=0x59DD  q=(-0.0594,-0.8650,+0.4933,+0.0695)  raw=0010130232fca4c8931f720459dd
  15.535  TS=  19  Addr=0x001  Cmd=0x02  CRC=0x5C9F  q=(-0.0594,-0.8651,+0.4933,+0.0695)  raw=0010130232fca3c8921f72045c9f
  15.551  TS=  19  Addr=0x001  Cmd=0x02  CRC=0x5C9F  q=(-0.0594,-0.8651,+0.4933,+0.0695)  raw=0010130232fca3c8921f72045c9f
  15.567  TS=  20  Addr=0x001  Cmd=0x02  CRC=0x0ABE  q=(-0.0594,-0.8651,+0.4933,+0.0695)  raw=0010140232fca3c8921f73040abe
  15.583  TS=  20  Addr=0x001  Cmd=0x02  CRC=0xFE66  q=(-0.0594,-0.8651,+0.4933,+0.0695)  raw=0010140232fca3c8921f7204fe66
  15.599  TS=  20  Addr=0x001  Cmd=0x02  CRC=0xFB24  q=(-0.0594,-0.8650,+0.4933,+0.0695)  raw=0010140232fca4c8931f7204fb24
  15.615  TS=  20  Addr=0x001  Cmd=0x02  CRC=0x0FFC  q=(-0.0594,-0.8650,+0.4933,+0.0695)  raw=0010140232fca4c8931f73040ffc
  15.631  TS=  20  Addr=0x001  Cmd=0x02  CRC=0x0FFC  q=(-0.0594,-0.8650,+0.4933,+0.0695)  raw=0010140232fca4c8931f73040ffc
  15.647  TS=  20  Addr=0x001  Cmd=0x02  CRC=0x318E  q=(-0.0594,-0.8651,+0.4933,+0.0695)  raw=0010140232fca3c8931f7304318e
  15.679  TS=  20  Addr=0x001  Cmd=0x02  CRC=0x8208  q=(-0.0594,-0.8650,+0.4933,+0.0695)  raw=0010140233fca4c8931f73048208
  15.695  TS=  20  Addr=0x001  Cmd=0x02  CRC=0x874A  q=(-0.0594,-0.8651,+0.4933,+0.0695)  raw=0010140233fca3c8921f7304874a
  15.727  TS=  20  Addr=0x001  Cmd=0x02  CRC=0x7392  q=(-0.0594,-0.8651,+0.4933,+0.0695)  raw=0010140233fca3c8921f72047392
  15.759  TS=  20  Addr=0x001  Cmd=0x02  CRC=0xD740  q=(-0.0594,-0.8650,+0.4934,+0.0695)  raw=0010140233fca4c8941f7204d740
  15.791  TS=  20  Addr=0x001  Cmd=0x02  CRC=0xD740  q=(-0.0594,-0.8650,+0.4934,+0.0695)  raw=0010140233fca4c8941f7204d740
  15.823  TS=  20  Addr=0x001  Cmd=0x02  CRC=0x48A2  q=(-0.0594,-0.8651,+0.4933,+0.0695)  raw=0010140233fca3c8931f720448a2
  15.855  TS=  20  Addr=0x001  Cmd=0x02  CRC=0xD740  q=(-0.0594,-0.8650,+0.4934,+0.0695)  raw=0010140233fca4c8941f7204d740
  15.887  TS=  19  Addr=0x001  Cmd=0x02  CRC=0x75B9  q=(-0.0594,-0.8650,+0.4934,+0.0695)  raw=0010130233fca4c8941f720475b9
  15.919  TS=  20  Addr=0x001  Cmd=0x02  CRC=0xD740  q=(-0.0594,-0.8650,+0.4934,+0.0695)  raw=0010140233fca4c8941f7204d740
  15.951  TS=  20  Addr=0x001  Cmd=0x02  CRC=0x76D0  q=(-0.0594,-0.8650,+0.4933,+0.0695)  raw=0010140233fca4c8931f720476d0
  15.983  TS=  20  Addr=0x001  Cmd=0x02  CRC=0xD740  q=(-0.0594,-0.8650,+0.4934,+0.0695)  raw=0010140233fca4c8941f7204d740
  16.015  TS=  19  Addr=0x001  Cmd=0x02  CRC=0x75B9  q=(-0.0594,-0.8650,+0.4934,+0.0695)  raw=0010130233fca4c8941f720475b9
  16.047  TS=  20  Addr=0x001  Cmd=0x02  CRC=0x2DF8  q=(-0.0594,-0.8649,+0.4935,+0.0695)  raw=0010140233fca5c8951f72042df8
  16.079  TS=  20  Addr=0x001  Cmd=0x02  CRC=0x2DF8  q=(-0.0594,-0.8649,+0.4935,+0.0695)  raw=0010140233fca5c8951f72042df8
  16.111  TS=  19  Addr=0x001  Cmd=0x02  CRC=0xBB7D  q=(-0.0594,-0.8649,+0.4935,+0.0695)  raw=0010130232fca5c8961f7304bb7d
  16.143  TS=  19  Addr=0x001  Cmd=0x02  CRC=0xBB7D  q=(-0.0594,-0.8649,+0.4935,+0.0695)  raw=0010130232fca5c8961f7304bb7d
  16.175  TS=  20  Addr=0x001  Cmd=0x02  CRC=0x1984  q=(-0.0594,-0.8649,+0.4935,+0.0695)  raw=0010140232fca5c8961f73041984
  16.207  TS=  20  Addr=0x001  Cmd=0x02  CRC=0x1984  q=(-0.0594,-0.8649,+0.4935,+0.0695)  raw=0010140232fca5c8961f73041984
  16.239  TS=  20  Addr=0x001  Cmd=0x02  CRC=0x1984  q=(-0.0594,-0.8649,+0.4935,+0.0695)  raw=0010140232fca5c8961f73041984
  16.271  TS=  19  Addr=0x001  Cmd=0x02  CRC=0xBB7D  q=(-0.0594,-0.8649,+0.4935,+0.0695)  raw=0010130232fca5c8961f7304bb7d
  16.303  TS=  20  Addr=0x001  Cmd=0x02  CRC=0xD5A1  q=(-0.0596,-0.8651,+0.4932,+0.0696)  raw=0010140230fca3c8911f7404d5a1
  16.335  TS=  19  Addr=0x001  Cmd=0x02  CRC=0x7758  q=(-0.0596,-0.8651,+0.4932,+0.0696)  raw=0010130230fca3c8911f74047758
  16.367  TS=  19  Addr=0x001  Cmd=0x02  CRC=0x8B88  q=(-0.0596,-0.8650,+0.4933,+0.0695)  raw=0010130230fca4c8931f73048b88
  16.399  TS=  20  Addr=0x001  Cmd=0x02  CRC=0xF436  q=(-0.0596,-0.8649,+0.4935,+0.0696)  raw=0010140230fca6c8961f7404f436
  16.431  TS=  19  Addr=0x001  Cmd=0x02  CRC=0x5F52  q=(-0.0596,-0.8649,+0.4934,+0.0696)  raw=0010130230fca5c8941f74045f52
  16.463  TS=  20  Addr=0x001  Cmd=0x02  CRC=0xC69B  q=(-0.0596,-0.8649,+0.4935,+0.0696)  raw=0010140230fca5c8951f7404c69b
  16.495  TS=  20  Addr=0x001  Cmd=0x02  CRC=0xCF06  q=(-0.0596,-0.8649,+0.4936,+0.0696)  raw=0010140230fca6c8971f7404cf06
  16.527  TS=  20  Addr=0x001  Cmd=0x02  CRC=0x7BC4  q=(-0.0596,-0.8649,+0.4936,+0.0695)  raw=0010140230fca6c8971f73047bc4
  16.559  TS=  19  Addr=0x001  Cmd=0x02  CRC=0x66F0  q=(-0.0596,-0.8648,+0.4937,+0.0695)  raw=0010130230fca7c8991f730466f0
  16.591  TS=  20  Addr=0x001  Cmd=0x02  CRC=0xC409  q=(-0.0596,-0.8648,+0.4937,+0.0695)  raw=0010140230fca7c8991f7304c409
  16.623  TS=  20  Addr=0x001  Cmd=0x02  CRC=0x82F1  q=(-0.0595,-0.8647,+0.4938,+0.0695)  raw=0010140231fca8c89b1f730482f1
  16.655  TS=  20  Addr=0x001  Cmd=0x02  CRC=0xEA48  q=(-0.0596,-0.8646,+0.4940,+0.0696)  raw=001014022ffcaac89d1f7404ea48
  16.687  TS=  19  Addr=0x001  Cmd=0x02  CRC=0x9845  q=(-0.0598,-0.8650,+0.4933,+0.0696)  raw=001013022dfca4c8931f75049845
  16.719  TS=  20  Addr=0x001  Cmd=0x02  CRC=0x3FFE  q=(-0.0598,-0.8651,+0.4933,+0.0696)  raw=001014022dfca3c8921f75043ffe
  16.751  TS=  20  Addr=0x001  Cmd=0x02  CRC=0xF9DA  q=(-0.0597,-0.8651,+0.4932,+0.0697)  raw=001014022efca3c8911f7604f9da
  16.783  TS=  19  Addr=0x001  Cmd=0x02  CRC=0x5B23  q=(-0.0597,-0.8651,+0.4932,+0.0697)  raw=001013022efca3c8911f76045b23
  16.815  TS=  19  Addr=0x001  Cmd=0x02  CRC=0x6013  q=(-0.0597,-0.8651,+0.4932,+0.0697)  raw=001013022efca3c8901f76046013
  16.847  TS=  20  Addr=0x001  Cmd=0x02  CRC=0xA81B  q=(-0.0598,-0.8651,+0.4932,+0.0697)  raw=001014022dfca2c8901f7604a81b
  16.879  TS=  19  Addr=0x001  Cmd=0x02  CRC=0xBB38  q=(-0.0598,-0.8651,+0.4931,+0.0697)  raw=001013022dfca2c88f1f7604bb38
  16.911  TS=  19  Addr=0x001  Cmd=0x02  CRC=0xBB38  q=(-0.0598,-0.8651,+0.4931,+0.0697)  raw=001013022dfca2c88f1f7604bb38
  16.943  TS=  19  Addr=0x001  Cmd=0x02  CRC=0xBB38  q=(-0.0598,-0.8651,+0.4931,+0.0697)  raw=001013022dfca2c88f1f7604bb38
  16.975  TS=  20  Addr=0x001  Cmd=0x02  CRC=0x22F1  q=(-0.0598,-0.8651,+0.4930,+0.0697)  raw=001014022dfca2c88e1f760422f1
  17.007  TS=  19  Addr=0x001  Cmd=0x02  CRC=0xBB38  q=(-0.0598,-0.8651,+0.4931,+0.0697)  raw=001013022dfca2c88f1f7604bb38
  17.039  TS=  20  Addr=0x001  Cmd=0x02  CRC=0x236F  q=(-0.0597,-0.8651,+0.4932,+0.0696)  raw=001014022efca2c8901f7504236f
  17.071  TS=  20  Addr=0x001  Cmd=0x02  CRC=0xFED5  q=(-0.0602,-0.8651,+0.4930,+0.0699)  raw=0010140226fca2c88d1f7904fed5
  17.103  TS=  19  Addr=0x001  Cmd=0x02  CRC=0x5E85  q=(-0.0607,-0.8657,+0.4919,+0.0701)  raw=001013021dfc98c87b1f7c045e85
  17.135  TS=  19  Addr=0x001  Cmd=0x02  CRC=0xAFAC  q=(-0.0609,-0.8660,+0.4913,+0.0701)  raw=001013021bfc93c8711f7d04afac
  17.167  TS=  20  Addr=0x001  Cmd=0x02  CRC=0x0335  q=(-0.0609,-0.8661,+0.4912,+0.0701)  raw=001014021bfc92c8701f7c040335
  17.199  TS=  20  Addr=0x001  Cmd=0x02  CRC=0xB4DD  q=(-0.0609,-0.8660,+0.4913,+0.0701)  raw=001014021bfc93c8721f7c04b4dd
  17.215  TS=  20  Addr=0x001  Cmd=0x02  CRC=0x100F  q=(-0.0609,-0.8660,+0.4915,+0.0701)  raw=001014021bfc94c8741f7c04100f
  17.231  TS=  20  Addr=0x001  Cmd=0x02  CRC=0x100F  q=(-0.0609,-0.8660,+0.4915,+0.0701)  raw=001014021bfc94c8741f7c04100f
  17.247  TS=  20  Addr=0x001  Cmd=0x02  CRC=0x100F  q=(-0.0609,-0.8660,+0.4915,+0.0701)  raw=001014021bfc94c8741f7c04100f
  17.263  TS=  20  Addr=0x001  Cmd=0x02  CRC=0xA4CD  q=(-0.0609,-0.8660,+0.4915,+0.0700)  raw=001014021bfc94c8741f7b04a4cd
  17.279  TS=  20  Addr=0x001  Cmd=0x02  CRC=0x3B2F  q=(-0.0609,-0.8660,+0.4914,+0.0700)  raw=001014021bfc93c8731f7b043b2f
  17.295  TS=  19  Addr=0x001  Cmd=0x02  CRC=0xA7A4  q=(-0.0609,-0.8660,+0.4914,+0.0700)  raw=001013021bfc94c8731f7b04a7a4
  17.311  TS=  19  Addr=0x001  Cmd=0x02  CRC=0xA7A4  q=(-0.0609,-0.8660,+0.4914,+0.0700)  raw=001013021bfc94c8731f7b04a7a4
  17.327  TS=  20  Addr=0x001  Cmd=0x02  CRC=0x5015  q=(-0.0609,-0.8660,+0.4915,+0.0699)  raw=001014021bfc94c8741f7a045015
  17.359  TS=  20  Addr=0x001  Cmd=0x02  CRC=0x1CFD  q=(-0.0609,-0.8658,+0.4918,+0.0699)  raw=001014021bfc97c8791f7a041cfd
  17.391  TS=  20  Addr=0x001  Cmd=0x02  CRC=0x07FC  q=(-0.0609,-0.8656,+0.4920,+0.0700)  raw=001014021bfc9ac87d1f7b0407fc
  17.423  TS=  19  Addr=0x001  Cmd=0x02  CRC=0x1510  q=(-0.0609,-0.8657,+0.4919,+0.0699)  raw=001013021bfc99c87c1f7a041510
  17.439  TS=  20  Addr=0x001  Cmd=0x02  CRC=0xD7F1  q=(-0.0609,-0.8657,+0.4919,+0.0699)  raw=001014021bfc98c87b1f7a04d7f1
  17.471  TS=  20  Addr=0x001  Cmd=0x02  CRC=0x8CD9  q=(-0.0609,-0.8657,+0.4920,+0.0699)  raw=001014021bfc99c87d1f7a048cd9
  17.503  TS=  20  Addr=0x001  Cmd=0x02  CRC=0xF7FC  q=(-0.0609,-0.8657,+0.4919,+0.0699)  raw=001014021bfc98c87b1f7904f7fc
  17.535  TS=  20  Addr=0x001  Cmd=0x02  CRC=0xBD6F  q=(+1.9391,-0.8657,+0.4919,+0.0699)  raw=001014021a7c98c87c1f7a04bd6f
  17.567  TS=  19  Addr=0x001  Cmd=0x02  CRC=0xB8E9  q=(-0.0609,-0.8657,+0.4919,+0.0699)  raw=001013021afc99c87c1f7904b8e9
  17.599  TS=  20  Addr=0x001  Cmd=0x02  CRC=0x4138  q=(-0.0609,-0.8657,+0.4918,+0.0699)  raw=001014021afc98c87a1f79044138
  17.631  TS=  19  Addr=0x001  Cmd=0x02  CRC=0x7961  q=(-0.0609,-0.8657,+0.4919,+0.0699)  raw=001013021afc98c87c1f79047961
  17.663  TS=  19  Addr=0x001  Cmd=0x02  CRC=0x07B0  q=(-0.0609,-0.8656,+0.4921,+0.0699)  raw=001013021bfc9ac87f1f790407b0
  17.695  TS=  20  Addr=0x001  Cmd=0x02  CRC=0x9E79  q=(-0.0609,-0.8656,+0.4921,+0.0699)  raw=001014021bfc9ac87e1f79049e79
  17.727  TS=  20  Addr=0x001  Cmd=0x02  CRC=0x8370  q=(-0.0609,-0.8655,+0.4922,+0.0699)  raw=001014021bfc9bc8801f79048370
  17.759  TS=  19  Addr=0x001  Cmd=0x02  CRC=0x699B  q=(-0.0609,-0.8655,+0.4923,+0.0699)  raw=001013021bfc9cc8821f7904699b
  17.791  TS=  19  Addr=0x001  Cmd=0x02  CRC=0xD4D0  q=(-0.0608,-0.8654,+0.4924,+0.0699)  raw=001013021cfc9dc8841f7904d4d0
  17.823  TS=  20  Addr=0x001  Cmd=0x02  CRC=0x12E9  q=(-0.0608,-0.8654,+0.4925,+0.0699)  raw=001014021cfc9ec8851f7a0412e9
  17.855  TS=  19  Addr=0x001  Cmd=0x02  CRC=0xD8B9  q=(-0.0607,-0.8654,+0.4924,+0.0699)  raw=001013021dfc9dc8831f7a04d8b9
  17.887  TS=  20  Addr=0x001  Cmd=0x02  CRC=0xD24D  q=(-0.0607,-0.8654,+0.4926,+0.0699)  raw=001014021dfc9ec8861f7a04d24d
  17.920  TS=  20  Addr=0x001  Cmd=0x02  CRC=0xE71D  q=(-0.0607,-0.8653,+0.4926,+0.0700)  raw=001014021dfc9fc8861f7b04e71d
  17.951  TS=  19  Addr=0x001  Cmd=0x02  CRC=0x3BA1  q=(-0.0607,-0.8653,+0.4927,+0.0700)  raw=001013021dfc9fc8881f7b043ba1
  17.983  TS=  19  Addr=0x001  Cmd=0x02  CRC=0x7ED4  q=(-0.0607,-0.8653,+0.4926,+0.0700)  raw=001013021dfc9fc8871f7b047ed4
  18.015  TS=  19  Addr=0x001  Cmd=0x02  CRC=0x7ED4  q=(-0.0607,-0.8653,+0.4926,+0.0700)  raw=001013021dfc9fc8871f7b047ed4
  18.047  TS=  20  Addr=0x001  Cmd=0x02  CRC=0x9958  q=(-0.0607,-0.8653,+0.4927,+0.0700)  raw=001014021dfc9fc8881f7b049958
  18.079  TS=  20  Addr=0x001  Cmd=0x02  CRC=0x9958  q=(-0.0607,-0.8653,+0.4927,+0.0700)  raw=001014021dfc9fc8881f7b049958
  18.111  TS=  20  Addr=0x001  Cmd=0x02  CRC=0x9958  q=(-0.0607,-0.8653,+0.4927,+0.0700)  raw=001014021dfc9fc8881f7b049958
  18.143  TS=  20  Addr=0x001  Cmd=0x02  CRC=0x7754  q=(-0.0607,-0.8653,+0.4926,+0.0700)  raw=001014021efc9fc8871f7b047754
  18.175  TS=  20  Addr=0x001  Cmd=0x02  CRC=0x6B9B  q=(-0.0607,-0.8655,+0.4923,+0.0701)  raw=001014021efc9cc8821f7c046b9b
  18.207  TS=  20  Addr=0x001  Cmd=0x02  CRC=0xFC7C  q=(-0.0607,-0.8657,+0.4919,+0.0701)  raw=001014021dfc98c87b1f7c04fc7c
  18.239  TS=  19  Addr=0x001  Cmd=0x02  CRC=0x2A44  q=(-0.0607,-0.8658,+0.4916,+0.0701)  raw=001013021dfc96c8771f7c042a44
  18.271  TS=  19  Addr=0x001  Cmd=0x02  CRC=0x23D9  q=(-0.0607,-0.8659,+0.4915,+0.0701)  raw=001013021dfc95c8751f7c0423d9
  18.303  TS=  20  Addr=0x001  Cmd=0x02  CRC=0x38A8  q=(-0.0607,-0.8659,+0.4916,+0.0701)  raw=001014021dfc95c8761f7d0438a8
  18.335  TS=  19  Addr=0x001  Cmd=0x02  CRC=0x23D9  q=(-0.0607,-0.8659,+0.4915,+0.0701)  raw=001013021dfc95c8751f7c0423d9
  18.367  TS=  19  Addr=0x001  Cmd=0x02  CRC=0xE5AC  q=(-0.0607,-0.8658,+0.4916,+0.0701)  raw=001013021dfc96c8761f7d04e5ac
  18.399  TS=  20  Addr=0x001  Cmd=0x02  CRC=0x38A8  q=(-0.0607,-0.8659,+0.4916,+0.0701)  raw=001014021dfc95c8761f7d0438a8
  18.431  TS=  20  Addr=0x001  Cmd=0x02  CRC=0x75F8  q=(-0.0607,-0.8659,+0.4915,+0.0701)  raw=001014021dfc95c8751f7d0475f8
  18.463  TS=  19  Addr=0x001  Cmd=0x02  CRC=0xEC31  q=(-0.0607,-0.8659,+0.4915,+0.0701)  raw=001013021dfc95c8741f7d04ec31
  18.495  TS=  20  Addr=0x001  Cmd=0x02  CRC=0x85A9  q=(-0.0607,-0.8660,+0.4914,+0.0701)  raw=001014021efc94c8731f7d0485a9
  18.527  TS=  20  Addr=0x001  Cmd=0x02  CRC=0x2B92  q=(-0.0607,-0.8660,+0.4913,+0.0701)  raw=001014021dfc93c8721f7d042b92
  18.559  TS=  20  Addr=0x001  Cmd=0x02  CRC=0xCABA  q=(-0.0609,-0.8663,+0.4907,+0.0703)  raw=001014021bfc8ec8681f7f04caba
  18.591  TS=  19  Addr=0x001  Cmd=0x02  CRC=0x837E  q=(-0.0580,-0.8671,+0.4899,+0.0695)  raw=0010130249fc82c85a1f7204837e
  18.623  TS=  19  Addr=0x001  Cmd=0x02  CRC=0xC3C4  q=(-0.0544,-0.8687,+0.4877,+0.0682)  raw=0010130285fc68c8361f5d04c3c4
  18.655  TS=  19  Addr=0x001  Cmd=0x02  CRC=0xE6B7  q=(-0.0495,-0.8669,+0.4917,+0.0645)  raw=00101302d5fc84c8781f2104e6b7
  18.687  TS=  20  Addr=0x001  Cmd=0x02  CRC=0xC3C0  q=(-0.0491,-0.8655,+0.4944,+0.0635)  raw=00101402dbfc9bc8a41f1004c3c0
  18.719  TS=  20  Addr=0x001  Cmd=0x02  CRC=0x07CD  q=(-0.0463,-0.8671,+0.4922,+0.0615)  raw=0010140209fd82c8801ff00307cd
  18.751  TS=  19  Addr=0x001  Cmd=0x02  CRC=0x8F89  q=(-0.0451,-0.8668,+0.4929,+0.0604)  raw=001013021dfd86c88c1fdd038f89
  18.783  TS=  19  Addr=0x001  Cmd=0x02  CRC=0x365F  q=(-0.0450,-0.8669,+0.4927,+0.0602)  raw=001013021efd84c8881fdb03365f
  18.815  TS=  19  Addr=0x001  Cmd=0x02  CRC=0x3760  q=(-0.0450,-0.8676,+0.4915,+0.0601)  raw=001013021efd79c8751fd9033760
  18.847  TS=  20  Addr=0x001  Cmd=0x02  CRC=0xBC09  q=(-0.0450,-0.8676,+0.4916,+0.0602)  raw=001014021efd7ac8771fda03bc09
  18.863  TS=  19  Addr=0x001  Cmd=0x02  CRC=0x5EEA  q=(-0.0450,-0.8676,+0.4916,+0.0603)  raw=001013021efd7ac8771fdc035eea
  18.879  TS=  20  Addr=0x001  Cmd=0x02  CRC=0x2352  q=(-0.0450,-0.8677,+0.4914,+0.0603)  raw=001014021ffd78c8731fdc032352
  18.895  TS=  20  Addr=0x001  Cmd=0x02  CRC=0x2352  q=(-0.0450,-0.8677,+0.4914,+0.0603)  raw=001014021ffd78c8731fdc032352
  18.911  TS=  19  Addr=0x001  Cmd=0x02  CRC=0x7573  q=(-0.0450,-0.8677,+0.4914,+0.0604)  raw=001013021ffd78c8731fdd037573
  18.927  TS=  20  Addr=0x001  Cmd=0x02  CRC=0x979F  q=(-0.0450,-0.8676,+0.4915,+0.0604)  raw=001014021ffd79c8741fde03979f
  18.943  TS=  19  Addr=0x001  Cmd=0x02  CRC=0xC6E6  q=(-0.0449,-0.8677,+0.4914,+0.0605)  raw=0010130220fd78c8731fdf03c6e6
  18.975  TS=  20  Addr=0x001  Cmd=0x02  CRC=0x4E00  q=(-0.0449,-0.8677,+0.4912,+0.0605)  raw=0010140220fd77c8701fe0034e00
  18.991  TS=  19  Addr=0x001  Cmd=0x02  CRC=0xD9A9  q=(-0.0449,-0.8678,+0.4912,+0.0606)  raw=0010130220fd76c8701fe103d9a9
  19.023  TS=  20  Addr=0x001  Cmd=0x02  CRC=0xE3F9  q=(-0.0449,-0.8677,+0.4912,+0.0607)  raw=0010140221fd77c8701fe303e3f9
  19.055  TS=  20  Addr=0x001  Cmd=0x02  CRC=0x15C4  q=(-0.0449,-0.8679,+0.4910,+0.0608)  raw=0010140221fd75c86c1fe40315c4
  19.087  TS=  20  Addr=0x001  Cmd=0x02  CRC=0x1C59  q=(-0.0449,-0.8678,+0.4911,+0.0608)  raw=0010140221fd76c86e1fe4031c59
  19.119  TS=  19  Addr=0x001  Cmd=0x02  CRC=0xCEF2  q=(-0.0449,-0.8677,+0.4913,+0.0608)  raw=0010130221fd77c8711fe403cef2
  19.151  TS=  20  Addr=0x001  Cmd=0x02  CRC=0x1E5F  q=(-0.0449,-0.8678,+0.4911,+0.0607)  raw=0010140220fd76c86f1fe3031e5f
  19.183  TS=  19  Addr=0x001  Cmd=0x02  CRC=0xDBE6  q=(-0.0450,-0.8678,+0.4911,+0.0607)  raw=001013021ffd76c86f1fe303dbe6
  19.215  TS=  20  Addr=0x001  Cmd=0x02  CRC=0x7061  q=(-0.0450,-0.8677,+0.4912,+0.0607)  raw=001014021efd77c8701fe2037061
  19.247  TS=  19  Addr=0x001  Cmd=0x02  CRC=0x1994  q=(-0.0450,-0.8677,+0.4913,+0.0607)  raw=001013021efd78c8721fe2031994
  19.279  TS=  20  Addr=0x001  Cmd=0x02  CRC=0x3019  q=(-0.0451,-0.8677,+0.4913,+0.0606)  raw=001014021dfd78c8721fe1033019
  19.311  TS=  20  Addr=0x001  Cmd=0x02  CRC=0x3019  q=(-0.0451,-0.8677,+0.4913,+0.0606)  raw=001014021dfd78c8721fe1033019
  19.327  TS=  20  Addr=0x001  Cmd=0x02  CRC=0x3019  q=(-0.0451,-0.8677,+0.4913,+0.0606)  raw=001014021dfd78c8721fe1033019
  19.359  TS=  20  Addr=0x001  Cmd=0x02  CRC=0xC4C1  q=(-0.0451,-0.8677,+0.4913,+0.0605)  raw=001014021dfd78c8721fe003c4c1
  19.391  TS=  19  Addr=0x001  Cmd=0x02  CRC=0x0ADF  q=(-0.0452,-0.8677,+0.4914,+0.0605)  raw=001013021cfd78c8731fdf030adf
  19.423  TS=  20  Addr=0x001  Cmd=0x02  CRC=0x5CFE  q=(-0.0452,-0.8677,+0.4914,+0.0604)  raw=001014021cfd78c8731fde035cfe
  19.455  TS=  19  Addr=0x001  Cmd=0x02  CRC=0xFE07  q=(-0.0452,-0.8677,+0.4914,+0.0604)  raw=001013021cfd78c8731fde03fe07
  19.487  TS=  20  Addr=0x001  Cmd=0x02  CRC=0x25D2  q=(-0.0451,-0.8677,+0.4914,+0.0605)  raw=001014021dfd78c8731fdf0325d2
  19.519  TS=  20  Addr=0x001  Cmd=0x02  CRC=0xA826  q=(-0.0452,-0.8677,+0.4914,+0.0605)  raw=001014021cfd78c8731fdf03a826
  19.551  TS=  20  Addr=0x001  Cmd=0x02  CRC=0x5CFE  q=(-0.0452,-0.8677,+0.4914,+0.0604)  raw=001014021cfd78c8731fde035cfe
  19.583  TS=  20  Addr=0x001  Cmd=0x02  CRC=0x3CE6  q=(-0.0452,-0.8676,+0.4915,+0.0604)  raw=001014021cfd79c8741fde033ce6
  19.615  TS=  19  Addr=0x001  Cmd=0x02  CRC=0x9E1F  q=(-0.0452,-0.8676,+0.4915,+0.0604)  raw=001013021cfd79c8741fde039e1f
  19.647  TS=  20  Addr=0x001  Cmd=0x02  CRC=0x3CE6  q=(-0.0452,-0.8676,+0.4915,+0.0604)  raw=001014021cfd79c8741fde033ce6
  19.679  TS=  19  Addr=0x001  Cmd=0x02  CRC=0xCB57  q=(-0.0452,-0.8676,+0.4914,+0.0605)  raw=001013021cfd79c8731fdf03cb57
  19.695  TS=  20  Addr=0x001  Cmd=0x02  CRC=0xC83E  q=(-0.0452,-0.8676,+0.4915,+0.0605)  raw=001014021cfd79c8741fdf03c83e
  19.727  TS=  20  Addr=0x001  Cmd=0x02  CRC=0xC83E  q=(-0.0452,-0.8676,+0.4915,+0.0605)  raw=001014021cfd79c8741fdf03c83e
  19.759  TS=  19  Addr=0x001  Cmd=0x02  CRC=0x1174  q=(-0.0452,-0.8676,+0.4914,+0.0605)  raw=001013021cfd79c8731fe0031174
  19.791  TS=  20  Addr=0x001  Cmd=0x02  CRC=0xB38D  q=(-0.0452,-0.8676,+0.4914,+0.0605)  raw=001014021cfd79c8731fe003b38d
  19.823  TS=  20  Addr=0x001  Cmd=0x02  CRC=0x121D  q=(-0.0452,-0.8676,+0.4915,+0.0605)  raw=001014021cfd79c8741fe003121d
  19.839  TS=  20  Addr=0x001  Cmd=0x02  CRC=0xF30E  q=(-0.0452,-0.8676,+0.4915,+0.0605)  raw=001014021cfd79c8751fdf03f30e
  19.871  TS=  20  Addr=0x001  Cmd=0x02  CRC=0xF30E  q=(-0.0452,-0.8676,+0.4915,+0.0605)  raw=001014021cfd79c8751fdf03f30e
  19.903  TS=  19  Addr=0x001  Cmd=0x02  CRC=0x51F7  q=(-0.0452,-0.8676,+0.4915,+0.0605)  raw=001013021cfd79c8751fdf0351f7
  19.935  TS=  20  Addr=0x001  Cmd=0x02  CRC=0x055E  q=(-0.0452,-0.8676,+0.4993,+0.0605)  raw=001014021cfd79c8f41fe003055e
  19.951  TS=  20  Addr=0x001  Cmd=0x02  CRC=0x121D  q=(-0.0452,-0.8676,+0.4915,+0.0605)  raw=001014021cfd79c8741fe003121d
  19.967  TS=  19  Addr=0x001  Cmd=0x02  CRC=0xB0E4  q=(-0.0452,-0.8676,+0.4915,+0.0605)  raw=001013021cfd79c8741fe003b0e4
  19.983  TS=  20  Addr=0x001  Cmd=0x02  CRC=0x121D  q=(-0.0452,-0.8676,+0.4915,+0.0605)  raw=001014021cfd79c8741fe003121d
  19.999  TS=  20  Addr=0x001  Cmd=0x02  CRC=0x121D  q=(-0.0452,-0.8676,+0.4915,+0.0605)  raw=001014021cfd79c8741fe003121d
  20.015  TS=  20  Addr=0x001  Cmd=0x02  CRC=0x292D  q=(-0.0452,-0.8676,+0.4915,+0.0605)  raw=001014021cfd79c8751fe003292d
  20.047  TS=  20  Addr=0x001  Cmd=0x02  CRC=0x292D  q=(-0.0452,-0.8676,+0.4915,+0.0605)  raw=001014021cfd79c8751fe003292d
  20.063  TS=  20  Addr=0x001  Cmd=0x02  CRC=0x292D  q=(-0.0452,-0.8676,+0.4915,+0.0605)  raw=001014021cfd79c8751fe003292d
  20.079  TS=  20  Addr=0x001  Cmd=0x02  CRC=0x292D  q=(-0.0452,-0.8676,+0.4915,+0.0605)  raw=001014021cfd79c8751fe003292d
  20.095  TS=  20  Addr=0x001  Cmd=0x02  CRC=0x292D  q=(-0.0452,-0.8676,+0.4915,+0.0605)  raw=001014021cfd79c8751fe003292d
  20.111  TS=  20  Addr=0x001  Cmd=0x02  CRC=0x292D  q=(-0.0452,-0.8676,+0.4915,+0.0605)  raw=001014021cfd79c8751fe003292d
  20.127  TS=  19  Addr=0x001  Cmd=0x02  CRC=0x8BD4  q=(-0.0452,-0.8676,+0.4915,+0.0605)  raw=001013021cfd79c8751fe0038bd4
  20.143  TS=  20  Addr=0x001  Cmd=0x02  CRC=0x121D  q=(-0.0452,-0.8676,+0.4915,+0.0605)  raw=001014021cfd79c8741fe003121d
  20.159  TS=  20  Addr=0x001  Cmd=0x02  CRC=0x121D  q=(-0.0452,-0.8676,+0.4915,+0.0605)  raw=001014021cfd79c8741fe003121d
  20.175  TS=  20  Addr=0x001  Cmd=0x02  CRC=0x121D  q=(-0.0452,-0.8676,+0.4915,+0.0605)  raw=001014021cfd79c8741fe003121d
  20.191  TS=  19  Addr=0x001  Cmd=0x02  CRC=0xB0E4  q=(-0.0452,-0.8676,+0.4915,+0.0605)  raw=001013021cfd79c8741fe003b0e4
  20.223  TS=  20  Addr=0x001  Cmd=0x02  CRC=0x121D  q=(-0.0452,-0.8676,+0.4915,+0.0605)  raw=001014021cfd79c8741fe003121d
  20.255  TS=  20  Addr=0x001  Cmd=0x02  CRC=0xDDF5  q=(-0.0452,-0.8676,+0.4915,+0.0606)  raw=001014021cfd79c8751fe103ddf5
  20.287  TS=  19  Addr=0x001  Cmd=0x02  CRC=0xF2F8  q=(-0.0451,-0.8676,+0.4915,+0.0606)  raw=001013021dfd79c8751fe103f2f8
  20.319  TS=  20  Addr=0x001  Cmd=0x02  CRC=0x5001  q=(-0.0451,-0.8676,+0.4915,+0.0606)  raw=001014021dfd79c8751fe1035001
  20.351  TS=  19  Addr=0x001  Cmd=0x02  CRC=0xC055  q=(-0.0451,-0.8676,+0.4916,+0.0606)  raw=001013021dfd7ac8761fe103c055
  20.383  TS=  19  Addr=0x001  Cmd=0x02  CRC=0xFB65  q=(-0.0451,-0.8676,+0.4916,+0.0606)  raw=001013021dfd7ac8771fe103fb65
  20.415  TS=  19  Addr=0x001  Cmd=0x02  CRC=0xC055  q=(-0.0451,-0.8676,+0.4916,+0.0606)  raw=001013021dfd7ac8761fe103c055
  20.559  TS=  19  Addr=0x001  Cmd=0x02  CRC=0xC055  q=(-0.0451,-0.8676,+0.4916,+0.0606)  raw=001013021dfd7ac8761fe103c055
