* ******************************************************************************

* iCEcube Packer

* Version:            2020.12.27943

* Build Date:         Dec  9 2020 17:31:51

* File Generated:     Apr 23 2026 17:54:56

* Purpose:            General info of design implementation

* Copyright (C) 2006-2010 by Lattice Semiconductor Corp. All rights reserved.

* ******************************************************************************

Command Line: C:\lscc\iCEcube2.2020.12\sbt_backend\bin\win32\opt\packer.exe  C:\lscc\iCEcube2.2020.12\sbt_backend\devices\ICE40T01.dev  C:/Users/varsa/Desktop/School/5_semester/BachelorProject/VoxLink/Firmware/Lattice/Projects/Core_Module_BringUp/Core_Module_BringUp_Implmnt\sbt\netlist\oadb-Top  --package  CM36A  --outdir  C:/Users/varsa/Desktop/School/5_semester/BachelorProject/VoxLink/Firmware/Lattice/Projects/Core_Module_BringUp/Core_Module_BringUp_Implmnt\sbt\outputs\packer  --translator  C:\lscc\iCEcube2.2020.12\sbt_backend\bin\sdc_translator.tcl  --src_sdc_file  C:/Users/varsa/Desktop/School/5_semester/BachelorProject/VoxLink/Firmware/Lattice/Projects/Core_Module_BringUp/Core_Module_BringUp_Implmnt\sbt\outputs\placer\Top_pl.sdc  --dst_sdc_file  C:/Users/varsa/Desktop/School/5_semester/BachelorProject/VoxLink/Firmware/Lattice/Projects/Core_Module_BringUp/Core_Module_BringUp_Implmnt\sbt\outputs\packer\Top_pk.sdc  --devicename  iCE40UL1K  

***** Device Info *****
Chip: iCE40UL1K
Package: CM36A
Size: 12 X 14

***** Design Utilization Info *****
Design: Top
Used Logic Cell: 40/1248
Used Logic Tile: 11/156
Used IO Cell:    1/48
Used Bram Cell For iCE40: 0/14
Used PLL For iCE40: 0/1
Ram Cascading Used: 0
Lut Cascading Used: 1

***** Clock Info *****
Clock Domain: sys_clk
Clock Source: sys_clkout 
Clock Driver: clk_pll (ICE_GB)
Driver Position: (3, 15, 0)
Fanout to FF: 28
Fanout to Tile: 5


***** Placement Info *****
Logic cell utilization per tile
    . . . . + . . . . 1 . . . . 
   ----------------------------
15|                             
14|   0 0 0 0 0 0 0 0 0 0 0 0   
13|   0 0 0 0 0 0 0 0 0 0 0 0   
12|   0 0 0 0 0 0 0 0 0 0 0 0   
11| 0 0 0 0 0 0 0 0 0 0 0 0 0 0 
10| 0 0 0 0 0 3 1 0 0 0 0 0 0 0 
 9| 0 0 0 0 0 8 1 0 0 0 0 0 0 0 
 8| 0 0 0 0 0 8 4 0 0 0 0 0 0 0 
 7| 0 0 0 0 0 8 4 1 0 0 0 0 0 0 
 6| 0 0 0 0 0 0 0 0 0 0 0 0 0 0 
 5| 0 0 0 0 0 0 0 0 0 0 0 0 0 0 
 4| 0 0 0 0 0 0 0 0 0 0 0 0 0 0 
 3|   0 0 0 0 0 0 0 0 0 0 0 0   
 2|   0 0 0 0 0 0 0 0 0 0 0 0   
 1|   1 0 0 0 0 1 0 0 0 0 0 0   
 0|                             

Maximum number of Logic cells per logic tile: 8
Average number of Logic cells per logic tile: 3.64

***** Input Pin Density Info *****
Number of input nets per logic tile
     .  .  .  .  +  .  .  .  .  1  .  .  .  . 
   ------------------------------------------
15|                                           
14|     0  0  0  0  0  0  0  0  0  0  0  0    
13|     0  0  0  0  0  0  0  0  0  0  0  0    
12|     0  0  0  0  0  0  0  0  0  0  0  0    
11|  0  0  0  0  0  0  0  0  0  0  0  0  0  0 
10|  0  0  0  0  0  6  0  0  0  0  0  0  0  0 
 9|  0  0  0  0  0 16  4  0  0  0  0  0  0  0 
 8|  0  0  0  0  0 16 16  0  0  0  0  0  0  0 
 7|  0  0  0  0  0 16 16  1  0  0  0  0  0  0 
 6|  0  0  0  0  0  0  0  0  0  0  0  0  0  0 
 5|  0  0  0  0  0  0  0  0  0  0  0  0  0  0 
 4|  0  0  0  0  0  0  0  0  0  0  0  0  0  0 
 3|     0  0  0  0  0  0  0  0  0  0  0  0    
 2|     0  0  0  0  0  0  0  0  0  0  0  0    
 1|     1  0  0  0  0  1  0  0  0  0  0  0    
 0|                                           

Maximum number of input nets per logic tile: 16
Average number of input nets per logic tile: 9.30

Number of input pins per logic tile
     .  .  .  .  +  .  .  .  .  1  .  .  .  . 
   ------------------------------------------
15|                                           
14|     0  0  0  0  0  0  0  0  0  0  0  0    
13|     0  0  0  0  0  0  0  0  0  0  0  0    
12|     0  0  0  0  0  0  0  0  0  0  0  0    
11|  0  0  0  0  0  0  0  0  0  0  0  0  0  0 
10|  0  0  0  0  0  6  0  0  0  0  0  0  0  0 
 9|  0  0  0  0  0 16  4  0  0  0  0  0  0  0 
 8|  0  0  0  0  0 16 16  0  0  0  0  0  0  0 
 7|  0  0  0  0  0 16 16  1  0  0  0  0  0  0 
 6|  0  0  0  0  0  0  0  0  0  0  0  0  0  0 
 5|  0  0  0  0  0  0  0  0  0  0  0  0  0  0 
 4|  0  0  0  0  0  0  0  0  0  0  0  0  0  0 
 3|     0  0  0  0  0  0  0  0  0  0  0  0    
 2|     0  0  0  0  0  0  0  0  0  0  0  0    
 1|     1  0  0  0  0  1  0  0  0  0  0  0    
 0|                                           

Maximum number of input pins per logic tile: 16
Average number of input pins per logic tile: 9.30

***** Run Time Info *****
Run Time:  0
