# Synopsys Constraint Checker, version maplat, Build 1612R, built Dec  5 2016
# Copyright (C) 1994-2016 Synopsys, Inc. All rights reserved. This Synopsys software and all associated documentation are proprietary to Synopsys, Inc. and may only be used pursuant to the terms and conditions of a written license agreement with Synopsys, Inc. All other use, reproduction, modification, or distribution of the Synopsys software or the associated documentation is strictly prohibited.

# Written on Fri May 01 18:30:46 2026


##### DESIGN INFO #######################################################

Top View:                "Top"
Constraint File(s):      "C:\BachelorProject\VoxLink\Firmware\Lattice\Source\Constraints\VoxLink_Constraints.sdc"




##### SUMMARY ############################################################

Found 6 issues in 3 out of 5 constraints


##### DETAILS ############################################################



Clock Relationships
*******************

Starting     Ending      |     rise to rise     |     fall to fall     |     rise to fall     |     fall to rise                     
------------------------------------------------------------------------------------------------------------------------------------
sys_clk      System      |     9.950            |     No paths         |     No paths         |     No paths                         
sys_clk      sys_clk     |     9.950            |     No paths         |     No paths         |     No paths                         
====================================================================================================================================
 Note: 'No paths' indicates there are no paths in the design for that pair of clock edges.
       'Diff grp' indicates that paths exist but the starting clock and ending clock are in different clock groups.


Unconstrained Start/End Points
******************************

p:led_io
p:vox_in_clk_p
p:vox_in_rxd_p
p:vox_out_rxd_n
p:vox_out_rxd_p


Inapplicable constraints
************************

set_multicycle_path -hold -from { get_registers *i2c_state* } { 1 }
	@E:"c:/bachelorproject/voxlink/firmware/lattice/source/constraints/voxlink_constraints.sdc":7:0:7:0|collection "[get_registers *i2c_state*]" is empty
set_multicycle_path -setup -from { get_registers *i2c_state* } -to { get_registers *bit_counter* } { 2 }
	@E:"c:/bachelorproject/voxlink/firmware/lattice/source/constraints/voxlink_constraints.sdc":5:0:5:0|Timing constraint (from [get_registers *i2c_state*] to [get_registers *bit_counter*]) (multi path 2) was not applied to the design because none of the '-from' objects specified by the constraint exist in the design

	@E:"c:/bachelorproject/voxlink/firmware/lattice/source/constraints/voxlink_constraints.sdc":5:0:5:0|collection "[get_registers *bit_counter*]" is empty
	@E:"c:/bachelorproject/voxlink/firmware/lattice/source/constraints/voxlink_constraints.sdc":5:0:5:0|collection "[get_registers *i2c_state*]" is empty
set_multicycle_path -setup -from { get_registers *i2c_state* } { 2 }
	@E:"c:/bachelorproject/voxlink/firmware/lattice/source/constraints/voxlink_constraints.sdc":6:0:6:0|Timing constraint (from [get_registers *i2c_state*]) (multi path 2) was not applied to the design because none of the '-from' objects specified by the constraint exist in the design

	@E:"c:/bachelorproject/voxlink/firmware/lattice/source/constraints/voxlink_constraints.sdc":6:0:6:0|collection "[get_registers *i2c_state*]" is empty

Applicable constraints with issues
**********************************

(none)


Constraints with matching wildcard expressions
**********************************************

(none)


Library Report
**************


# End of Constraint Checker Report
