* ******************************************************************************

* iCEcube Placer

* Version:            2020.12.27943

* Build Date:         Dec  9 2020 17:55:50

* File Generated:     Jan 15 2026 13:18:42

* Purpose:            

* Copyright (C) 2006-2010 by Lattice Semiconductor Corp. All rights reserved.

* ******************************************************************************

Executing : C:\lscc\iCEcube2.2020.12\sbt_backend\bin\win32\opt\sbtplacer.exe --des-lib C:/Users/varsa/Desktop/School/5_semester/BachelorProject/VoxLink/Firmware/Lattice/VoxLink_Protocol/VoxLink_Protocol_Implmnt\sbt\netlist\oadb-Top --outdir C:/Users/varsa/Desktop/School/5_semester/BachelorProject/VoxLink/Firmware/Lattice/VoxLink_Protocol/VoxLink_Protocol_Implmnt\sbt\outputs\placer --device-file C:\lscc\iCEcube2.2020.12\sbt_backend\devices\ICE40T01.dev --package CM36A --deviceMarketName iCE40UL1K --sdc-file C:/Users/varsa/Desktop/School/5_semester/BachelorProject/VoxLink/Firmware/Lattice/VoxLink_Protocol/VoxLink_Protocol_Implmnt\sbt\Temp/sbt_temp.sdc --lib-file C:\lscc\iCEcube2.2020.12\sbt_backend\devices\ice40BT1K.lib --effort_level std --out-sdc-file C:/Users/varsa/Desktop/School/5_semester/BachelorProject/VoxLink/Firmware/Lattice/VoxLink_Protocol/VoxLink_Protocol_Implmnt\sbt\outputs\placer\Top_pl.sdc
I2004: Option and Settings Summary
=============================================================
Device file          - C:\lscc\iCEcube2.2020.12\sbt_backend\devices\ICE40T01.dev
Package              - CM36A
Design database      - C:/Users/varsa/Desktop/School/5_semester/BachelorProject/VoxLink/Firmware/Lattice/VoxLink_Protocol/VoxLink_Protocol_Implmnt\sbt\netlist\oadb-Top
SDC file             - C:/Users/varsa/Desktop/School/5_semester/BachelorProject/VoxLink/Firmware/Lattice/VoxLink_Protocol/VoxLink_Protocol_Implmnt\sbt\Temp/sbt_temp.sdc
Output directory     - C:/Users/varsa/Desktop/School/5_semester/BachelorProject/VoxLink/Firmware/Lattice/VoxLink_Protocol/VoxLink_Protocol_Implmnt\sbt\outputs\placer
Timing library       - C:\lscc\iCEcube2.2020.12\sbt_backend\devices\ice40BT1K.lib
Effort level         - std

I2050: Starting reading inputs for placer
=============================================================
I2100: Reading design library: C:/Users/varsa/Desktop/School/5_semester/BachelorProject/VoxLink/Firmware/Lattice/VoxLink_Protocol/VoxLink_Protocol_Implmnt\sbt\netlist\oadb-Top/BFPGA_DESIGN_ep
I2065: Reading device file : C:\lscc\iCEcube2.2020.12\sbt_backend\devices\ICE40T01.dev
I2051: Reading of inputs for placer completed successfully

I2053: Starting placement of the design
=============================================================
W2715: Warning for set_io Constraint: Ignoring pin assignment for led_io, as it is not connected to any PAD

Input Design Statistics
    Number of LUTs      	:	37
    Number of DFFs      	:	28
    Number of DFFs packed to IO	:	0
    Number of Carrys    	:	26
    Number of RAMs      	:	0
    Number of ROMs      	:	0
    Number of IOs       	:	1
    Number of GBIOs     	:	0
    Number of GBs       	:	3
    Number of WarmBoot  	:	0
    Number of PLLs      	:	1
    Number of I2CFIFOs      	:	0
    Number of SBIOODs     	:	0
    Number of LEDDAIPs     	:	0
    Number of RGBADRVs     	:	1
    Number of IR400DRVs     	:	0
    Number of IR500DRVs     	:	0
    Number of BARCODEDRVs     	:	0
    Number of IRIPs     	:	0
    Number of LFOSCs     	:	0
    Number of HFOSCs     	:	0


Phase 1
I2077: Start design legalization

Design Legalization Statistics
    Number of feedthru LUTs inserted to legalize input of DFFs     	:	0
    Number of feedthru LUTs inserted for LUTs driving multiple DFFs	:	0
    Number of LUTs replicated for LUTs driving multiple DFFs       	:	0
    Number of feedthru LUTs inserted to legalize output of CARRYs  	:	0
    Number of feedthru LUTs inserted to legalize global signals    	:	1
    Number of feedthru CARRYs inserted to legalize input of CARRYs 	:	0
    Number of inserted LUTs to Legalize IOs with PIN_TYPE= 01xxxx  	:	0
    Number of inserted LUTs to Legalize IOs with PIN_TYPE= 10xxxx  	:	0
    Number of inserted LUTs to Legalize IOs with PIN_TYPE= 11xxxx  	:	0
    Total LUTs inserted                                            	:	1
    Total CARRYs inserted                                          	:	0


I2078: Design legalization is completed successfully
I2088: Phase 1, elapsed time : 0.0 (sec)


Phase 2
I2088: Phase 2, elapsed time : 0.0 (sec)

Phase 3
Info-1404: Inferred PLL generated clock at u_pll/PLLOUTCORE
Info-1404: Inferred PLL generated clock at u_pll/PLLOUTGLOBAL
Warning-1034: Found non-unate timing arc, from pin "in3" to pin "lcout" of instance "GB_BUFFER_clk_12mhz_bufg_THRU_LUT4_0_LC_37", in the clock network. Converting the timing arc to positive-unate

Design Statistics after Packing
    Number of LUTs      	:	39
    Number of DFFs      	:	28
    Number of DFFs packed to IO	:	0
    Number of Carrys    	:	26

Device Utilization Summary after Packing
    Sequential LogicCells
        LUT and DFF      	:	2
        LUT, DFF and CARRY	:	26
    Combinational LogicCells
        Only LUT         	:	11
        CARRY Only       	:	0
        LUT with CARRY   	:	0
    LogicCells                  :	39/1248
    PLBs                        :	7/156
    BRAMs                       :	0/14
    IOs and GBIOs               :	1/21
    PLLs                        :	1/1
    I2CFIFOs                    :	0/2
    SBIOODs                     :	0/5
    RGBADRVs                    :	1/1
    IR400DRVs                   :	0/1
    IR500DRVs                   :	0/1
    BARCODEDRVs                 :	0/1
    IRIPs                       :	0/1
    LEDDAIPs                    :	0/1
    LFOSCs                      :	0/1
    HFOSCs                      :	0/1


I2088: Phase 3, elapsed time : 0.2 (sec)

Phase 4
W2805: Property RGB0_CURRENT for SB_RGB_DRV instance led_driver has value zero. So location (2,15,0) can be used to place SB_IO_OD
W2805: Property RGB1_CURRENT for SB_RGB_DRV instance led_driver has value zero. So location (2,15,1) can be used to place SB_IO_OD
I2088: Phase 4, elapsed time : 0.0 (sec)

Phase 5
I2088: Phase 5, elapsed time : 0.0 (sec)

Phase 6
I2088: Phase 6, elapsed time : 1.6 (sec)

Final Design Statistics
    Number of LUTs      	:	39
    Number of DFFs      	:	28
    Number of DFFs packed to IO	:	0
    Number of Carrys    	:	26
    Number of RAMs      	:	0
    Number of ROMs      	:	0
    Number of IOs       	:	1
    Number of GBIOs     	:	0
    Number of GBs       	:	3
    Number of WarmBoot  	:	0
    Number of PLLs      	:	1
    Number of I2CFIFOs      	:	0
    Number of SBIOODs     	:	0
    Number of LEDDAIPs     	:	0
    Number of RGBADRVs     	:	1
    Number of IR400DRVs     	:	0
    Number of IR500DRVs     	:	0
    Number of BARCODEDRVs     	:	0
    Number of IRIPs     	:	0
    Number of LFOSCs     	:	0
    Number of HFOSCs     	:	0

Device Utilization Summary
    LogicCells                  :	39/1248
    PLBs                        :	10/156
    BRAMs                       :	0/14
    IOs and GBIOs               :	1/21
    PLLs                        :	1/1
    I2CFIFOs                    :	0/2
    SBIOODs                     :	0/5
    RGBADRVs                    :	1/1
    IR400DRVs                   :	0/1
    IR500DRVs                   :	0/1
    BARCODEDRVs                 :	0/1
    IRIPs                       :	0/1
    LEDDAIPs                    :	0/1
    LFOSCs                      :	0/1
    HFOSCs                      :	0/1



#####################################################################
Placement Timing Summary

The timing summary is based on estimated routing delays after
placement. For final timing report, please carry out the timing
analysis after routing.
=====================================================================

#####################################################################
                     Clock Summary 
=====================================================================
Number of clocks: 3
Clock: Top|clk_12mhz | Frequency: N/A | Target: 123.61 MHz
Clock: u_pll/PLLOUTCORE | Frequency: 85.35 MHz | Target: 1545.12 MHz
Clock: u_pll/PLLOUTGLOBAL | Frequency: N/A | Target: 1545.12 MHz

=====================================================================
                     End of Clock Summary
#####################################################################

I2054: Placement of design completed successfully

I2076: Placer run-time: 2.1 sec.

