---------------------------------------
Resource Usage Report for Top 

Mapping to part: ice40ul1kcm36a
Cell usage:
GND             2 uses
SB_CARRY        63 uses
SB_DFF          4 uses
SB_DFFE         27 uses
SB_DFFER        49 uses
SB_DFFR         52 uses
SB_DFFS         7 uses
SB_DFFSR        1 use
SB_GB           4 uses
SB_PLL40_CORE   1 use
SB_RGBA_DRV     1 use
VCC             2 uses
SB_LUT4         257 uses

I/O ports: 6
I/O primitives: 5
SB_IO          5 uses

I/O Register bits:                  0
Register bits not including I/Os:   140 (12%)

@S |Mapping Summary:
Total  LUTs: 257 (22%)

Distribution of All Consumed LUTs = LUT4 
Distribution of All Consumed Luts 257 = 257 

