Vivado Simulator v2024.1
Copyright 1986-2022 Xilinx, Inc. All Rights Reserved.
Copyright 2022-2024 Advanced Micro Devices, Inc. All Rights Reserved.
Running: C:/Xilinx/Vivado/2024.1/bin/unwrapped/win64.o/xelab.exe --incr --debug typical --relax --mt 2 -L xil_defaultlib -L unisims_ver -L unimacro_ver -L secureip --snapshot TestBench_behav xil_defaultlib.TestBench xil_defaultlib.glbl -log elaborate.log 
Using 2 slave threads.
Starting static elaboration
Pass Through NonSizing Optimizer
Completed static elaboration
Starting simulation data flow analysis
WARNING: [XSIM 43-4099] "C:/Users/varsa/Desktop/School/5_semester/BachelorProject/VoxLink/Firmware/Lattice/Projects/VoxLink_Protocol/sources/VoxLink_I2C_Driver.v" Line 1. Module VoxLink_I2C_Driver(I2C_FREQ=5000000) doesn't have a timescale but at least one module in design has a timescale.
WARNING: [XSIM 43-4099] "C:/Users/varsa/Desktop/School/5_semester/BachelorProject/VoxLink/Firmware/Lattice/Projects/VoxLink_Protocol/sources/VoxLink_BNO_Driver.v" Line 1. Module VoxLink_BNO_Driver_default doesn't have a timescale but at least one module in design has a timescale.
WARNING: [XSIM 43-4099] "C:/Users/varsa/Desktop/School/5_semester/BachelorProject/VoxLink/Firmware/Lattice/Projects/VoxLink_Protocol/sources/VoxLink_I2C_Driver.v" Line 1. Module VoxLink_I2C_Driver(I2C_FREQ=5000000) doesn't have a timescale but at least one module in design has a timescale.
WARNING: [XSIM 43-4099] "C:/Users/varsa/Desktop/School/5_semester/BachelorProject/VoxLink/Firmware/Lattice/Projects/VoxLink_Protocol/sources/VoxLink_BNO_Driver.v" Line 1. Module VoxLink_BNO_Driver_default doesn't have a timescale but at least one module in design has a timescale.
Completed simulation data flow analysis
Time Resolution for simulation is 1ps
Compiling module xil_defaultlib.VoxLink_I2C_Driver(I2C_FREQ=5000...
Compiling module xil_defaultlib.VoxLink_BNO_Driver_default
Compiling module xil_defaultlib.TestBench
Compiling module xil_defaultlib.glbl
Built simulation snapshot TestBench_behav
