Running in Lattice mode


Starting:    C:\lscc\iCEcube2.2020.12\synpbase\bin64\mbin\synbatch.exe
Install:     C:\lscc\iCEcube2.2020.12\synpbase
Hostname:    LAPTOP-GK6ER3TV
Date:        Thu Apr 23 17:54:49 2026
Version:     L-2016.09L+ice40

Arguments:   -product synplify_pro -batch Core_Module_BringUp_syn.prj
ProductType: synplify_pro





log file: "C:\Users\varsa\Desktop\School\5_semester\BachelorProject\VoxLink\Firmware\Lattice\Projects\Core_Module_BringUp\Core_Module_BringUp_Implmnt\Core_Module_BringUp.srr"
Running: Core_Module_BringUp_Implmnt in foreground

Running Core_Module_BringUp_syn|Core_Module_BringUp_Implmnt

Running: compile (Compile) on Core_Module_BringUp_syn|Core_Module_BringUp_Implmnt
# Thu Apr 23 17:54:49 2026

Running: compile_flow (Compile Process) on Core_Module_BringUp_syn|Core_Module_BringUp_Implmnt
# Thu Apr 23 17:54:49 2026

Running: compiler (Compile Input) on Core_Module_BringUp_syn|Core_Module_BringUp_Implmnt
# Thu Apr 23 17:54:49 2026
Copied C:\Users\varsa\Desktop\School\5_semester\BachelorProject\VoxLink\Firmware\Lattice\Projects\Core_Module_BringUp\Core_Module_BringUp_Implmnt\synwork\Core_Module_BringUp_comp.srs to C:\Users\varsa\Desktop\School\5_semester\BachelorProject\VoxLink\Firmware\Lattice\Projects\Core_Module_BringUp\Core_Module_BringUp_Implmnt\Core_Module_BringUp.srs

compiler completed
# Thu Apr 23 17:54:50 2026

Return Code: 0
Run Time:00h:00m:01s

Running: multi_srs_gen (Multi-srs Generator) on Core_Module_BringUp_syn|Core_Module_BringUp_Implmnt
# Thu Apr 23 17:54:50 2026

multi_srs_gen completed
# Thu Apr 23 17:54:50 2026

Return Code: 0
Run Time:00h:00m:00s
Copied C:\Users\varsa\Desktop\School\5_semester\BachelorProject\VoxLink\Firmware\Lattice\Projects\Core_Module_BringUp\Core_Module_BringUp_Implmnt\synwork\Core_Module_BringUp_mult.srs to C:\Users\varsa\Desktop\School\5_semester\BachelorProject\VoxLink\Firmware\Lattice\Projects\Core_Module_BringUp\Core_Module_BringUp_Implmnt\Core_Module_BringUp.srs
Complete: Compile Process on Core_Module_BringUp_syn|Core_Module_BringUp_Implmnt

Running: premap (Pre-mapping) on Core_Module_BringUp_syn|Core_Module_BringUp_Implmnt
# Thu Apr 23 17:54:50 2026

premap completed
# Thu Apr 23 17:54:51 2026

Return Code: 0
Run Time:00h:00m:01s
Complete: Compile on Core_Module_BringUp_syn|Core_Module_BringUp_Implmnt

Running: map (Map) on Core_Module_BringUp_syn|Core_Module_BringUp_Implmnt
# Thu Apr 23 17:54:51 2026
License granted for 4 parallel jobs

Running: fpga_mapper (Map & Optimize) on Core_Module_BringUp_syn|Core_Module_BringUp_Implmnt
# Thu Apr 23 17:54:51 2026
Copied C:\Users\varsa\Desktop\School\5_semester\BachelorProject\VoxLink\Firmware\Lattice\Projects\Core_Module_BringUp\Core_Module_BringUp_Implmnt\synwork\Core_Module_BringUp_m.srm to C:\Users\varsa\Desktop\School\5_semester\BachelorProject\VoxLink\Firmware\Lattice\Projects\Core_Module_BringUp\Core_Module_BringUp_Implmnt\Core_Module_BringUp.srm

fpga_mapper completed with warnings
# Thu Apr 23 17:54:51 2026

Return Code: 1
Run Time:00h:00m:00s
Complete: Map on Core_Module_BringUp_syn|Core_Module_BringUp_Implmnt
Complete: Logic Synthesis on Core_Module_BringUp_syn|Core_Module_BringUp_Implmnt

exit status=0

exit status=0

