* ******************************************************************************

* iCEcube Report

* Version:            2020.12.27943

* Build Date:         Dec  9 2020 17:31:51

* File Generated:     May 2 2026 18:22:09

* Purpose:            General info of design implementation

* Copyright (C) 2006-2010 by Lattice Semiconductor Corp. All rights reserved.

* ******************************************************************************

Synthesis/Placement Summary:
----------------------------
    Status:  Successful
    Runtime: 0 seconds

Device Info:
------------
    Device Family: iCE40
    Device:        iCE40UL1K
    Package:       CM36A

Design statistics:
------------------
    FFs:                  140
    LUTs:                 266
    RAMs:                 0
    IOBs:                 5
    GBs:                  4
    PLLs:                 1
    Warm Boots:           0
    I2C_FIFOs:            0
    HFOSCs:               0
    LFOSCs:               0
    RGBA_DRVs:            1
    IR400_DRVs:           0
    IR500_DRVs:           0
    BARCODE_DRVs:         0
    LEDDA_IPs:            0
    IR_IPs:               0

Logic Resource Utilization:
---------------------------
    Total Logic Cells: 268/1248
        Combinational Logic Cells: 128      out of   1248      10.2564%
        Sequential Logic Cells:    140      out of   1248      11.2179%
        Logic Tiles:               53       out of   156       33.9744%
    Registers: 
        Logic Registers:           140      out of   1248      11.2179%
        IO Registers:              0        out of   240       0
    Block RAMs:                    0        out of   14        0%
    Warm Boots:                    0        out of   1         0%
    I2C_FIFOs:                     0        out of   2         0%
    HFOSCs:                        0        out of   1         0%
    LFOSCs:                        0        out of   1         0%
    RGBA_DRVs:                     1        out of   1         100%
    IR400_DRVs:                    0        out of   1         0%
    IR500_DRVs:                    0        out of   1         0%
    BARCODE_DRVs:                  0        out of   1         0%
    LEDDA_IPs:                     0        out of   1         0%
    IR_IPs:                        0        out of   1         0%
    Pins:
        Input Pins:                3        out of   26        11.5385%
        Output Pins:               2        out of   26        7.69231%
        InOut Pins:                0        out of   26        0%
    Global Buffers:                4        out of   8         50%
    PLLs:                          1        out of   1         100%

IO Bank Utilization:
--------------------
    Bank 3: 0        out of   0         0%
    Bank 1: 0        out of   0         0%
    Bank 0: 3        out of   12        25%
    Bank 2: 2        out of   14        14.2857%

Detailed I/O Info:
------------------
    Input Pins: 
    Pin Number  Direction  IO Standard  Pull Up  IO Bank  IO Function    Signal Name    
    ----------  ---------  -----------  -------  -------  -----------    -----------    
    A4          Input      SB_LVCMOS    No       0        Simple Input   vox_in_rxd_p   
    B6          Input      SB_LVCMOS    No       0        Simple Input   vox_in_clk_p   
    D2          Input      SB_LVCMOS    No       2        Simple Input   clk_12mhz      

    Output Pins: 
    Pin Number  Direction  IO Standard  Pull Up  IO Bank  IO Function    Signal Name    
    ----------  ---------  -----------  -------  -------  -----------    -----------    
    C6          Output     SB_LVCMOS    No       0        Simple Output  vox_out_clk_p  
    F3          Output     SB_LVCMOS    No       2        Simple Output  vox_out_rxd_p  

Detailed Global Buffer Info:
----------------------------
    Buffer Number  IO Bank  Driven By  Fanout  Signal Name     
    -------------  -------  ---------  ------  -----------     
    6              2                   140     sys_clk         
    4              0                   109     locked_i_g      
    3              0                   1       clk_12mhz_bufg  
    5              2                   28      locked_g        
