* ******************************************************************************

* iCEcube Packer

* Version:            2020.12.27943

* Build Date:         Dec  9 2020 17:31:51

* File Generated:     May 6 2026 20:05:47

* Purpose:            General info of design implementation

* Copyright (C) 2006-2010 by Lattice Semiconductor Corp. All rights reserved.

* ******************************************************************************

Command Line: C:\lscc\iCEcube2.2020.12\sbt_backend\bin\win32\opt\packer.exe  C:\lscc\iCEcube2.2020.12\sbt_backend\devices\ICE40T01.dev  C:/BachelorProject/VoxLink/Firmware/Lattice/Projects/VoxLink_Protocol/VoxLink_Protocol_Implmnt\sbt\netlist\oadb-Top  --package  CM36A  --outdir  C:/BachelorProject/VoxLink/Firmware/Lattice/Projects/VoxLink_Protocol/VoxLink_Protocol_Implmnt\sbt\outputs\packer  --translator  C:\lscc\iCEcube2.2020.12\sbt_backend\bin\sdc_translator.tcl  --src_sdc_file  C:/BachelorProject/VoxLink/Firmware/Lattice/Projects/VoxLink_Protocol/VoxLink_Protocol_Implmnt\sbt\outputs\placer\Top_pl.sdc  --dst_sdc_file  C:/BachelorProject/VoxLink/Firmware/Lattice/Projects/VoxLink_Protocol/VoxLink_Protocol_Implmnt\sbt\outputs\packer\Top_pk.sdc  --devicename  iCE40UL1K  

***** Device Info *****
Chip: iCE40UL1K
Package: CM36A
Size: 12 X 14

***** Design Utilization Info *****
Design: Top
Used Logic Cell: 1131/1248
Used Logic Tile: 154/156
Used IO Cell:    11/48
Used Bram Cell For iCE40: 0/14
Used PLL For iCE40: 0/1
Ram Cascading Used: 0
Lut Cascading Used: 1

***** Clock Info *****
Clock Domain: sys_clk
Clock Source: sys_clkout 
Clock Driver: clk_pll (ICE_GB)
Driver Position: (10, 0, 1)
Fanout to FF: 839
Fanout to Tile: 145


***** Placement Info *****
Logic cell utilization per tile
    . . . . + . . . . 1 . . . . 
   ----------------------------
15|                             
14|   8 8 0 8 8 8 8 8 8 0 0 0   
13|   8 8 0 8 8 8 8 8 8 0 8 8   
12|   8 8 0 8 8 8 8 8 8 0 8 8   
11| 2 8 8 0 8 8 8 8 8 8 0 8 8 6 
10| 5 8 2 0 4 8 7 8 8 8 0 8 8 8 
 9| 8 8 8 0 8 8 8 8 8 8 0 8 8 7 
 8| 8 8 8 0 8 8 8 8 8 8 0 8 8 8 
 7| 3 8 8 0 6 8 8 8 7 8 0 8 8 7 
 6| 8 8 8 0 7 8 7 8 8 8 0 7 8 1 
 5| 8 8 8 0 7 1 7 8 8 8 0 8 8 8 
 4| 8 8 6 0 8 8 8 8 5 5 0 3 8 8 
 3|   5 8 0 8 8 8 8 8 6 0 8 2   
 2|   6 8 0 8 5 8 8 8 5 0 7 8   
 1|   1 8 0 6 8 8 8 8 8 0 7 1   
 0|                             

Maximum number of Logic cells per logic tile: 8
Average number of Logic cells per logic tile: 7.34

***** Input Pin Density Info *****
Number of input nets per logic tile
     .  .  .  .  +  .  .  .  .  1  .  .  .  . 
   ------------------------------------------
15|                                           
14|    19 19  0 19 18 18 18  8  8  0  0  0    
13|     8  8  0  8 19  8  8 17 17  0  8  8    
12|    19  8  0 20 19  8 18 17  8  0  8  8    
11|  3 11 15  0 18 20 14  8 17  8  0 17  8  6 
10| 14 17  3  0  5 17  7  8 18  8  0 17  8  8 
 9| 11 12 16  0 16 10  8 17 18  8  0 17  8  7 
 8|  9 11 16  0 10 18 10 10 17 17  0  8  8  8 
 7|  3 10  9  0 10 16 16  8  7 17  0  8  8  7 
 6|  4 12 17  0  7 16 22 16  8 16  0 13 12  2 
 5| 18 18 17  0  9  2 20 16 11 16  0 13 13  8 
 4|  4 20 13  0 18 16 21 16  8 10  0  7 22  8 
 3|     5 18  0 18 16 17 15  9  9  0  9  5    
 2|     6  8  0  9  8 13 14 22 13  0 17 17    
 1|     1  5  0  6 17 13 14 14 17  0 11  1    
 0|                                           

Maximum number of input nets per logic tile: 22
Average number of input nets per logic tile: 12.14

Number of input pins per logic tile
     .  .  .  .  +  .  .  .  .  1  .  .  .  . 
   ------------------------------------------
15|                                           
14|    32 32  0 32 32 32 32  8  8  0  0  0    
13|     8  8  0  8 32  8  8 24 24  0  8  8    
12|    31  8  0 30 32  8 32 24  8  0  8  8    
11|  4 22 30  0 32 32 32  8 24  8  0 24  8  6 
10| 17 27  3  0  7 23  7  8 32  8  0 24  8  8 
 9| 22 22 16  0 23 29  8 24 32  8  0 24  8  7 
 8| 27 20 26  0 23 28 24 18 24 24  0  8  8  8 
 7|  3 29 15  0 11 28 29  8  7 24  0  8  8  7 
 6| 32 29 24  0  7 19 26 16  8 22  0 24 20  2 
 5| 32 27 24  0  9  2 23 17 11 22  0 29 30  8 
 4| 32 28 13  0 29 16 24 17  8 13  0  7 29  8 
 3|     5 18  0 30 16 22 25 15 20  0 15  6    
 2|     6  8  0 16 12 30 28 30 16  0 26 24    
 1|     1  7  0  6 23 31 28 27 21  0 22  1    
 0|                                           

Maximum number of input pins per logic tile: 32
Average number of input pins per logic tile: 18.15

***** Run Time Info *****
Run Time:  1
