# Synopsys Constraint Checker, version maplat, Build 1612R, built Dec  5 2016
# Copyright (C) 1994-2016 Synopsys, Inc. All rights reserved. This Synopsys software and all associated documentation are proprietary to Synopsys, Inc. and may only be used pursuant to the terms and conditions of a written license agreement with Synopsys, Inc. All other use, reproduction, modification, or distribution of the Synopsys software or the associated documentation is strictly prohibited.

# Written on Fri Dec 26 19:43:33 2025


##### DESIGN INFO #######################################################

Top View:                "Top"
Constraint File(s):      (none)




##### SUMMARY ############################################################

Found 0 issues in 0 out of 0 constraints


##### DETAILS ############################################################



Clock Relationships
*******************

Starting     Ending     |     rise to rise     |     fall to fall     |     rise to fall     |     fall to rise                     
-----------------------------------------------------------------------------------------------------------------------------------
System       System     |     3.763            |     No paths         |     No paths         |     No paths                         
===================================================================================================================================
 Note: 'No paths' indicates there are no paths in the design for that pair of clock edges.
       'Diff grp' indicates that paths exist but the starting clock and ending clock are in different clock groups.


Unconstrained Start/End Points
******************************

p:bno_rst_n
p:bno_scl
p:bno_sda (bidir end point)
p:bno_sda (bidir start point)
p:clk
p:flash_cs_n
p:flash_miso
p:flash_mosi
p:flash_sck
p:led_io
p:led_rx
p:led_tx
p:vox_clk_n
p:vox_clk_p
p:vox_rx_n
p:vox_rx_p
p:vox_tx_n
p:vox_tx_p


Inapplicable constraints
************************

(none)


Applicable constraints with issues
**********************************

(none)


Constraints with matching wildcard expressions
**********************************************

(none)


Library Report
**************


# End of Constraint Checker Report
