Copyright 1986-2022 Xilinx, Inc. All Rights Reserved. Copyright 2022-2024 Advanced Micro Devices, Inc. All Rights Reserved.
---------------------------------------------------------------------------------------------------------------------------------------------
| Tool Version : Vivado v.2024.1 (win64) Build 5076996 Wed May 22 18:37:14 MDT 2024
| Date         : Tue Apr 28 16:36:18 2026
| Host         : LAPTOP-GK6ER3TV running 64-bit major release  (build 9200)
| Command      : report_control_sets -verbose -file Top_control_sets_placed.rpt
| Design       : Top
| Device       : xc7a35t
---------------------------------------------------------------------------------------------------------------------------------------------

Control Set Information

Table of Contents
-----------------
1. Summary
2. Histogram
3. Flip-Flop Distribution
4. Detailed Control Set Information

1. Summary
----------

+----------------------------------------------------------+-------+
|                          Status                          | Count |
+----------------------------------------------------------+-------+
| Total control sets                                       |    18 |
|    Minimum number of control sets                        |    18 |
|    Addition due to synthesis replication                 |     0 |
|    Addition due to physical synthesis replication        |     0 |
| Unused register locations in slices containing registers |    33 |
+----------------------------------------------------------+-------+
* Control sets can be merged at opt_design using control_set_merge or merge_equivalent_drivers
** Run report_qor_suggestions for automated merging and remapping suggestions


2. Histogram
------------

+--------------------+-------+
|       Fanout       | Count |
+--------------------+-------+
| Total control sets |    18 |
| >= 0 to < 4        |     1 |
| >= 4 to < 6        |     0 |
| >= 6 to < 8        |     2 |
| >= 8 to < 10       |     3 |
| >= 10 to < 12      |     0 |
| >= 12 to < 14      |     0 |
| >= 14 to < 16      |     0 |
| >= 16              |    12 |
+--------------------+-------+
* Control sets can be remapped at either synth_design or opt_design


3. Flip-Flop Distribution
-------------------------

+--------------+-----------------------+------------------------+-----------------+--------------+
| Clock Enable | Synchronous Set/Reset | Asynchronous Set/Reset | Total Registers | Total Slices |
+--------------+-----------------------+------------------------+-----------------+--------------+
| No           | No                    | No                     |              26 |           11 |
| No           | No                    | Yes                    |             156 |           48 |
| No           | Yes                   | No                     |              88 |           32 |
| Yes          | No                    | No                     |               0 |            0 |
| Yes          | No                    | Yes                    |             112 |           19 |
| Yes          | Yes                   | No                     |             633 |          118 |
+--------------+-----------------------+------------------------+-----------------+--------------+


4. Detailed Control Set Information
-----------------------------------

+--------------+--------------------------------------------------------------------------------------------------------------------------+--------------------------------------------+------------------+----------------+--------------+
| Clock Signal |                                                       Enable Signal                                                      |              Set/Reset Signal              | Slice Load Count | Bel Load Count | Bels / Slice |
+--------------+--------------------------------------------------------------------------------------------------------------------------+--------------------------------------------+------------------+----------------+--------------+
|  sys_clk     |                                                                                                                          | MV_UART_Inst/uart_txd_i_1_n_0              |                1 |              1 |         1.00 |
|  sys_clk     | MV_UART_Inst/rx_bit_counter[7]_i_1_n_0                                                                                   | sys_rst                                    |                3 |              7 |         2.33 |
|  sys_clk     | MV_UART_Inst/tx_bit_counter[7]_i_1_n_0                                                                                   | sys_rst                                    |                2 |              7 |         3.50 |
|  sys_clk     | MV_UART_Inst/received_good_reg_n_0                                                                                       | sys_rst                                    |                1 |              8 |         8.00 |
|  sys_clk     | MV_UART_Inst/received_message_r0                                                                                         | MV_UART_Inst/received_message_r[7]_i_1_n_0 |                1 |              8 |         8.00 |
|  sys_clk     | MV_UART_Inst/transmit_message_r[9]_i_1_n_0                                                                               | sys_rst                                    |                4 |              9 |         2.25 |
|  sys_clk     | MV_UART_FIFO_Interface_inst/UART_FIFO/U0/inst_fifo_gen/gconvfifo.rf/grf.rf/gntv_or_sync_fifo.gl0.rd/grss.rsts/E[0]       | sys_rst                                    |                7 |             22 |         3.14 |
|  sys_clk     | MV_UART_FIFO_Interface_inst/UART_FIFO/U0/inst_fifo_gen/gconvfifo.rf/grf.rf/gntv_or_sync_fifo.gl0.wr/gwss.wsts/wr_en_0[0] | sys_rst                                    |                8 |             22 |         2.75 |
|  sys_clk     | VoxLink_CRC16_Koopman_inst/p_0_in                                                                                        | VoxLink_CRC16_Koopman_inst/data_counter_r  |                7 |             24 |         3.43 |
|  sys_clk     |                                                                                                                          |                                            |               11 |             26 |         2.36 |
|  sys_clk     | mailbox                                                                                                                  | sys_rst                                    |                4 |             32 |         8.00 |
|  sys_clk     | MV_UART_Inst/uart_rxd_received                                                                                           | sys_rst                                    |                9 |             40 |         4.44 |
|  sys_clk     | VoxLink_CRC16_Koopman_inst/p_1_in[111]                                                                                   | sys_rst                                    |               18 |            111 |         6.17 |
|  sys_clk     | crc_verified_data_valid_r                                                                                                | sys_rst                                    |               19 |            112 |         5.89 |
|  sys_clk     | crc_verified_data_r[111]_i_1_n_0                                                                                         | sys_rst                                    |               17 |            112 |         6.59 |
|  sys_clk     | Vox_Receiver_Inst/sensor_packet[79]_i_1_n_0                                                                              | sys_rst                                    |               17 |            112 |         6.59 |
|  sys_clk     | Vox_Receiver_Inst/vox_clk_rising_edge                                                                                    | sys_rst                                    |               20 |            119 |         5.95 |
|  sys_clk     |                                                                                                                          | sys_rst                                    |               79 |            243 |         3.08 |
+--------------+--------------------------------------------------------------------------------------------------------------------------+--------------------------------------------+------------------+----------------+--------------+


