Running in Lattice mode


Starting:    C:\lscc\iCEcube2.2020.12\synpbase\bin64\mbin\synbatch.exe
Install:     C:\lscc\iCEcube2.2020.12\synpbase
Hostname:    LAPTOP-GK6ER3TV
Date:        Thu Jan 15 13:18:34 2026
Version:     L-2016.09L+ice40

Arguments:   -product synplify_pro -batch VoxLink_Protocol_syn.prj
ProductType: synplify_pro





log file: "C:\Users\varsa\Desktop\School\5_semester\BachelorProject\VoxLink\Firmware\Lattice\VoxLink_Protocol\VoxLink_Protocol_Implmnt\VoxLink_Protocol.srr"
Running: VoxLink_Protocol_Implmnt in foreground

Running VoxLink_Protocol_syn|VoxLink_Protocol_Implmnt

Running: compile (Compile) on VoxLink_Protocol_syn|VoxLink_Protocol_Implmnt
# Thu Jan 15 13:18:34 2026

Running: compile_flow (Compile Process) on VoxLink_Protocol_syn|VoxLink_Protocol_Implmnt
# Thu Jan 15 13:18:34 2026

Running: compiler (Compile Input) on VoxLink_Protocol_syn|VoxLink_Protocol_Implmnt
# Thu Jan 15 13:18:34 2026
Copied C:\Users\varsa\Desktop\School\5_semester\BachelorProject\VoxLink\Firmware\Lattice\VoxLink_Protocol\VoxLink_Protocol_Implmnt\synwork\VoxLink_Protocol_comp.srs to C:\Users\varsa\Desktop\School\5_semester\BachelorProject\VoxLink\Firmware\Lattice\VoxLink_Protocol\VoxLink_Protocol_Implmnt\VoxLink_Protocol.srs

compiler completed
# Thu Jan 15 13:18:35 2026

Return Code: 0
Run Time:00h:00m:01s

Running: multi_srs_gen (Multi-srs Generator) on VoxLink_Protocol_syn|VoxLink_Protocol_Implmnt
# Thu Jan 15 13:18:35 2026

multi_srs_gen completed
# Thu Jan 15 13:18:35 2026

Return Code: 0
Run Time:00h:00m:00s
Copied C:\Users\varsa\Desktop\School\5_semester\BachelorProject\VoxLink\Firmware\Lattice\VoxLink_Protocol\VoxLink_Protocol_Implmnt\synwork\VoxLink_Protocol_mult.srs to C:\Users\varsa\Desktop\School\5_semester\BachelorProject\VoxLink\Firmware\Lattice\VoxLink_Protocol\VoxLink_Protocol_Implmnt\VoxLink_Protocol.srs
Complete: Compile Process on VoxLink_Protocol_syn|VoxLink_Protocol_Implmnt

Running: premap (Pre-mapping) on VoxLink_Protocol_syn|VoxLink_Protocol_Implmnt
# Thu Jan 15 13:18:35 2026

premap completed
# Thu Jan 15 13:18:36 2026

Return Code: 0
Run Time:00h:00m:01s
Complete: Compile on VoxLink_Protocol_syn|VoxLink_Protocol_Implmnt

Running: map (Map) on VoxLink_Protocol_syn|VoxLink_Protocol_Implmnt
# Thu Jan 15 13:18:36 2026
License granted for 4 parallel jobs

Running: fpga_mapper (Map & Optimize) on VoxLink_Protocol_syn|VoxLink_Protocol_Implmnt
# Thu Jan 15 13:18:36 2026
Copied C:\Users\varsa\Desktop\School\5_semester\BachelorProject\VoxLink\Firmware\Lattice\VoxLink_Protocol\VoxLink_Protocol_Implmnt\synwork\VoxLink_Protocol_m.srm to C:\Users\varsa\Desktop\School\5_semester\BachelorProject\VoxLink\Firmware\Lattice\VoxLink_Protocol\VoxLink_Protocol_Implmnt\VoxLink_Protocol.srm

fpga_mapper completed with warnings
# Thu Jan 15 13:18:37 2026

Return Code: 1
Run Time:00h:00m:01s
Complete: Map on VoxLink_Protocol_syn|VoxLink_Protocol_Implmnt
Complete: Logic Synthesis on VoxLink_Protocol_syn|VoxLink_Protocol_Implmnt

exit status=0

exit status=0

