* ******************************************************************************

* iCEcube Report

* Version:            2020.12.27943

* Build Date:         Dec  9 2020 17:31:51

* File Generated:     Dec 20 2025 16:26:39

* Purpose:            General info of design implementation

* Copyright (C) 2006-2010 by Lattice Semiconductor Corp. All rights reserved.

* ******************************************************************************

Synthesis/Placement Summary:
----------------------------
    Status:  Successful
    Runtime: 0 seconds

Device Info:
------------
    Device Family: iCE40
    Device:        iCE40LP8K
    Package:       CM81

Design statistics:
------------------
    FFs:                  0
    LUTs:                 0
    RAMs:                 0
    IOBs:                 0
    GBs:                  0
    PLLs:                 0
    Warm Boots:           0

Logic Resource Utilization:
---------------------------
    Total Logic Cells: 0/7680
        Combinational Logic Cells: 0        out of   7680      0%
        Sequential Logic Cells:    0        out of   7680      0%
        Logic Tiles:               0        out of   960       0%
    Registers: 
        Logic Registers:           0        out of   7680      0%
        IO Registers:              0        out of   1280      0
    Block RAMs:                    0        out of   32        0%
    Warm Boots:                    0        out of   1         0%
    Pins:
        Input Pins:                0        out of   63        0%
        Output Pins:               0        out of   63        0%
        InOut Pins:                0        out of   63        0%
    Global Buffers:                0        out of   8         0%
    PLLs:                          0        out of   1         0%

IO Bank Utilization:
--------------------
    Bank 3: 0        out of   18        0%
    Bank 1: 0        out of   15        0%
    Bank 0: 0        out of   17        0%
    Bank 2: 0        out of   13        0%

Detailed I/O Info:
------------------


Router Summary:
---------------
    Status:  Successful
    Runtime: 5 seconds

Routing Resource Utilization:
-----------------------------
      Vertical Inter-LUT Connect        0 out of   6720      0%

