* ******************************************************************************

* iCEcube Report

* Version:            2020.12.27943

* Build Date:         Dec  9 2020 17:31:51

* File Generated:     May 6 2026 20:05:47

* Purpose:            General info of design implementation

* Copyright (C) 2006-2010 by Lattice Semiconductor Corp. All rights reserved.

* ******************************************************************************

Synthesis/Placement Summary:
----------------------------
    Status:  Successful
    Runtime: 1 seconds

Device Info:
------------
    Device Family: iCE40
    Device:        iCE40UL1K
    Package:       CM36A

Design statistics:
------------------
    FFs:                  839
    LUTs:                 1101
    RAMs:                 0
    IOBs:                 11
    GBs:                  6
    PLLs:                 1
    Warm Boots:           0
    I2C_FIFOs:            0
    HFOSCs:               0
    LFOSCs:               0
    RGBA_DRVs:            1
    IR400_DRVs:           0
    IR500_DRVs:           0
    BARCODE_DRVs:         0
    LEDDA_IPs:            0
    IR_IPs:               0

Logic Resource Utilization:
---------------------------
    Total Logic Cells: 1131/1248
        Combinational Logic Cells: 292      out of   1248      23.3974%
        Sequential Logic Cells:    839      out of   1248      67.2276%
        Logic Tiles:               154      out of   156       98.7179%
    Registers: 
        Logic Registers:           839      out of   1248      67.2276%
        IO Registers:              0        out of   240       0
    Block RAMs:                    0        out of   14        0%
    Warm Boots:                    0        out of   1         0%
    I2C_FIFOs:                     0        out of   2         0%
    HFOSCs:                        0        out of   1         0%
    LFOSCs:                        0        out of   1         0%
    RGBA_DRVs:                     1        out of   1         100%
    IR400_DRVs:                    0        out of   1         0%
    IR500_DRVs:                    0        out of   1         0%
    BARCODE_DRVs:                  0        out of   1         0%
    LEDDA_IPs:                     0        out of   1         0%
    IR_IPs:                        0        out of   1         0%
    Pins:
        Input Pins:                4        out of   26        15.3846%
        Output Pins:               5        out of   26        19.2308%
        InOut Pins:                2        out of   26        7.69231%
    Global Buffers:                6        out of   8         75%
    PLLs:                          1        out of   1         100%

IO Bank Utilization:
--------------------
    Bank 3: 0        out of   0         0%
    Bank 1: 0        out of   0         0%
    Bank 0: 4        out of   12        33.3333%
    Bank 2: 7        out of   14        50%

Detailed I/O Info:
------------------
    Input Pins: 
    Pin Number  Direction  IO Standard  Pull Up  IO Bank  IO Function                                Signal Name    
    ----------  ---------  -----------  -------  -------  -----------                                -----------    
    A4          Input      SB_LVCMOS    No       0        Simple Input                               vox_in_rxd_p   
    B6          Input      SB_LVCMOS    No       0        Simple Input                               vox_in_clk_p   
    D2          Input      SB_LVCMOS    No       2        Simple Input                               clk_12mhz      
    E1          Input      SB_LVCMOS    No       2        Simple Input                               bno_interrupt  

    Output Pins: 
    Pin Number  Direction  IO Standard  Pull Up  IO Bank  IO Function                                Signal Name    
    ----------  ---------  -----------  -------  -------  -----------                                -----------    
    B5          Output     SB_LVCMOS    No       0        Output Tristatable by Enable               bno_rstn       
    C6          Output     SB_LVCMOS    No       0        Simple Output                              vox_out_clk_p  
    D6          Output     SB_LVCMOS    No       2        Simple Output                              vox_out_clk_n  
    F2          Output     SB_LVCMOS    No       2        Simple Output                              vox_out_rxd_n  
    F3          Output     SB_LVCMOS    No       2        Simple Output                              vox_out_rxd_p  

    Inoutput Pins: 
    Pin Number  Direction  IO Standard  Pull Up  IO Bank  IO Function                                Signal Name    
    ----------  ---------  -----------  -------  -------  -----------                                -----------    
    C1          InOut      SB_LVCMOS    No       2        Simple Input Output Tristatable by Enable  i2c_scl        
    D1          InOut      SB_LVCMOS    No       2        Simple Input Output Tristatable by Enable  i2c_sda        

Detailed Global Buffer Info:
----------------------------
    Buffer Number  IO Bank  Driven By  Fanout  Signal Name                                                    
    -------------  -------  ---------  ------  -----------                                                    
    3              0                   112     VoxLink_Multinode_Protocol_Inst.transmit_shift_r_1_sqmuxa_i_g  
    1              0                   97      VoxLink_BNO_Driver_Inst.target_length_0_sqmuxa_0_g             
    7              2                   839     sys_clk                                                        
    5              2                   107     packet_data_latched5_g                                         
    6              2                   1       clk_12mhz_bufg                                                 
    4              0                   771     locked_i_g                                                     


Router Summary:
---------------
    Status:  Successful
    Runtime: 3 seconds

Routing Resource Utilization:
-----------------------------
              Local line of tile     6676 out of  28951      23.0597%
                          Span 4     1138 out of   6784      16.7748%
                         Span 12      138 out of   1456      9.47802%
                  Global network        6 out of      8      75%
      Vertical Inter-LUT Connect       69 out of   1092      6.31868%

